[0.340s] Invoking command in '/home/upsurge/tt_package/src/yolo_ros/yolo_ros': AMENT_PREFIX_PATH=/home/upsurge/tt_package/install/yolo_msgs:${AMENT_PREFIX_PATH} CMAKE_PREFIX_PATH=/home/upsurge/tt_package/install/yolo_msgs LD_LIBRARY_PATH=/home/upsurge/tt_package/install/yolo_msgs/lib:${LD_LIBRARY_PATH} PYTHONPATH=/home/upsurge/tt_package/build/yolo_ros/prefix_override:/usr/lib/python3/dist-packages/colcon_core/task/python/colcon_distutils_commands:/home/upsurge/tt_package/install/yolo_ros/lib/python3.10/site-packages:/home/upsurge/tt_package/install/yolo_msgs/local/lib/python3.10/dist-packages:${PYTHONPATH} /usr/bin/python3 -W ignore:setup.py install is deprecated -W ignore:easy_install command is deprecated setup.py egg_info --egg-base ../../../build/yolo_ros build --build-base /home/upsurge/tt_package/build/yolo_ros/build install --record /home/upsurge/tt_package/build/yolo_ros/install.log --single-version-externally-managed install_data
[0.404s] /home/upsurge/.local/lib/python3.10/site-packages/setuptools/_distutils/dist.py:270: UserWarning: Unknown distribution option: 'tests_require'
[0.404s]   warnings.warn(msg)
[0.445s] running egg_info
[0.452s] writing ../../../build/yolo_ros/yolo_ros.egg-info/PKG-INFO
[0.452s] writing dependency_links to ../../../build/yolo_ros/yolo_ros.egg-info/dependency_links.txt
[0.452s] writing entry points to ../../../build/yolo_ros/yolo_ros.egg-info/entry_points.txt
[0.452s] writing requirements to ../../../build/yolo_ros/yolo_ros.egg-info/requires.txt
[0.452s] writing top-level names to ../../../build/yolo_ros/yolo_ros.egg-info/top_level.txt
[0.466s] reading manifest file '../../../build/yolo_ros/yolo_ros.egg-info/SOURCES.txt'
[0.467s] writing manifest file '../../../build/yolo_ros/yolo_ros.egg-info/SOURCES.txt'
[0.467s] running build
[0.467s] running build_py
[0.467s] copying yolo_ros/tracking_node.py -> /home/upsurge/tt_package/build/yolo_ros/build/lib/yolo_ros
[0.467s] copying yolo_ros/debug_node.py -> /home/upsurge/tt_package/build/yolo_ros/build/lib/yolo_ros
[0.467s] copying yolo_ros/yolo_node.py -> /home/upsurge/tt_package/build/yolo_ros/build/lib/yolo_ros
[0.467s] copying yolo_ros/detect_3d_node.py -> /home/upsurge/tt_package/build/yolo_ros/build/lib/yolo_ros
[0.467s] copying yolo_ros/__init__.py -> /home/upsurge/tt_package/build/yolo_ros/build/lib/yolo_ros
[0.467s] running install
[0.469s] running install_lib
[0.476s] running install_data
[0.476s] copying resource/yolo_ros -> /home/upsurge/tt_package/install/yolo_ros/share/ament_index/resource_index/packages
[0.476s] copying package.xml -> /home/upsurge/tt_package/install/yolo_ros/share/yolo_ros
[0.476s] running install_egg_info
[0.483s] removing '/home/upsurge/tt_package/install/yolo_ros/lib/python3.10/site-packages/yolo_ros-0.0.0-py3.10.egg-info' (and everything under it)
[0.483s] Copying ../../../build/yolo_ros/yolo_ros.egg-info to /home/upsurge/tt_package/install/yolo_ros/lib/python3.10/site-packages/yolo_ros-0.0.0-py3.10.egg-info
[0.483s] running install_scripts
[0.537s] Installing debug_node script to /home/upsurge/tt_package/install/yolo_ros/lib/yolo_ros
[0.537s] Installing detect_3d_node script to /home/upsurge/tt_package/install/yolo_ros/lib/yolo_ros
[0.537s] Installing tracking_node script to /home/upsurge/tt_package/install/yolo_ros/lib/yolo_ros
[0.537s] Installing yolo_node script to /home/upsurge/tt_package/install/yolo_ros/lib/yolo_ros
[0.537s] writing list of installed files to '/home/upsurge/tt_package/build/yolo_ros/install.log'
[0.546s] Invoked command in '/home/upsurge/tt_package/src/yolo_ros/yolo_ros' returned '0': AMENT_PREFIX_PATH=/home/upsurge/tt_package/install/yolo_msgs:${AMENT_PREFIX_PATH} CMAKE_PREFIX_PATH=/home/upsurge/tt_package/install/yolo_msgs LD_LIBRARY_PATH=/home/upsurge/tt_package/install/yolo_msgs/lib:${LD_LIBRARY_PATH} PYTHONPATH=/home/upsurge/tt_package/build/yolo_ros/prefix_override:/usr/lib/python3/dist-packages/colcon_core/task/python/colcon_distutils_commands:/home/upsurge/tt_package/install/yolo_ros/lib/python3.10/site-packages:/home/upsurge/tt_package/install/yolo_msgs/local/lib/python3.10/dist-packages:${PYTHONPATH} /usr/bin/python3 -W ignore:setup.py install is deprecated -W ignore:easy_install command is deprecated setup.py egg_info --egg-base ../../../build/yolo_ros build --build-base /home/upsurge/tt_package/build/yolo_ros/build install --record /home/upsurge/tt_package/build/yolo_ros/install.log --single-version-externally-managed install_data
