-- Install configuration: ""
-- Up-to-date: /home/upsurge/tt_package/install/tt_robot_new/share/tt_robot_new/config
-- Up-to-date: /home/upsurge/tt_package/install/tt_robot_new/share/tt_robot_new/config/joint_names_tt_robot_new.yaml
-- Up-to-date: /home/upsurge/tt_package/install/tt_robot_new/share/tt_robot_new/launch
-- Up-to-date: /home/upsurge/tt_package/install/tt_robot_new/share/tt_robot_new/launch/gazebo.launch
-- Up-to-date: /home/upsurge/tt_package/install/tt_robot_new/share/tt_robot_new/launch/display.launch
-- Up-to-date: /home/upsurge/tt_package/install/tt_robot_new/share/tt_robot_new/meshes
-- Up-to-date: /home/upsurge/tt_package/install/tt_robot_new/share/tt_robot_new/meshes/link3.STL
-- Up-to-date: /home/upsurge/tt_package/install/tt_robot_new/share/tt_robot_new/meshes/link1.STL
-- Up-to-date: /home/upsurge/tt_package/install/tt_robot_new/share/tt_robot_new/meshes/link2.STL
-- Up-to-date: /home/upsurge/tt_package/install/tt_robot_new/share/tt_robot_new/meshes/link5.STL
-- Up-to-date: /home/upsurge/tt_package/install/tt_robot_new/share/tt_robot_new/meshes/base_link.STL
-- Up-to-date: /home/upsurge/tt_package/install/tt_robot_new/share/tt_robot_new/meshes/link6.STL
-- Up-to-date: /home/upsurge/tt_package/install/tt_robot_new/share/tt_robot_new/meshes/link4.STL
-- Up-to-date: /home/upsurge/tt_package/install/tt_robot_new/share/tt_robot_new/urdf
-- Up-to-date: /home/upsurge/tt_package/install/tt_robot_new/share/tt_robot_new/urdf/tt_robot_new.csv
-- Up-to-date: /home/upsurge/tt_package/install/tt_robot_new/share/tt_robot_new/urdf/tt_robot_new.urdf
-- Up-to-date: /home/upsurge/tt_package/install/tt_robot_new/share/ament_index/resource_index/package_run_dependencies/tt_robot_new
-- Up-to-date: /home/upsurge/tt_package/install/tt_robot_new/share/ament_index/resource_index/parent_prefix_path/tt_robot_new
-- Up-to-date: /home/upsurge/tt_package/install/tt_robot_new/share/tt_robot_new/environment/ament_prefix_path.sh
-- Up-to-date: /home/upsurge/tt_package/install/tt_robot_new/share/tt_robot_new/environment/ament_prefix_path.dsv
-- Up-to-date: /home/upsurge/tt_package/install/tt_robot_new/share/tt_robot_new/environment/path.sh
-- Up-to-date: /home/upsurge/tt_package/install/tt_robot_new/share/tt_robot_new/environment/path.dsv
-- Up-to-date: /home/upsurge/tt_package/install/tt_robot_new/share/tt_robot_new/local_setup.bash
-- Up-to-date: /home/upsurge/tt_package/install/tt_robot_new/share/tt_robot_new/local_setup.sh
-- Up-to-date: /home/upsurge/tt_package/install/tt_robot_new/share/tt_robot_new/local_setup.zsh
-- Up-to-date: /home/upsurge/tt_package/install/tt_robot_new/share/tt_robot_new/local_setup.dsv
-- Up-to-date: /home/upsurge/tt_package/install/tt_robot_new/share/tt_robot_new/package.dsv
-- Up-to-date: /home/upsurge/tt_package/install/tt_robot_new/share/ament_index/resource_index/packages/tt_robot_new
-- Up-to-date: /home/upsurge/tt_package/install/tt_robot_new/share/tt_robot_new/cmake/tt_robot_newConfig.cmake
-- Up-to-date: /home/upsurge/tt_package/install/tt_robot_new/share/tt_robot_new/cmake/tt_robot_newConfig-version.cmake
-- Up-to-date: /home/upsurge/tt_package/install/tt_robot_new/share/tt_robot_new/package.xml
