running egg_info
writing ../../build/ball_tracker/ball_tracker.egg-info/PKG-INFO
writing dependency_links to ../../build/ball_tracker/ball_tracker.egg-info/dependency_links.txt
writing entry points to ../../build/ball_tracker/ball_tracker.egg-info/entry_points.txt
writing requirements to ../../build/ball_tracker/ball_tracker.egg-info/requires.txt
writing top-level names to ../../build/ball_tracker/ball_tracker.egg-info/top_level.txt
reading manifest file '../../build/ball_tracker/ball_tracker.egg-info/SOURCES.txt'
writing manifest file '../../build/ball_tracker/ball_tracker.egg-info/SOURCES.txt'
running build
running build_py
copying ball_tracker/ros_inference_tracker_node.py -> /home/upsurge/tt_package/build/ball_tracker/build/lib/ball_tracker
copying ball_tracker/ball_tracker.py -> /home/upsurge/tt_package/build/ball_tracker/build/lib/ball_tracker
copying ball_tracker/ping_pong_detector.py -> /home/upsurge/tt_package/build/ball_tracker/build/lib/ball_tracker
copying ball_tracker/__init__.py -> /home/upsurge/tt_package/build/ball_tracker/build/lib/ball_tracker
running install
running install_lib
running install_data
copying resource/ball_tracker -> /home/upsurge/tt_package/install/ball_tracker/share/ament_index/resource_index/packages
copying package.xml -> /home/upsurge/tt_package/install/ball_tracker/share/ball_tracker
running install_egg_info
removing '/home/upsurge/tt_package/install/ball_tracker/lib/python3.10/site-packages/ball_tracker-0.0.0-py3.10.egg-info' (and everything under it)
Copying ../../build/ball_tracker/ball_tracker.egg-info to /home/upsurge/tt_package/install/ball_tracker/lib/python3.10/site-packages/ball_tracker-0.0.0-py3.10.egg-info
running install_scripts
Installing ball_tracker script to /home/upsurge/tt_package/install/ball_tracker/lib/ball_tracker
Installing ping_pong_detector script to /home/upsurge/tt_package/install/ball_tracker/lib/ball_tracker
Installing ros_inference_tracker_node script to /home/upsurge/tt_package/install/ball_tracker/lib/ball_tracker
writing list of installed files to '/home/upsurge/tt_package/build/ball_tracker/install.log'
