[0.005s] Invoking command in '/home/upsurge/tt_package/build/yolo_bringup': AMENT_PREFIX_PATH=/home/upsurge/tt_package/install/yolo_ros:/home/upsurge/tt_package/install/yolo_msgs:${AMENT_PREFIX_PATH} CMAKE_PREFIX_PATH=/home/upsurge/tt_package/install/yolo_msgs:/opt/ros/humble LD_LIBRARY_PATH=/home/upsurge/tt_package/install/yolo_msgs/lib:${LD_LIBRARY_PATH} PYTHONPATH=/home/upsurge/tt_package/install/yolo_ros/lib/python3.10/site-packages:/home/upsurge/tt_package/install/yolo_msgs/local/lib/python3.10/dist-packages:${PYTHONPATH} /usr/bin/cmake --build /home/upsurge/tt_package/build/yolo_bringup -- -j32 -l32
[0.026s] Invoked command in '/home/upsurge/tt_package/build/yolo_bringup' returned '0': AMENT_PREFIX_PATH=/home/upsurge/tt_package/install/yolo_ros:/home/upsurge/tt_package/install/yolo_msgs:${AMENT_PREFIX_PATH} CMAKE_PREFIX_PATH=/home/upsurge/tt_package/install/yolo_msgs:/opt/ros/humble LD_LIBRARY_PATH=/home/upsurge/tt_package/install/yolo_msgs/lib:${LD_LIBRARY_PATH} PYTHONPATH=/home/upsurge/tt_package/install/yolo_ros/lib/python3.10/site-packages:/home/upsurge/tt_package/install/yolo_msgs/local/lib/python3.10/dist-packages:${PYTHONPATH} /usr/bin/cmake --build /home/upsurge/tt_package/build/yolo_bringup -- -j32 -l32
[0.026s] Invoking command in '/home/upsurge/tt_package/build/yolo_bringup': AMENT_PREFIX_PATH=/home/upsurge/tt_package/install/yolo_ros:/home/upsurge/tt_package/install/yolo_msgs:${AMENT_PREFIX_PATH} CMAKE_PREFIX_PATH=/home/upsurge/tt_package/install/yolo_msgs:/opt/ros/humble LD_LIBRARY_PATH=/home/upsurge/tt_package/install/yolo_msgs/lib:${LD_LIBRARY_PATH} PYTHONPATH=/home/upsurge/tt_package/install/yolo_ros/lib/python3.10/site-packages:/home/upsurge/tt_package/install/yolo_msgs/local/lib/python3.10/dist-packages:${PYTHONPATH} /usr/bin/cmake --install /home/upsurge/tt_package/build/yolo_bringup
[0.029s] -- Install configuration: ""
[0.029s] -- Up-to-date: /home/upsurge/tt_package/install/yolo_bringup/share/yolo_bringup//launch
[0.029s] -- Up-to-date: /home/upsurge/tt_package/install/yolo_bringup/share/yolo_bringup//launch/yolov12.launch.py
[0.029s] -- Up-to-date: /home/upsurge/tt_package/install/yolo_bringup/share/yolo_bringup//launch/yolo-world.launch.py
[0.029s] -- Up-to-date: /home/upsurge/tt_package/install/yolo_bringup/share/yolo_bringup//launch/yolov8.launch.py
[0.029s] -- Up-to-date: /home/upsurge/tt_package/install/yolo_bringup/share/yolo_bringup//launch/yolov5.launch.py
[0.029s] -- Up-to-date: /home/upsurge/tt_package/install/yolo_bringup/share/yolo_bringup//launch/yolo.launch.py
[0.029s] -- Up-to-date: /home/upsurge/tt_package/install/yolo_bringup/share/yolo_bringup//launch/yolov9.launch.py
[0.029s] -- Up-to-date: /home/upsurge/tt_package/install/yolo_bringup/share/yolo_bringup//launch/yolov11.launch.py
[0.029s] -- Up-to-date: /home/upsurge/tt_package/install/yolo_bringup/share/yolo_bringup//launch/yolov10.launch.py
[0.029s] -- Up-to-date: /home/upsurge/tt_package/install/yolo_bringup/share/ament_index/resource_index/package_run_dependencies/yolo_bringup
[0.029s] -- Up-to-date: /home/upsurge/tt_package/install/yolo_bringup/share/ament_index/resource_index/parent_prefix_path/yolo_bringup
[0.030s] -- Up-to-date: /home/upsurge/tt_package/install/yolo_bringup/share/yolo_bringup/environment/ament_prefix_path.sh
[0.030s] -- Up-to-date: /home/upsurge/tt_package/install/yolo_bringup/share/yolo_bringup/environment/ament_prefix_path.dsv
[0.030s] -- Up-to-date: /home/upsurge/tt_package/install/yolo_bringup/share/yolo_bringup/environment/path.sh
[0.030s] -- Up-to-date: /home/upsurge/tt_package/install/yolo_bringup/share/yolo_bringup/environment/path.dsv
[0.030s] -- Up-to-date: /home/upsurge/tt_package/install/yolo_bringup/share/yolo_bringup/local_setup.bash
[0.030s] -- Up-to-date: /home/upsurge/tt_package/install/yolo_bringup/share/yolo_bringup/local_setup.sh
[0.030s] -- Up-to-date: /home/upsurge/tt_package/install/yolo_bringup/share/yolo_bringup/local_setup.zsh
[0.030s] -- Up-to-date: /home/upsurge/tt_package/install/yolo_bringup/share/yolo_bringup/local_setup.dsv
[0.030s] -- Up-to-date: /home/upsurge/tt_package/install/yolo_bringup/share/yolo_bringup/package.dsv
[0.030s] -- Up-to-date: /home/upsurge/tt_package/install/yolo_bringup/share/ament_index/resource_index/packages/yolo_bringup
[0.030s] -- Up-to-date: /home/upsurge/tt_package/install/yolo_bringup/share/yolo_bringup/cmake/yolo_bringupConfig.cmake
[0.030s] -- Up-to-date: /home/upsurge/tt_package/install/yolo_bringup/share/yolo_bringup/cmake/yolo_bringupConfig-version.cmake
[0.030s] -- Up-to-date: /home/upsurge/tt_package/install/yolo_bringup/share/yolo_bringup/package.xml
[0.030s] Invoked command in '/home/upsurge/tt_package/build/yolo_bringup' returned '0': AMENT_PREFIX_PATH=/home/upsurge/tt_package/install/yolo_ros:/home/upsurge/tt_package/install/yolo_msgs:${AMENT_PREFIX_PATH} CMAKE_PREFIX_PATH=/home/upsurge/tt_package/install/yolo_msgs:/opt/ros/humble LD_LIBRARY_PATH=/home/upsurge/tt_package/install/yolo_msgs/lib:${LD_LIBRARY_PATH} PYTHONPATH=/home/upsurge/tt_package/install/yolo_ros/lib/python3.10/site-packages:/home/upsurge/tt_package/install/yolo_msgs/local/lib/python3.10/dist-packages:${PYTHONPATH} /usr/bin/cmake --install /home/upsurge/tt_package/build/yolo_bringup
