[0.006s] Invoking command in '/home/upsurge/tt_package/build/tt_robot_new': CMAKE_PREFIX_PATH=/opt/ros/humble /usr/bin/cmake /home/upsurge/tt_package/src/tt_robot_new -DCMAKE_INSTALL_PREFIX=/home/upsurge/tt_package/install/tt_robot_new
[0.054s] -- The C compiler identification is GNU 11.4.0
[0.089s] -- The CXX compiler identification is GNU 11.4.0
[0.094s] -- Detecting C compiler ABI info
[0.131s] -- Detecting C compiler ABI info - done
[0.136s] -- Check for working C compiler: /usr/bin/cc - skipped
[0.137s] -- Detecting C compile features
[0.137s] -- Detecting C compile features - done
[0.139s] -- Detecting CXX compiler ABI info
[0.179s] -- Detecting CXX compiler ABI info - done
[0.185s] -- Check for working CXX compiler: /usr/bin/c++ - skipped
[0.185s] -- Detecting CXX compile features
[0.185s] -- Detecting CXX compile features - done
[0.187s] -- Found ament_cmake: 1.3.11 (/opt/ros/humble/share/ament_cmake/cmake)
[0.355s] -- Found Python3: /usr/bin/python3 (found version "3.10.12") found components: Interpreter 
[0.437s] -- Configuring done
[0.438s] -- Generating done
[0.438s] -- Build files have been written to: /home/upsurge/tt_package/build/tt_robot_new
[0.441s] Invoked command in '/home/upsurge/tt_package/build/tt_robot_new' returned '0': CMAKE_PREFIX_PATH=/opt/ros/humble /usr/bin/cmake /home/upsurge/tt_package/src/tt_robot_new -DCMAKE_INSTALL_PREFIX=/home/upsurge/tt_package/install/tt_robot_new
[0.441s] Invoking command in '/home/upsurge/tt_package/build/tt_robot_new': CMAKE_PREFIX_PATH=/opt/ros/humble /usr/bin/cmake --build /home/upsurge/tt_package/build/tt_robot_new -- -j32 -l32
[0.460s] Invoked command in '/home/upsurge/tt_package/build/tt_robot_new' returned '0': CMAKE_PREFIX_PATH=/opt/ros/humble /usr/bin/cmake --build /home/upsurge/tt_package/build/tt_robot_new -- -j32 -l32
[0.465s] Invoking command in '/home/upsurge/tt_package/build/tt_robot_new': CMAKE_PREFIX_PATH=/opt/ros/humble /usr/bin/cmake --install /home/upsurge/tt_package/build/tt_robot_new
[0.469s] -- Install configuration: ""
[0.469s] -- Installing: /home/upsurge/tt_package/install/tt_robot_new/share/tt_robot_new/config
[0.469s] -- Installing: /home/upsurge/tt_package/install/tt_robot_new/share/tt_robot_new/config/joint_names_tt_robot_new.yaml
[0.469s] -- Installing: /home/upsurge/tt_package/install/tt_robot_new/share/tt_robot_new/launch
[0.470s] -- Installing: /home/upsurge/tt_package/install/tt_robot_new/share/tt_robot_new/launch/gazebo.launch
[0.470s] -- Installing: /home/upsurge/tt_package/install/tt_robot_new/share/tt_robot_new/launch/display.launch
[0.470s] -- Installing: /home/upsurge/tt_package/install/tt_robot_new/share/tt_robot_new/meshes
[0.470s] -- Installing: /home/upsurge/tt_package/install/tt_robot_new/share/tt_robot_new/meshes/link3.STL
[0.470s] -- Installing: /home/upsurge/tt_package/install/tt_robot_new/share/tt_robot_new/meshes/link1.STL
[0.471s] -- Installing: /home/upsurge/tt_package/install/tt_robot_new/share/tt_robot_new/meshes/link2.STL
[0.472s] -- Installing: /home/upsurge/tt_package/install/tt_robot_new/share/tt_robot_new/meshes/link5.STL
[0.473s] -- Installing: /home/upsurge/tt_package/install/tt_robot_new/share/tt_robot_new/meshes/base_link.STL
[0.476s] -- Installing: /home/upsurge/tt_package/install/tt_robot_new/share/tt_robot_new/meshes/link6.STL
[0.476s] -- Installing: /home/upsurge/tt_package/install/tt_robot_new/share/tt_robot_new/meshes/link4.STL
[0.477s] -- Installing: /home/upsurge/tt_package/install/tt_robot_new/share/tt_robot_new/urdf
[0.477s] -- Installing: /home/upsurge/tt_package/install/tt_robot_new/share/tt_robot_new/urdf/tt_robot_new.csv
[0.477s] -- Installing: /home/upsurge/tt_package/install/tt_robot_new/share/tt_robot_new/urdf/tt_robot_new.urdf
[0.478s] -- Installing: /home/upsurge/tt_package/install/tt_robot_new/share/ament_index/resource_index/package_run_dependencies/tt_robot_new
[0.478s] -- Installing: /home/upsurge/tt_package/install/tt_robot_new/share/ament_index/resource_index/parent_prefix_path/tt_robot_new
[0.478s] -- Installing: /home/upsurge/tt_package/install/tt_robot_new/share/tt_robot_new/environment/ament_prefix_path.sh
[0.478s] -- Installing: /home/upsurge/tt_package/install/tt_robot_new/share/tt_robot_new/environment/ament_prefix_path.dsv
[0.478s] -- Installing: /home/upsurge/tt_package/install/tt_robot_new/share/tt_robot_new/environment/path.sh
[0.478s] -- Installing: /home/upsurge/tt_package/install/tt_robot_new/share/tt_robot_new/environment/path.dsv
[0.478s] -- Installing: /home/upsurge/tt_package/install/tt_robot_new/share/tt_robot_new/local_setup.bash
[0.478s] -- Installing: /home/upsurge/tt_package/install/tt_robot_new/share/tt_robot_new/local_setup.sh
[0.478s] -- Installing: /home/upsurge/tt_package/install/tt_robot_new/share/tt_robot_new/local_setup.zsh
[0.478s] -- Installing: /home/upsurge/tt_package/install/tt_robot_new/share/tt_robot_new/local_setup.dsv
[0.478s] -- Installing: /home/upsurge/tt_package/install/tt_robot_new/share/tt_robot_new/package.dsv
[0.478s] -- Installing: /home/upsurge/tt_package/install/tt_robot_new/share/ament_index/resource_index/packages/tt_robot_new
[0.478s] -- Installing: /home/upsurge/tt_package/install/tt_robot_new/share/tt_robot_new/cmake/tt_robot_newConfig.cmake
[0.478s] -- Installing: /home/upsurge/tt_package/install/tt_robot_new/share/tt_robot_new/cmake/tt_robot_newConfig-version.cmake
[0.478s] -- Installing: /home/upsurge/tt_package/install/tt_robot_new/share/tt_robot_new/package.xml
[0.479s] Invoked command in '/home/upsurge/tt_package/build/tt_robot_new' returned '0': CMAKE_PREFIX_PATH=/opt/ros/humble /usr/bin/cmake --install /home/upsurge/tt_package/build/tt_robot_new
