[0.007s] Invoking command in '/home/upsurge/tt_package/build/yolo_msgs': CMAKE_PREFIX_PATH=/opt/ros/humble /usr/bin/cmake /home/upsurge/tt_package/src/yolo_ros/yolo_msgs -DCMAKE_INSTALL_PREFIX=/home/upsurge/tt_package/install/yolo_msgs
[0.054s] -- The C compiler identification is GNU 11.4.0
[0.090s] -- The CXX compiler identification is GNU 11.4.0
[0.095s] -- Detecting C compiler ABI info
[0.132s] -- Detecting C compiler ABI info - done
[0.136s] -- Check for working C compiler: /usr/bin/cc - skipped
[0.136s] -- Detecting C compile features
[0.136s] -- Detecting C compile features - done
[0.137s] -- Detecting CXX compiler ABI info
[0.177s] -- Detecting CXX compiler ABI info - done
[0.181s] -- Check for working CXX compiler: /usr/bin/c++ - skipped
[0.182s] -- Detecting CXX compile features
[0.182s] -- Detecting CXX compile features - done
[0.183s] -- Found ament_cmake: 1.3.11 (/opt/ros/humble/share/ament_cmake/cmake)
[0.352s] -- Found Python3: /usr/bin/python3 (found version "3.10.12") found components: Interpreter 
[0.397s] -- Found rosidl_default_generators: 1.2.0 (/opt/ros/humble/share/rosidl_default_generators/cmake)
[0.400s] -- Using all available rosidl_typesupport_c: rosidl_typesupport_fastrtps_c;rosidl_typesupport_introspection_c
[0.405s] -- Found rosidl_adapter: 3.1.6 (/opt/ros/humble/share/rosidl_adapter/cmake)
[0.428s] -- Using all available rosidl_typesupport_cpp: rosidl_typesupport_fastrtps_cpp;rosidl_typesupport_introspection_cpp
[0.447s] -- Found std_msgs: 4.2.4 (/opt/ros/humble/share/std_msgs/cmake)
[0.461s] -- Found geometry_msgs: 4.2.4 (/opt/ros/humble/share/geometry_msgs/cmake)
[0.646s] -- Found ament_cmake_ros: 0.10.0 (/opt/ros/humble/share/ament_cmake_ros/cmake)
[0.773s] -- Using all available rosidl_typesupport_c: rosidl_typesupport_fastrtps_c;rosidl_typesupport_introspection_c
[0.933s] -- Using all available rosidl_typesupport_cpp: rosidl_typesupport_fastrtps_cpp;rosidl_typesupport_introspection_cpp
[0.946s] -- Found PythonInterp: /usr/bin/python3 (found suitable version "3.10.12", minimum required is "3.6") 
[0.947s] -- Found python_cmake_module: 0.10.0 (/opt/ros/humble/share/python_cmake_module/cmake)
[0.965s] -- Found PythonLibs: /usr/lib/x86_64-linux-gnu/libpython3.10.so (found suitable version "3.10.12", minimum required is "3.5") 
[0.965s] -- Using PYTHON_EXECUTABLE: /usr/bin/python3
[0.965s] -- Using PYTHON_INCLUDE_DIRS: /usr/include/python3.10
[0.965s] -- Using PYTHON_LIBRARIES: /usr/lib/x86_64-linux-gnu/libpython3.10.so
[0.980s] -- Found PythonExtra: .so  
[1.019s] -- Configuring done
[1.041s] -- Generating done
[1.046s] -- Build files have been written to: /home/upsurge/tt_package/build/yolo_msgs
[1.050s] Invoked command in '/home/upsurge/tt_package/build/yolo_msgs' returned '0': CMAKE_PREFIX_PATH=/opt/ros/humble /usr/bin/cmake /home/upsurge/tt_package/src/yolo_ros/yolo_msgs -DCMAKE_INSTALL_PREFIX=/home/upsurge/tt_package/install/yolo_msgs
[1.050s] Invoking command in '/home/upsurge/tt_package/build/yolo_msgs': CMAKE_PREFIX_PATH=/opt/ros/humble /usr/bin/cmake --build /home/upsurge/tt_package/build/yolo_msgs -- -j32 -l32
[1.074s] [  1%] [34m[1mGenerating C code for ROS interfaces[0m
[1.080s] [  1%] [34m[1mGenerating C++ code for ROS interfaces[0m
[1.084s] [  1%] Built target ament_cmake_python_copy_yolo_msgs
[1.181s] running egg_info
[1.188s] creating yolo_msgs.egg-info
[1.188s] writing yolo_msgs.egg-info/PKG-INFO
[1.188s] writing dependency_links to yolo_msgs.egg-info/dependency_links.txt
[1.189s] writing top-level names to yolo_msgs.egg-info/top_level.txt
[1.189s] writing manifest file 'yolo_msgs.egg-info/SOURCES.txt'
[1.210s] reading manifest file 'yolo_msgs.egg-info/SOURCES.txt'
[1.210s] writing manifest file 'yolo_msgs.egg-info/SOURCES.txt'
[1.224s] [  1%] Built target ament_cmake_python_build_yolo_msgs_egg
[1.527s] [  2%] [32mBuilding C object CMakeFiles/yolo_msgs__rosidl_generator_c.dir/rosidl_generator_c/yolo_msgs/msg/detail/point2_d__functions.c.o[0m
[1.527s] [  3%] [32mBuilding C object CMakeFiles/yolo_msgs__rosidl_generator_c.dir/rosidl_generator_c/yolo_msgs/msg/detail/pose2_d__functions.c.o[0m
[1.527s] [  3%] [32mBuilding C object CMakeFiles/yolo_msgs__rosidl_generator_c.dir/rosidl_generator_c/yolo_msgs/msg/detail/vector2__functions.c.o[0m
[1.529s] [  4%] [32mBuilding C object CMakeFiles/yolo_msgs__rosidl_generator_c.dir/rosidl_generator_c/yolo_msgs/msg/detail/bounding_box2_d__functions.c.o[0m
[1.530s] [  5%] [32mBuilding C object CMakeFiles/yolo_msgs__rosidl_generator_c.dir/rosidl_generator_c/yolo_msgs/msg/detail/key_point2_d__functions.c.o[0m
[1.530s] [  5%] [32mBuilding C object CMakeFiles/yolo_msgs__rosidl_generator_c.dir/rosidl_generator_c/yolo_msgs/msg/detail/mask__functions.c.o[0m
[1.531s] [  6%] [32mBuilding C object CMakeFiles/yolo_msgs__rosidl_generator_c.dir/rosidl_generator_c/yolo_msgs/msg/detail/bounding_box3_d__functions.c.o[0m
[1.531s] [  7%] [32mBuilding C object CMakeFiles/yolo_msgs__rosidl_generator_c.dir/rosidl_generator_c/yolo_msgs/msg/detail/key_point3_d_array__functions.c.o[0m
[1.531s] [  9%] [32mBuilding C object CMakeFiles/yolo_msgs__rosidl_generator_c.dir/rosidl_generator_c/yolo_msgs/msg/detail/detection__functions.c.o[0m
[1.531s] [  9%] [32mBuilding C object CMakeFiles/yolo_msgs__rosidl_generator_c.dir/rosidl_generator_c/yolo_msgs/msg/detail/key_point3_d__functions.c.o[0m
[1.531s] [ 10%] [32mBuilding C object CMakeFiles/yolo_msgs__rosidl_generator_c.dir/rosidl_generator_c/yolo_msgs/msg/detail/key_point2_d_array__functions.c.o[0m
[1.539s] [ 10%] [32mBuilding C object CMakeFiles/yolo_msgs__rosidl_generator_c.dir/rosidl_generator_c/yolo_msgs/msg/detail/detection_array__functions.c.o[0m
[1.539s] [ 11%] [32mBuilding C object CMakeFiles/yolo_msgs__rosidl_generator_c.dir/rosidl_generator_c/yolo_msgs/srv/detail/set_classes__functions.c.o[0m
[1.542s] [ 11%] Built target yolo_msgs__cpp
[1.548s] [ 12%] [34m[1mGenerating C++ type support for eProsima Fast-RTPS[0m
[1.548s] [ 12%] [34m[1mGenerating C++ introspection for ROS interfaces[0m
[1.552s] [ 13%] [34m[1mGenerating C++ type support dispatch for ROS interfaces[0m
[1.578s] [ 14%] [32m[1mLinking C shared library libyolo_msgs__rosidl_generator_c.so[0m
[1.597s] [ 14%] Built target yolo_msgs__rosidl_generator_c
[1.602s] [ 16%] [34m[1mGenerating C type support for eProsima Fast-RTPS[0m
[1.602s] [ 16%] [34m[1mGenerating C type support dispatch for ROS interfaces[0m
[1.603s] [ 17%] [34m[1mGenerating C introspection for ROS interfaces[0m
[1.921s] [ 18%] [32mBuilding CXX object CMakeFiles/yolo_msgs__rosidl_typesupport_c.dir/rosidl_typesupport_c/yolo_msgs/msg/key_point2_d_array__type_support.cpp.o[0m
[1.922s] [ 18%] [32mBuilding CXX object CMakeFiles/yolo_msgs__rosidl_typesupport_c.dir/rosidl_typesupport_c/yolo_msgs/msg/point2_d__type_support.cpp.o[0m
[1.922s] [ 19%] [32mBuilding CXX object CMakeFiles/yolo_msgs__rosidl_typesupport_c.dir/rosidl_typesupport_c/yolo_msgs/msg/vector2__type_support.cpp.o[0m
[1.922s] [ 20%] [32mBuilding CXX object CMakeFiles/yolo_msgs__rosidl_typesupport_c.dir/rosidl_typesupport_c/yolo_msgs/msg/pose2_d__type_support.cpp.o[0m
[1.922s] [ 21%] [32mBuilding CXX object CMakeFiles/yolo_msgs__rosidl_typesupport_c.dir/rosidl_typesupport_c/yolo_msgs/msg/bounding_box2_d__type_support.cpp.o[0m
[1.922s] [ 21%] [32mBuilding CXX object CMakeFiles/yolo_msgs__rosidl_typesupport_c.dir/rosidl_typesupport_c/yolo_msgs/msg/mask__type_support.cpp.o[0m
[1.922s] [ 22%] [32mBuilding CXX object CMakeFiles/yolo_msgs__rosidl_typesupport_c.dir/rosidl_typesupport_c/yolo_msgs/msg/bounding_box3_d__type_support.cpp.o[0m
[1.922s] [ 23%] [32mBuilding CXX object CMakeFiles/yolo_msgs__rosidl_typesupport_c.dir/rosidl_typesupport_c/yolo_msgs/msg/key_point2_d__type_support.cpp.o[0m
[1.923s] [ 24%] [32mBuilding CXX object CMakeFiles/yolo_msgs__rosidl_typesupport_c.dir/rosidl_typesupport_c/yolo_msgs/msg/key_point3_d__type_support.cpp.o[0m
[1.923s] [ 25%] [32mBuilding CXX object CMakeFiles/yolo_msgs__rosidl_typesupport_c.dir/rosidl_typesupport_c/yolo_msgs/msg/key_point3_d_array__type_support.cpp.o[0m
[1.923s] [ 25%] [32mBuilding CXX object CMakeFiles/yolo_msgs__rosidl_typesupport_c.dir/rosidl_typesupport_c/yolo_msgs/msg/detection__type_support.cpp.o[0m
[1.923s] [ 26%] [32mBuilding CXX object CMakeFiles/yolo_msgs__rosidl_typesupport_c.dir/rosidl_typesupport_c/yolo_msgs/msg/detection_array__type_support.cpp.o[0m
[1.923s] [ 27%] [32mBuilding CXX object CMakeFiles/yolo_msgs__rosidl_typesupport_c.dir/rosidl_typesupport_c/yolo_msgs/srv/set_classes__type_support.cpp.o[0m
[1.943s] [ 28%] [32m[1mLinking CXX shared library libyolo_msgs__rosidl_typesupport_c.so[0m
[1.962s] [ 28%] [32mBuilding CXX object CMakeFiles/yolo_msgs__rosidl_typesupport_cpp.dir/rosidl_typesupport_cpp/yolo_msgs/msg/pose2_d__type_support.cpp.o[0m
[1.962s] [ 29%] [32mBuilding CXX object CMakeFiles/yolo_msgs__rosidl_typesupport_cpp.dir/rosidl_typesupport_cpp/yolo_msgs/msg/bounding_box3_d__type_support.cpp.o[0m
[1.963s] [ 30%] [32mBuilding CXX object CMakeFiles/yolo_msgs__rosidl_typesupport_cpp.dir/rosidl_typesupport_cpp/yolo_msgs/msg/vector2__type_support.cpp.o[0m
[1.963s] [ 31%] [32mBuilding CXX object CMakeFiles/yolo_msgs__rosidl_typesupport_cpp.dir/rosidl_typesupport_cpp/yolo_msgs/msg/point2_d__type_support.cpp.o[0m
[1.963s] [ 32%] [32mBuilding CXX object CMakeFiles/yolo_msgs__rosidl_typesupport_cpp.dir/rosidl_typesupport_cpp/yolo_msgs/msg/bounding_box2_d__type_support.cpp.o[0m
[1.964s] [ 33%] [32mBuilding CXX object CMakeFiles/yolo_msgs__rosidl_typesupport_cpp.dir/rosidl_typesupport_cpp/yolo_msgs/msg/mask__type_support.cpp.o[0m
[1.965s] [ 34%] [32mBuilding CXX object CMakeFiles/yolo_msgs__rosidl_typesupport_cpp.dir/rosidl_typesupport_cpp/yolo_msgs/msg/key_point2_d__type_support.cpp.o[0m
[1.966s] [ 34%] [32mBuilding CXX object CMakeFiles/yolo_msgs__rosidl_typesupport_cpp.dir/rosidl_typesupport_cpp/yolo_msgs/srv/set_classes__type_support.cpp.o[0m
[1.967s] [ 34%] [32mBuilding CXX object CMakeFiles/yolo_msgs__rosidl_typesupport_cpp.dir/rosidl_typesupport_cpp/yolo_msgs/msg/key_point2_d_array__type_support.cpp.o[0m
[1.967s] [ 35%] [32mBuilding CXX object CMakeFiles/yolo_msgs__rosidl_typesupport_cpp.dir/rosidl_typesupport_cpp/yolo_msgs/msg/detection_array__type_support.cpp.o[0m
[1.967s] [ 35%] Built target yolo_msgs__rosidl_typesupport_c
[1.967s] [ 36%] [32mBuilding CXX object CMakeFiles/yolo_msgs__rosidl_typesupport_cpp.dir/rosidl_typesupport_cpp/yolo_msgs/msg/key_point3_d__type_support.cpp.o[0m
[1.967s] [ 37%] [32mBuilding CXX object CMakeFiles/yolo_msgs__rosidl_typesupport_cpp.dir/rosidl_typesupport_cpp/yolo_msgs/msg/key_point3_d_array__type_support.cpp.o[0m
[1.967s] [ 38%] [32mBuilding CXX object CMakeFiles/yolo_msgs__rosidl_typesupport_cpp.dir/rosidl_typesupport_cpp/yolo_msgs/msg/detection__type_support.cpp.o[0m
[1.983s] [ 41%] [32mBuilding CXX object CMakeFiles/yolo_msgs__rosidl_typesupport_fastrtps_cpp.dir/rosidl_typesupport_fastrtps_cpp/yolo_msgs/msg/detail/dds_fastrtps/vector2__type_support.cpp.o[0m
[1.983s] [ 41%] [32mBuilding CXX object CMakeFiles/yolo_msgs__rosidl_typesupport_fastrtps_cpp.dir/rosidl_typesupport_fastrtps_cpp/yolo_msgs/msg/detail/dds_fastrtps/point2_d__type_support.cpp.o[0m
[1.983s] [ 41%] [32mBuilding CXX object CMakeFiles/yolo_msgs__rosidl_typesupport_fastrtps_cpp.dir/rosidl_typesupport_fastrtps_cpp/yolo_msgs/msg/detail/dds_fastrtps/mask__type_support.cpp.o[0m
[1.983s] [ 42%] [32mBuilding CXX object CMakeFiles/yolo_msgs__rosidl_typesupport_fastrtps_cpp.dir/rosidl_typesupport_fastrtps_cpp/yolo_msgs/msg/detail/dds_fastrtps/bounding_box3_d__type_support.cpp.o[0m
[1.983s] [ 43%] [32mBuilding CXX object CMakeFiles/yolo_msgs__rosidl_typesupport_fastrtps_cpp.dir/rosidl_typesupport_fastrtps_cpp/yolo_msgs/msg/detail/dds_fastrtps/pose2_d__type_support.cpp.o[0m
[1.983s] [ 44%] [32mBuilding CXX object CMakeFiles/yolo_msgs__rosidl_typesupport_fastrtps_cpp.dir/rosidl_typesupport_fastrtps_cpp/yolo_msgs/msg/detail/dds_fastrtps/key_point2_d_array__type_support.cpp.o[0m
[1.983s] [ 44%] [32mBuilding CXX object CMakeFiles/yolo_msgs__rosidl_typesupport_fastrtps_cpp.dir/rosidl_typesupport_fastrtps_cpp/yolo_msgs/msg/detail/dds_fastrtps/bounding_box2_d__type_support.cpp.o[0m
[1.983s] [ 45%] [32mBuilding CXX object CMakeFiles/yolo_msgs__rosidl_typesupport_fastrtps_cpp.dir/rosidl_typesupport_fastrtps_cpp/yolo_msgs/msg/detail/dds_fastrtps/key_point2_d__type_support.cpp.o[0m
[1.983s] [ 46%] [32mBuilding CXX object CMakeFiles/yolo_msgs__rosidl_typesupport_fastrtps_cpp.dir/rosidl_typesupport_fastrtps_cpp/yolo_msgs/msg/detail/dds_fastrtps/detection_array__type_support.cpp.o[0m
[1.983s] [ 47%] [32mBuilding CXX object CMakeFiles/yolo_msgs__rosidl_typesupport_fastrtps_cpp.dir/rosidl_typesupport_fastrtps_cpp/yolo_msgs/msg/detail/dds_fastrtps/key_point3_d__type_support.cpp.o[0m
[1.983s] [ 47%] [32mBuilding CXX object CMakeFiles/yolo_msgs__rosidl_typesupport_fastrtps_cpp.dir/rosidl_typesupport_fastrtps_cpp/yolo_msgs/srv/detail/dds_fastrtps/set_classes__type_support.cpp.o[0m
[1.983s] [ 48%] [32mBuilding CXX object CMakeFiles/yolo_msgs__rosidl_typesupport_fastrtps_cpp.dir/rosidl_typesupport_fastrtps_cpp/yolo_msgs/msg/detail/dds_fastrtps/key_point3_d_array__type_support.cpp.o[0m
[1.983s] [ 49%] [32mBuilding CXX object CMakeFiles/yolo_msgs__rosidl_typesupport_fastrtps_cpp.dir/rosidl_typesupport_fastrtps_cpp/yolo_msgs/msg/detail/dds_fastrtps/detection__type_support.cpp.o[0m
[2.105s] [ 51%] [32mBuilding C object CMakeFiles/yolo_msgs__rosidl_typesupport_introspection_c.dir/rosidl_typesupport_introspection_c/yolo_msgs/msg/detail/vector2__type_support.c.o[0m
[2.105s] [ 51%] [32mBuilding C object CMakeFiles/yolo_msgs__rosidl_typesupport_introspection_c.dir/rosidl_typesupport_introspection_c/yolo_msgs/msg/detail/point2_d__type_support.c.o[0m
[2.106s] [ 52%] [32mBuilding C object CMakeFiles/yolo_msgs__rosidl_typesupport_introspection_c.dir/rosidl_typesupport_introspection_c/yolo_msgs/msg/detail/pose2_d__type_support.c.o[0m
[2.106s] [ 52%] [32mBuilding CXX object CMakeFiles/yolo_msgs__rosidl_typesupport_fastrtps_c.dir/rosidl_typesupport_fastrtps_c/yolo_msgs/msg/detail/point2_d__type_support_c.cpp.o[0m
[2.109s] [ 53%] [32mBuilding C object CMakeFiles/yolo_msgs__rosidl_typesupport_introspection_c.dir/rosidl_typesupport_introspection_c/yolo_msgs/msg/detail/bounding_box2_d__type_support.c.o[0m
[2.122s] [ 53%] [32mBuilding CXX object CMakeFiles/yolo_msgs__rosidl_typesupport_fastrtps_c.dir/rosidl_typesupport_fastrtps_c/yolo_msgs/msg/detail/vector2__type_support_c.cpp.o[0m
[2.125s] [ 54%] [32mBuilding CXX object CMakeFiles/yolo_msgs__rosidl_typesupport_fastrtps_c.dir/rosidl_typesupport_fastrtps_c/yolo_msgs/msg/detail/pose2_d__type_support_c.cpp.o[0m
[2.127s] [ 55%] [32mBuilding C object CMakeFiles/yolo_msgs__rosidl_typesupport_introspection_c.dir/rosidl_typesupport_introspection_c/yolo_msgs/msg/detail/bounding_box3_d__type_support.c.o[0m
[2.129s] [ 56%] [32mBuilding CXX object CMakeFiles/yolo_msgs__rosidl_typesupport_fastrtps_c.dir/rosidl_typesupport_fastrtps_c/yolo_msgs/msg/detail/bounding_box2_d__type_support_c.cpp.o[0m
[2.129s] [ 57%] [32mBuilding C object CMakeFiles/yolo_msgs__rosidl_typesupport_introspection_c.dir/rosidl_typesupport_introspection_c/yolo_msgs/msg/detail/mask__type_support.c.o[0m
[2.129s] [ 58%] [32mBuilding CXX object CMakeFiles/yolo_msgs__rosidl_typesupport_fastrtps_c.dir/rosidl_typesupport_fastrtps_c/yolo_msgs/msg/detail/bounding_box3_d__type_support_c.cpp.o[0m
[2.133s] [ 59%] [32mBuilding CXX object CMakeFiles/yolo_msgs__rosidl_typesupport_introspection_cpp.dir/rosidl_typesupport_introspection_cpp/yolo_msgs/msg/detail/point2_d__type_support.cpp.o[0m
[2.139s] [ 60%] [32mBuilding CXX object CMakeFiles/yolo_msgs__rosidl_typesupport_fastrtps_c.dir/rosidl_typesupport_fastrtps_c/yolo_msgs/msg/detail/mask__type_support_c.cpp.o[0m
[2.139s] [ 61%] [32mBuilding C object CMakeFiles/yolo_msgs__rosidl_typesupport_introspection_c.dir/rosidl_typesupport_introspection_c/yolo_msgs/msg/detail/key_point2_d__type_support.c.o[0m
[2.141s] [ 61%] [32mBuilding CXX object CMakeFiles/yolo_msgs__rosidl_typesupport_fastrtps_c.dir/rosidl_typesupport_fastrtps_c/yolo_msgs/msg/detail/key_point2_d__type_support_c.cpp.o[0m
[2.153s] [ 61%] [32mBuilding C object CMakeFiles/yolo_msgs__rosidl_typesupport_introspection_c.dir/rosidl_typesupport_introspection_c/yolo_msgs/msg/detail/key_point2_d_array__type_support.c.o[0m
[2.160s] [ 62%] [32mBuilding CXX object CMakeFiles/yolo_msgs__rosidl_typesupport_fastrtps_c.dir/rosidl_typesupport_fastrtps_c/yolo_msgs/msg/detail/key_point3_d__type_support_c.cpp.o[0m
[2.160s] [ 63%] [32mBuilding CXX object CMakeFiles/yolo_msgs__rosidl_typesupport_fastrtps_c.dir/rosidl_typesupport_fastrtps_c/yolo_msgs/msg/detail/key_point2_d_array__type_support_c.cpp.o[0m
[2.160s] [ 64%] [32mBuilding C object CMakeFiles/yolo_msgs__rosidl_typesupport_introspection_c.dir/rosidl_typesupport_introspection_c/yolo_msgs/msg/detail/key_point3_d__type_support.c.o[0m
[2.161s] [ 65%] [32mBuilding C object CMakeFiles/yolo_msgs__rosidl_typesupport_introspection_c.dir/rosidl_typesupport_introspection_c/yolo_msgs/msg/detail/key_point3_d_array__type_support.c.o[0m
[2.163s] [ 66%] [32mBuilding C object CMakeFiles/yolo_msgs__rosidl_typesupport_introspection_c.dir/rosidl_typesupport_introspection_c/yolo_msgs/msg/detail/detection__type_support.c.o[0m
[2.163s] [ 67%] [32mBuilding CXX object CMakeFiles/yolo_msgs__rosidl_typesupport_introspection_cpp.dir/rosidl_typesupport_introspection_cpp/yolo_msgs/msg/detail/vector2__type_support.cpp.o[0m
[2.168s] [ 68%] [32mBuilding CXX object CMakeFiles/yolo_msgs__rosidl_typesupport_fastrtps_c.dir/rosidl_typesupport_fastrtps_c/yolo_msgs/msg/detail/key_point3_d_array__type_support_c.cpp.o[0m
[2.169s] [ 69%] [32mBuilding CXX object CMakeFiles/yolo_msgs__rosidl_typesupport_introspection_cpp.dir/rosidl_typesupport_introspection_cpp/yolo_msgs/msg/detail/pose2_d__type_support.cpp.o[0m
[2.176s] [ 70%] [32m[1mLinking CXX shared library libyolo_msgs__rosidl_typesupport_cpp.so[0m
[2.176s] [ 71%] [32mBuilding CXX object CMakeFiles/yolo_msgs__rosidl_typesupport_fastrtps_c.dir/rosidl_typesupport_fastrtps_c/yolo_msgs/msg/detail/detection__type_support_c.cpp.o[0m
[2.186s] [ 72%] [32mBuilding CXX object CMakeFiles/yolo_msgs__rosidl_typesupport_introspection_cpp.dir/rosidl_typesupport_introspection_cpp/yolo_msgs/msg/detail/bounding_box2_d__type_support.cpp.o[0m
[2.189s] [ 72%] [32mBuilding CXX object CMakeFiles/yolo_msgs__rosidl_typesupport_introspection_cpp.dir/rosidl_typesupport_introspection_cpp/yolo_msgs/msg/detail/bounding_box3_d__type_support.cpp.o[0m
[2.191s] [ 73%] [32mBuilding C object CMakeFiles/yolo_msgs__rosidl_typesupport_introspection_c.dir/rosidl_typesupport_introspection_c/yolo_msgs/msg/detail/detection_array__type_support.c.o[0m
[2.198s] [ 73%] [32mBuilding C object CMakeFiles/yolo_msgs__rosidl_typesupport_introspection_c.dir/rosidl_typesupport_introspection_c/yolo_msgs/srv/detail/set_classes__type_support.c.o[0m
[2.206s] [ 73%] Built target yolo_msgs__rosidl_typesupport_cpp
[2.213s] [ 73%] [32mBuilding CXX object CMakeFiles/yolo_msgs__rosidl_typesupport_fastrtps_c.dir/rosidl_typesupport_fastrtps_c/yolo_msgs/msg/detail/detection_array__type_support_c.cpp.o[0m
[2.222s] [ 74%] [32mBuilding CXX object CMakeFiles/yolo_msgs__rosidl_typesupport_introspection_cpp.dir/rosidl_typesupport_introspection_cpp/yolo_msgs/msg/detail/mask__type_support.cpp.o[0m
[2.229s] [ 75%] [32mBuilding CXX object CMakeFiles/yolo_msgs__rosidl_typesupport_fastrtps_c.dir/rosidl_typesupport_fastrtps_c/yolo_msgs/srv/detail/set_classes__type_support_c.cpp.o[0m
[2.229s] [ 76%] [32mBuilding CXX object CMakeFiles/yolo_msgs__rosidl_typesupport_introspection_cpp.dir/rosidl_typesupport_introspection_cpp/yolo_msgs/msg/detail/key_point2_d__type_support.cpp.o[0m
[2.231s] [ 77%] [32mBuilding CXX object CMakeFiles/yolo_msgs__rosidl_typesupport_introspection_cpp.dir/rosidl_typesupport_introspection_cpp/yolo_msgs/msg/detail/key_point2_d_array__type_support.cpp.o[0m
[2.246s] [ 78%] [32m[1mLinking C shared library libyolo_msgs__rosidl_typesupport_introspection_c.so[0m
[2.272s] [ 79%] [32mBuilding CXX object CMakeFiles/yolo_msgs__rosidl_typesupport_introspection_cpp.dir/rosidl_typesupport_introspection_cpp/yolo_msgs/msg/detail/key_point3_d__type_support.cpp.o[0m
[2.273s] [ 79%] [32mBuilding CXX object CMakeFiles/yolo_msgs__rosidl_typesupport_introspection_cpp.dir/rosidl_typesupport_introspection_cpp/yolo_msgs/msg/detail/key_point3_d_array__type_support.cpp.o[0m
[2.276s] [ 80%] [32mBuilding CXX object CMakeFiles/yolo_msgs__rosidl_typesupport_introspection_cpp.dir/rosidl_typesupport_introspection_cpp/yolo_msgs/msg/detail/detection__type_support.cpp.o[0m
[2.279s] [ 81%] [32mBuilding CXX object CMakeFiles/yolo_msgs__rosidl_typesupport_introspection_cpp.dir/rosidl_typesupport_introspection_cpp/yolo_msgs/srv/detail/set_classes__type_support.cpp.o[0m
[2.281s] [ 82%] [32mBuilding CXX object CMakeFiles/yolo_msgs__rosidl_typesupport_introspection_cpp.dir/rosidl_typesupport_introspection_cpp/yolo_msgs/msg/detail/detection_array__type_support.cpp.o[0m
[2.293s] [ 82%] Built target yolo_msgs__rosidl_typesupport_introspection_c
[2.327s] [ 82%] [32m[1mLinking CXX shared library libyolo_msgs__rosidl_typesupport_fastrtps_cpp.so[0m
[2.397s] [ 82%] Built target yolo_msgs__rosidl_typesupport_fastrtps_cpp
[2.440s] [ 83%] [32m[1mLinking CXX shared library libyolo_msgs__rosidl_typesupport_fastrtps_c.so[0m
[2.489s] [ 83%] Built target yolo_msgs__rosidl_typesupport_fastrtps_c
[2.546s] [ 84%] [32m[1mLinking CXX shared library libyolo_msgs__rosidl_typesupport_introspection_cpp.so[0m
[2.586s] [ 84%] Built target yolo_msgs__rosidl_typesupport_introspection_cpp
[2.597s] [ 84%] Built target yolo_msgs
[2.609s] [ 85%] [34m[1mGenerating Python code for ROS interfaces[0m
[3.324s] [ 85%] Built target yolo_msgs__py
[3.336s] [ 86%] [32mBuilding C object CMakeFiles/yolo_msgs__rosidl_generator_py.dir/rosidl_generator_py/yolo_msgs/msg/_key_point2_d_array_s.c.o[0m
[3.336s] [ 87%] [32mBuilding C object CMakeFiles/yolo_msgs__rosidl_generator_py.dir/rosidl_generator_py/yolo_msgs/msg/_key_point3_d_array_s.c.o[0m
[3.336s] [ 88%] [32mBuilding C object CMakeFiles/yolo_msgs__rosidl_generator_py.dir/rosidl_generator_py/yolo_msgs/msg/_key_point3_d_s.c.o[0m
[3.337s] [ 90%] [32mBuilding C object CMakeFiles/yolo_msgs__rosidl_generator_py.dir/rosidl_generator_py/yolo_msgs/msg/_pose2_d_s.c.o[0m
[3.337s] [ 90%] [32mBuilding C object CMakeFiles/yolo_msgs__rosidl_generator_py.dir/rosidl_generator_py/yolo_msgs/msg/_point2_d_s.c.o[0m
[3.337s] [ 91%] [32mBuilding C object CMakeFiles/yolo_msgs__rosidl_generator_py.dir/rosidl_generator_py/yolo_msgs/msg/_bounding_box2_d_s.c.o[0m
[3.337s] [ 91%] [32mBuilding C object CMakeFiles/yolo_msgs__rosidl_generator_py.dir/rosidl_generator_py/yolo_msgs/msg/_vector2_s.c.o[0m
[3.337s] [ 92%] [32mBuilding C object CMakeFiles/yolo_msgs__rosidl_generator_py.dir/rosidl_generator_py/yolo_msgs/msg/_bounding_box3_d_s.c.o[0m
[3.337s] [ 93%] [32mBuilding C object CMakeFiles/yolo_msgs__rosidl_generator_py.dir/rosidl_generator_py/yolo_msgs/msg/_key_point2_d_s.c.o[0m
[3.337s] [ 93%] [32mBuilding C object CMakeFiles/yolo_msgs__rosidl_generator_py.dir/rosidl_generator_py/yolo_msgs/msg/_mask_s.c.o[0m
[3.337s] [ 94%] [32mBuilding C object CMakeFiles/yolo_msgs__rosidl_generator_py.dir/rosidl_generator_py/yolo_msgs/msg/_detection_s.c.o[0m
[3.338s] [ 95%] [32mBuilding C object CMakeFiles/yolo_msgs__rosidl_generator_py.dir/rosidl_generator_py/yolo_msgs/srv/_set_classes_s.c.o[0m
[3.338s] [ 95%] [32mBuilding C object CMakeFiles/yolo_msgs__rosidl_generator_py.dir/rosidl_generator_py/yolo_msgs/msg/_detection_array_s.c.o[0m
[3.409s] [ 96%] [32m[1mLinking C shared library rosidl_generator_py/yolo_msgs/libyolo_msgs__rosidl_generator_py.so[0m
[3.432s] [ 96%] Built target yolo_msgs__rosidl_generator_py
[3.444s] [ 97%] [32mBuilding C object CMakeFiles/yolo_msgs__rosidl_typesupport_fastrtps_c__pyext.dir/rosidl_generator_py/yolo_msgs/_yolo_msgs_s.ep.rosidl_typesupport_fastrtps_c.c.o[0m
[3.444s] [ 98%] [32mBuilding C object CMakeFiles/yolo_msgs__rosidl_typesupport_c__pyext.dir/rosidl_generator_py/yolo_msgs/_yolo_msgs_s.ep.rosidl_typesupport_c.c.o[0m
[3.444s] [ 99%] [32mBuilding C object CMakeFiles/yolo_msgs__rosidl_typesupport_introspection_c__pyext.dir/rosidl_generator_py/yolo_msgs/_yolo_msgs_s.ep.rosidl_typesupport_introspection_c.c.o[0m
[3.505s] [100%] [32m[1mLinking C shared library rosidl_generator_py/yolo_msgs/yolo_msgs_s__rosidl_typesupport_introspection_c.cpython-310-x86_64-linux-gnu.so[0m
[3.506s] [100%] [32m[1mLinking C shared library rosidl_generator_py/yolo_msgs/yolo_msgs_s__rosidl_typesupport_fastrtps_c.cpython-310-x86_64-linux-gnu.so[0m
[3.506s] [100%] [32m[1mLinking C shared library rosidl_generator_py/yolo_msgs/yolo_msgs_s__rosidl_typesupport_c.cpython-310-x86_64-linux-gnu.so[0m
[3.527s] [100%] Built target yolo_msgs__rosidl_typesupport_fastrtps_c__pyext
[3.531s] [100%] Built target yolo_msgs__rosidl_typesupport_introspection_c__pyext
[3.531s] [100%] Built target yolo_msgs__rosidl_typesupport_c__pyext
[3.537s] Invoked command in '/home/upsurge/tt_package/build/yolo_msgs' returned '0': CMAKE_PREFIX_PATH=/opt/ros/humble /usr/bin/cmake --build /home/upsurge/tt_package/build/yolo_msgs -- -j32 -l32
[3.538s] Invoking command in '/home/upsurge/tt_package/build/yolo_msgs': CMAKE_PREFIX_PATH=/opt/ros/humble /usr/bin/cmake --install /home/upsurge/tt_package/build/yolo_msgs
[3.541s] -- Install configuration: ""
[3.541s] -- Installing: /home/upsurge/tt_package/install/yolo_msgs/share/ament_index/resource_index/rosidl_interfaces/yolo_msgs
[3.541s] -- Installing: /home/upsurge/tt_package/install/yolo_msgs/include/yolo_msgs/yolo_msgs
[3.541s] -- Installing: /home/upsurge/tt_package/install/yolo_msgs/include/yolo_msgs/yolo_msgs/msg
[3.542s] -- Installing: /home/upsurge/tt_package/install/yolo_msgs/include/yolo_msgs/yolo_msgs/msg/detail
[3.542s] -- Installing: /home/upsurge/tt_package/install/yolo_msgs/include/yolo_msgs/yolo_msgs/msg/detail/detection__type_support.h
[3.542s] -- Installing: /home/upsurge/tt_package/install/yolo_msgs/include/yolo_msgs/yolo_msgs/msg/detail/vector2__functions.c
[3.542s] -- Installing: /home/upsurge/tt_package/install/yolo_msgs/include/yolo_msgs/yolo_msgs/msg/detail/vector2__struct.h
[3.542s] -- Installing: /home/upsurge/tt_package/install/yolo_msgs/include/yolo_msgs/yolo_msgs/msg/detail/detection_array__functions.h
[3.542s] -- Installing: /home/upsurge/tt_package/install/yolo_msgs/include/yolo_msgs/yolo_msgs/msg/detail/point2_d__functions.c
[3.542s] -- Installing: /home/upsurge/tt_package/install/yolo_msgs/include/yolo_msgs/yolo_msgs/msg/detail/vector2__type_support.h
[3.542s] -- Installing: /home/upsurge/tt_package/install/yolo_msgs/include/yolo_msgs/yolo_msgs/msg/detail/key_point2_d__type_support.h
[3.542s] -- Installing: /home/upsurge/tt_package/install/yolo_msgs/include/yolo_msgs/yolo_msgs/msg/detail/key_point2_d__functions.h
[3.542s] -- Installing: /home/upsurge/tt_package/install/yolo_msgs/include/yolo_msgs/yolo_msgs/msg/detail/pose2_d__functions.h
[3.542s] -- Installing: /home/upsurge/tt_package/install/yolo_msgs/include/yolo_msgs/yolo_msgs/msg/detail/key_point3_d__struct.h
[3.542s] -- Installing: /home/upsurge/tt_package/install/yolo_msgs/include/yolo_msgs/yolo_msgs/msg/detail/key_point3_d__type_support.h
[3.542s] -- Installing: /home/upsurge/tt_package/install/yolo_msgs/include/yolo_msgs/yolo_msgs/msg/detail/mask__struct.h
[3.542s] -- Installing: /home/upsurge/tt_package/install/yolo_msgs/include/yolo_msgs/yolo_msgs/msg/detail/detection_array__functions.c
[3.542s] -- Installing: /home/upsurge/tt_package/install/yolo_msgs/include/yolo_msgs/yolo_msgs/msg/detail/detection__functions.c
[3.542s] -- Installing: /home/upsurge/tt_package/install/yolo_msgs/include/yolo_msgs/yolo_msgs/msg/detail/point2_d__functions.h
[3.542s] -- Installing: /home/upsurge/tt_package/install/yolo_msgs/include/yolo_msgs/yolo_msgs/msg/detail/pose2_d__functions.c
[3.542s] -- Installing: /home/upsurge/tt_package/install/yolo_msgs/include/yolo_msgs/yolo_msgs/msg/detail/key_point2_d_array__functions.h
[3.542s] -- Installing: /home/upsurge/tt_package/install/yolo_msgs/include/yolo_msgs/yolo_msgs/msg/detail/vector2__functions.h
[3.542s] -- Installing: /home/upsurge/tt_package/install/yolo_msgs/include/yolo_msgs/yolo_msgs/msg/detail/bounding_box3_d__type_support.h
[3.543s] -- Installing: /home/upsurge/tt_package/install/yolo_msgs/include/yolo_msgs/yolo_msgs/msg/detail/bounding_box3_d__functions.c
[3.543s] -- Installing: /home/upsurge/tt_package/install/yolo_msgs/include/yolo_msgs/yolo_msgs/msg/detail/pose2_d__type_support.h
[3.543s] -- Installing: /home/upsurge/tt_package/install/yolo_msgs/include/yolo_msgs/yolo_msgs/msg/detail/bounding_box2_d__struct.h
[3.543s] -- Installing: /home/upsurge/tt_package/install/yolo_msgs/include/yolo_msgs/yolo_msgs/msg/detail/detection_array__struct.h
[3.543s] -- Installing: /home/upsurge/tt_package/install/yolo_msgs/include/yolo_msgs/yolo_msgs/msg/detail/key_point2_d__struct.h
[3.543s] -- Installing: /home/upsurge/tt_package/install/yolo_msgs/include/yolo_msgs/yolo_msgs/msg/detail/key_point3_d_array__struct.h
[3.543s] -- Installing: /home/upsurge/tt_package/install/yolo_msgs/include/yolo_msgs/yolo_msgs/msg/detail/point2_d__struct.h
[3.543s] -- Installing: /home/upsurge/tt_package/install/yolo_msgs/include/yolo_msgs/yolo_msgs/msg/detail/pose2_d__struct.h
[3.543s] -- Installing: /home/upsurge/tt_package/install/yolo_msgs/include/yolo_msgs/yolo_msgs/msg/detail/key_point3_d_array__type_support.h
[3.543s] -- Installing: /home/upsurge/tt_package/install/yolo_msgs/include/yolo_msgs/yolo_msgs/msg/detail/bounding_box2_d__functions.c
[3.543s] -- Installing: /home/upsurge/tt_package/install/yolo_msgs/include/yolo_msgs/yolo_msgs/msg/detail/detection__functions.h
[3.543s] -- Installing: /home/upsurge/tt_package/install/yolo_msgs/include/yolo_msgs/yolo_msgs/msg/detail/bounding_box3_d__struct.h
[3.543s] -- Installing: /home/upsurge/tt_package/install/yolo_msgs/include/yolo_msgs/yolo_msgs/msg/detail/bounding_box2_d__functions.h
[3.543s] -- Installing: /home/upsurge/tt_package/install/yolo_msgs/include/yolo_msgs/yolo_msgs/msg/detail/key_point3_d__functions.h
[3.543s] -- Installing: /home/upsurge/tt_package/install/yolo_msgs/include/yolo_msgs/yolo_msgs/msg/detail/key_point2_d__functions.c
[3.543s] -- Installing: /home/upsurge/tt_package/install/yolo_msgs/include/yolo_msgs/yolo_msgs/msg/detail/bounding_box3_d__functions.h
[3.543s] -- Installing: /home/upsurge/tt_package/install/yolo_msgs/include/yolo_msgs/yolo_msgs/msg/detail/key_point2_d_array__type_support.h
[3.543s] -- Installing: /home/upsurge/tt_package/install/yolo_msgs/include/yolo_msgs/yolo_msgs/msg/detail/bounding_box2_d__type_support.h
[3.543s] -- Installing: /home/upsurge/tt_package/install/yolo_msgs/include/yolo_msgs/yolo_msgs/msg/detail/key_point3_d__functions.c
[3.543s] -- Installing: /home/upsurge/tt_package/install/yolo_msgs/include/yolo_msgs/yolo_msgs/msg/detail/mask__functions.c
[3.543s] -- Installing: /home/upsurge/tt_package/install/yolo_msgs/include/yolo_msgs/yolo_msgs/msg/detail/key_point3_d_array__functions.c
[3.544s] -- Installing: /home/upsurge/tt_package/install/yolo_msgs/include/yolo_msgs/yolo_msgs/msg/detail/detection_array__type_support.h
[3.544s] -- Installing: /home/upsurge/tt_package/install/yolo_msgs/include/yolo_msgs/yolo_msgs/msg/detail/key_point2_d_array__functions.c
[3.544s] -- Installing: /home/upsurge/tt_package/install/yolo_msgs/include/yolo_msgs/yolo_msgs/msg/detail/mask__type_support.h
[3.544s] -- Installing: /home/upsurge/tt_package/install/yolo_msgs/include/yolo_msgs/yolo_msgs/msg/detail/mask__functions.h
[3.544s] -- Installing: /home/upsurge/tt_package/install/yolo_msgs/include/yolo_msgs/yolo_msgs/msg/detail/key_point3_d_array__functions.h
[3.544s] -- Installing: /home/upsurge/tt_package/install/yolo_msgs/include/yolo_msgs/yolo_msgs/msg/detail/key_point2_d_array__struct.h
[3.544s] -- Installing: /home/upsurge/tt_package/install/yolo_msgs/include/yolo_msgs/yolo_msgs/msg/detail/detection__struct.h
[3.544s] -- Installing: /home/upsurge/tt_package/install/yolo_msgs/include/yolo_msgs/yolo_msgs/msg/detail/point2_d__type_support.h
[3.544s] -- Installing: /home/upsurge/tt_package/install/yolo_msgs/include/yolo_msgs/yolo_msgs/msg/mask.h
[3.544s] -- Installing: /home/upsurge/tt_package/install/yolo_msgs/include/yolo_msgs/yolo_msgs/msg/point2_d.h
[3.544s] -- Installing: /home/upsurge/tt_package/install/yolo_msgs/include/yolo_msgs/yolo_msgs/msg/rosidl_generator_c__visibility_control.h
[3.544s] -- Installing: /home/upsurge/tt_package/install/yolo_msgs/include/yolo_msgs/yolo_msgs/msg/bounding_box3_d.h
[3.544s] -- Installing: /home/upsurge/tt_package/install/yolo_msgs/include/yolo_msgs/yolo_msgs/msg/key_point3_d_array.h
[3.544s] -- Installing: /home/upsurge/tt_package/install/yolo_msgs/include/yolo_msgs/yolo_msgs/msg/key_point3_d.h
[3.544s] -- Installing: /home/upsurge/tt_package/install/yolo_msgs/include/yolo_msgs/yolo_msgs/msg/pose2_d.h
[3.544s] -- Installing: /home/upsurge/tt_package/install/yolo_msgs/include/yolo_msgs/yolo_msgs/msg/key_point2_d_array.h
[3.544s] -- Installing: /home/upsurge/tt_package/install/yolo_msgs/include/yolo_msgs/yolo_msgs/msg/detection_array.h
[3.544s] -- Installing: /home/upsurge/tt_package/install/yolo_msgs/include/yolo_msgs/yolo_msgs/msg/key_point2_d.h
[3.544s] -- Installing: /home/upsurge/tt_package/install/yolo_msgs/include/yolo_msgs/yolo_msgs/msg/vector2.h
[3.544s] -- Installing: /home/upsurge/tt_package/install/yolo_msgs/include/yolo_msgs/yolo_msgs/msg/detection.h
[3.544s] -- Installing: /home/upsurge/tt_package/install/yolo_msgs/include/yolo_msgs/yolo_msgs/msg/bounding_box2_d.h
[3.544s] -- Installing: /home/upsurge/tt_package/install/yolo_msgs/include/yolo_msgs/yolo_msgs/srv
[3.544s] -- Installing: /home/upsurge/tt_package/install/yolo_msgs/include/yolo_msgs/yolo_msgs/srv/detail
[3.544s] -- Installing: /home/upsurge/tt_package/install/yolo_msgs/include/yolo_msgs/yolo_msgs/srv/detail/set_classes__functions.h
[3.544s] -- Installing: /home/upsurge/tt_package/install/yolo_msgs/include/yolo_msgs/yolo_msgs/srv/detail/set_classes__type_support.h
[3.545s] -- Installing: /home/upsurge/tt_package/install/yolo_msgs/include/yolo_msgs/yolo_msgs/srv/detail/set_classes__struct.h
[3.545s] -- Installing: /home/upsurge/tt_package/install/yolo_msgs/include/yolo_msgs/yolo_msgs/srv/detail/set_classes__functions.c
[3.545s] -- Installing: /home/upsurge/tt_package/install/yolo_msgs/include/yolo_msgs/yolo_msgs/srv/set_classes.h
[3.545s] -- Installing: /home/upsurge/tt_package/install/yolo_msgs/share/yolo_msgs/environment/library_path.sh
[3.545s] -- Installing: /home/upsurge/tt_package/install/yolo_msgs/share/yolo_msgs/environment/library_path.dsv
[3.545s] -- Installing: /home/upsurge/tt_package/install/yolo_msgs/lib/libyolo_msgs__rosidl_generator_c.so
[3.545s] -- Set runtime path of "/home/upsurge/tt_package/install/yolo_msgs/lib/libyolo_msgs__rosidl_generator_c.so" to ""
[3.545s] -- Up-to-date: /home/upsurge/tt_package/install/yolo_msgs/include/yolo_msgs/yolo_msgs
[3.545s] -- Up-to-date: /home/upsurge/tt_package/install/yolo_msgs/include/yolo_msgs/yolo_msgs/msg
[3.545s] -- Up-to-date: /home/upsurge/tt_package/install/yolo_msgs/include/yolo_msgs/yolo_msgs/msg/detail
[3.545s] -- Installing: /home/upsurge/tt_package/install/yolo_msgs/include/yolo_msgs/yolo_msgs/msg/detail/point2_d__rosidl_typesupport_fastrtps_c.h
[3.545s] -- Installing: /home/upsurge/tt_package/install/yolo_msgs/include/yolo_msgs/yolo_msgs/msg/detail/bounding_box2_d__rosidl_typesupport_fastrtps_c.h
[3.545s] -- Installing: /home/upsurge/tt_package/install/yolo_msgs/include/yolo_msgs/yolo_msgs/msg/detail/key_point2_d__rosidl_typesupport_fastrtps_c.h
[3.545s] -- Installing: /home/upsurge/tt_package/install/yolo_msgs/include/yolo_msgs/yolo_msgs/msg/detail/bounding_box3_d__rosidl_typesupport_fastrtps_c.h
[3.545s] -- Installing: /home/upsurge/tt_package/install/yolo_msgs/include/yolo_msgs/yolo_msgs/msg/detail/key_point3_d__rosidl_typesupport_fastrtps_c.h
[3.545s] -- Installing: /home/upsurge/tt_package/install/yolo_msgs/include/yolo_msgs/yolo_msgs/msg/detail/pose2_d__rosidl_typesupport_fastrtps_c.h
[3.545s] -- Installing: /home/upsurge/tt_package/install/yolo_msgs/include/yolo_msgs/yolo_msgs/msg/detail/detection_array__rosidl_typesupport_fastrtps_c.h
[3.545s] -- Installing: /home/upsurge/tt_package/install/yolo_msgs/include/yolo_msgs/yolo_msgs/msg/detail/detection__rosidl_typesupport_fastrtps_c.h
[3.545s] -- Installing: /home/upsurge/tt_package/install/yolo_msgs/include/yolo_msgs/yolo_msgs/msg/detail/vector2__rosidl_typesupport_fastrtps_c.h
[3.545s] -- Installing: /home/upsurge/tt_package/install/yolo_msgs/include/yolo_msgs/yolo_msgs/msg/detail/key_point3_d_array__rosidl_typesupport_fastrtps_c.h
[3.545s] -- Installing: /home/upsurge/tt_package/install/yolo_msgs/include/yolo_msgs/yolo_msgs/msg/detail/mask__rosidl_typesupport_fastrtps_c.h
[3.545s] -- Installing: /home/upsurge/tt_package/install/yolo_msgs/include/yolo_msgs/yolo_msgs/msg/detail/key_point2_d_array__rosidl_typesupport_fastrtps_c.h
[3.545s] -- Installing: /home/upsurge/tt_package/install/yolo_msgs/include/yolo_msgs/yolo_msgs/msg/rosidl_typesupport_fastrtps_c__visibility_control.h
[3.545s] -- Up-to-date: /home/upsurge/tt_package/install/yolo_msgs/include/yolo_msgs/yolo_msgs/srv
[3.545s] -- Up-to-date: /home/upsurge/tt_package/install/yolo_msgs/include/yolo_msgs/yolo_msgs/srv/detail
[3.545s] -- Installing: /home/upsurge/tt_package/install/yolo_msgs/include/yolo_msgs/yolo_msgs/srv/detail/set_classes__rosidl_typesupport_fastrtps_c.h
[3.545s] -- Installing: /home/upsurge/tt_package/install/yolo_msgs/lib/libyolo_msgs__rosidl_typesupport_fastrtps_c.so
[3.545s] -- Set runtime path of "/home/upsurge/tt_package/install/yolo_msgs/lib/libyolo_msgs__rosidl_typesupport_fastrtps_c.so" to ""
[3.545s] -- Up-to-date: /home/upsurge/tt_package/install/yolo_msgs/include/yolo_msgs/yolo_msgs
[3.545s] -- Up-to-date: /home/upsurge/tt_package/install/yolo_msgs/include/yolo_msgs/yolo_msgs/msg
[3.545s] -- Up-to-date: /home/upsurge/tt_package/install/yolo_msgs/include/yolo_msgs/yolo_msgs/msg/detail
[3.545s] -- Installing: /home/upsurge/tt_package/install/yolo_msgs/include/yolo_msgs/yolo_msgs/msg/detail/mask__rosidl_typesupport_introspection_c.h
[3.545s] -- Installing: /home/upsurge/tt_package/install/yolo_msgs/include/yolo_msgs/yolo_msgs/msg/detail/vector2__type_support.c
[3.545s] -- Installing: /home/upsurge/tt_package/install/yolo_msgs/include/yolo_msgs/yolo_msgs/msg/detail/detection__type_support.c
[3.545s] -- Installing: /home/upsurge/tt_package/install/yolo_msgs/include/yolo_msgs/yolo_msgs/msg/detail/vector2__rosidl_typesupport_introspection_c.h
[3.545s] -- Installing: /home/upsurge/tt_package/install/yolo_msgs/include/yolo_msgs/yolo_msgs/msg/detail/key_point2_d_array__rosidl_typesupport_introspection_c.h
[3.545s] -- Installing: /home/upsurge/tt_package/install/yolo_msgs/include/yolo_msgs/yolo_msgs/msg/detail/detection_array__rosidl_typesupport_introspection_c.h
[3.545s] -- Installing: /home/upsurge/tt_package/install/yolo_msgs/include/yolo_msgs/yolo_msgs/msg/detail/bounding_box3_d__rosidl_typesupport_introspection_c.h
[3.545s] -- Installing: /home/upsurge/tt_package/install/yolo_msgs/include/yolo_msgs/yolo_msgs/msg/detail/point2_d__rosidl_typesupport_introspection_c.h
[3.545s] -- Installing: /home/upsurge/tt_package/install/yolo_msgs/include/yolo_msgs/yolo_msgs/msg/detail/detection__rosidl_typesupport_introspection_c.h
[3.545s] -- Installing: /home/upsurge/tt_package/install/yolo_msgs/include/yolo_msgs/yolo_msgs/msg/detail/bounding_box2_d__rosidl_typesupport_introspection_c.h
[3.545s] -- Installing: /home/upsurge/tt_package/install/yolo_msgs/include/yolo_msgs/yolo_msgs/msg/detail/point2_d__type_support.c
[3.545s] -- Installing: /home/upsurge/tt_package/install/yolo_msgs/include/yolo_msgs/yolo_msgs/msg/detail/bounding_box2_d__type_support.c
[3.545s] -- Installing: /home/upsurge/tt_package/install/yolo_msgs/include/yolo_msgs/yolo_msgs/msg/detail/bounding_box3_d__type_support.c
[3.545s] -- Installing: /home/upsurge/tt_package/install/yolo_msgs/include/yolo_msgs/yolo_msgs/msg/detail/detection_array__type_support.c
[3.546s] -- Installing: /home/upsurge/tt_package/install/yolo_msgs/include/yolo_msgs/yolo_msgs/msg/detail/mask__type_support.c
[3.546s] -- Installing: /home/upsurge/tt_package/install/yolo_msgs/include/yolo_msgs/yolo_msgs/msg/detail/key_point2_d__type_support.c
[3.546s] -- Installing: /home/upsurge/tt_package/install/yolo_msgs/include/yolo_msgs/yolo_msgs/msg/detail/pose2_d__rosidl_typesupport_introspection_c.h
[3.546s] -- Installing: /home/upsurge/tt_package/install/yolo_msgs/include/yolo_msgs/yolo_msgs/msg/detail/pose2_d__type_support.c
[3.546s] -- Installing: /home/upsurge/tt_package/install/yolo_msgs/include/yolo_msgs/yolo_msgs/msg/detail/key_point3_d_array__type_support.c
[3.546s] -- Installing: /home/upsurge/tt_package/install/yolo_msgs/include/yolo_msgs/yolo_msgs/msg/detail/key_point2_d__rosidl_typesupport_introspection_c.h
[3.546s] -- Installing: /home/upsurge/tt_package/install/yolo_msgs/include/yolo_msgs/yolo_msgs/msg/detail/key_point2_d_array__type_support.c
[3.546s] -- Installing: /home/upsurge/tt_package/install/yolo_msgs/include/yolo_msgs/yolo_msgs/msg/detail/key_point3_d__type_support.c
[3.546s] -- Installing: /home/upsurge/tt_package/install/yolo_msgs/include/yolo_msgs/yolo_msgs/msg/detail/key_point3_d_array__rosidl_typesupport_introspection_c.h
[3.546s] -- Installing: /home/upsurge/tt_package/install/yolo_msgs/include/yolo_msgs/yolo_msgs/msg/detail/key_point3_d__rosidl_typesupport_introspection_c.h
[3.546s] -- Installing: /home/upsurge/tt_package/install/yolo_msgs/include/yolo_msgs/yolo_msgs/msg/rosidl_typesupport_introspection_c__visibility_control.h
[3.546s] -- Up-to-date: /home/upsurge/tt_package/install/yolo_msgs/include/yolo_msgs/yolo_msgs/srv
[3.546s] -- Up-to-date: /home/upsurge/tt_package/install/yolo_msgs/include/yolo_msgs/yolo_msgs/srv/detail
[3.546s] -- Installing: /home/upsurge/tt_package/install/yolo_msgs/include/yolo_msgs/yolo_msgs/srv/detail/set_classes__rosidl_typesupport_introspection_c.h
[3.546s] -- Installing: /home/upsurge/tt_package/install/yolo_msgs/include/yolo_msgs/yolo_msgs/srv/detail/set_classes__type_support.c
[3.546s] -- Installing: /home/upsurge/tt_package/install/yolo_msgs/lib/libyolo_msgs__rosidl_typesupport_introspection_c.so
[3.546s] -- Set runtime path of "/home/upsurge/tt_package/install/yolo_msgs/lib/libyolo_msgs__rosidl_typesupport_introspection_c.so" to ""
[3.546s] -- Installing: /home/upsurge/tt_package/install/yolo_msgs/lib/libyolo_msgs__rosidl_typesupport_c.so
[3.546s] -- Set runtime path of "/home/upsurge/tt_package/install/yolo_msgs/lib/libyolo_msgs__rosidl_typesupport_c.so" to ""
[3.546s] -- Up-to-date: /home/upsurge/tt_package/install/yolo_msgs/include/yolo_msgs/yolo_msgs
[3.546s] -- Up-to-date: /home/upsurge/tt_package/install/yolo_msgs/include/yolo_msgs/yolo_msgs/msg
[3.546s] -- Up-to-date: /home/upsurge/tt_package/install/yolo_msgs/include/yolo_msgs/yolo_msgs/msg/detail
[3.546s] -- Installing: /home/upsurge/tt_package/install/yolo_msgs/include/yolo_msgs/yolo_msgs/msg/detail/key_point2_d_array__builder.hpp
[3.546s] -- Installing: /home/upsurge/tt_package/install/yolo_msgs/include/yolo_msgs/yolo_msgs/msg/detail/key_point2_d__struct.hpp
[3.546s] -- Installing: /home/upsurge/tt_package/install/yolo_msgs/include/yolo_msgs/yolo_msgs/msg/detail/point2_d__builder.hpp
[3.546s] -- Installing: /home/upsurge/tt_package/install/yolo_msgs/include/yolo_msgs/yolo_msgs/msg/detail/key_point2_d__builder.hpp
[3.546s] -- Installing: /home/upsurge/tt_package/install/yolo_msgs/include/yolo_msgs/yolo_msgs/msg/detail/key_point3_d__type_support.hpp
[3.546s] -- Installing: /home/upsurge/tt_package/install/yolo_msgs/include/yolo_msgs/yolo_msgs/msg/detail/bounding_box2_d__type_support.hpp
[3.546s] -- Installing: /home/upsurge/tt_package/install/yolo_msgs/include/yolo_msgs/yolo_msgs/msg/detail/key_point3_d__traits.hpp
[3.546s] -- Installing: /home/upsurge/tt_package/install/yolo_msgs/include/yolo_msgs/yolo_msgs/msg/detail/bounding_box2_d__builder.hpp
[3.546s] -- Installing: /home/upsurge/tt_package/install/yolo_msgs/include/yolo_msgs/yolo_msgs/msg/detail/key_point3_d_array__struct.hpp
[3.546s] -- Installing: /home/upsurge/tt_package/install/yolo_msgs/include/yolo_msgs/yolo_msgs/msg/detail/key_point2_d_array__type_support.hpp
[3.546s] -- Installing: /home/upsurge/tt_package/install/yolo_msgs/include/yolo_msgs/yolo_msgs/msg/detail/pose2_d__struct.hpp
[3.546s] -- Installing: /home/upsurge/tt_package/install/yolo_msgs/include/yolo_msgs/yolo_msgs/msg/detail/bounding_box3_d__traits.hpp
[3.546s] -- Installing: /home/upsurge/tt_package/install/yolo_msgs/include/yolo_msgs/yolo_msgs/msg/detail/key_point3_d__struct.hpp
[3.546s] -- Installing: /home/upsurge/tt_package/install/yolo_msgs/include/yolo_msgs/yolo_msgs/msg/detail/mask__traits.hpp
[3.546s] -- Installing: /home/upsurge/tt_package/install/yolo_msgs/include/yolo_msgs/yolo_msgs/msg/detail/detection__traits.hpp
[3.546s] -- Installing: /home/upsurge/tt_package/install/yolo_msgs/include/yolo_msgs/yolo_msgs/msg/detail/detection__builder.hpp
[3.546s] -- Installing: /home/upsurge/tt_package/install/yolo_msgs/include/yolo_msgs/yolo_msgs/msg/detail/mask__struct.hpp
[3.546s] -- Installing: /home/upsurge/tt_package/install/yolo_msgs/include/yolo_msgs/yolo_msgs/msg/detail/bounding_box3_d__struct.hpp
[3.546s] -- Installing: /home/upsurge/tt_package/install/yolo_msgs/include/yolo_msgs/yolo_msgs/msg/detail/bounding_box2_d__traits.hpp
[3.546s] -- Installing: /home/upsurge/tt_package/install/yolo_msgs/include/yolo_msgs/yolo_msgs/msg/detail/key_point3_d_array__type_support.hpp
[3.546s] -- Installing: /home/upsurge/tt_package/install/yolo_msgs/include/yolo_msgs/yolo_msgs/msg/detail/key_point2_d__type_support.hpp
[3.546s] -- Installing: /home/upsurge/tt_package/install/yolo_msgs/include/yolo_msgs/yolo_msgs/msg/detail/key_point3_d__builder.hpp
[3.546s] -- Installing: /home/upsurge/tt_package/install/yolo_msgs/include/yolo_msgs/yolo_msgs/msg/detail/key_point3_d_array__builder.hpp
[3.547s] -- Installing: /home/upsurge/tt_package/install/yolo_msgs/include/yolo_msgs/yolo_msgs/msg/detail/key_point2_d_array__traits.hpp
[3.547s] -- Installing: /home/upsurge/tt_package/install/yolo_msgs/include/yolo_msgs/yolo_msgs/msg/detail/mask__type_support.hpp
[3.547s] -- Installing: /home/upsurge/tt_package/install/yolo_msgs/include/yolo_msgs/yolo_msgs/msg/detail/detection_array__struct.hpp
[3.547s] -- Installing: /home/upsurge/tt_package/install/yolo_msgs/include/yolo_msgs/yolo_msgs/msg/detail/detection_array__builder.hpp
[3.547s] -- Installing: /home/upsurge/tt_package/install/yolo_msgs/include/yolo_msgs/yolo_msgs/msg/detail/key_point3_d_array__traits.hpp
[3.547s] -- Installing: /home/upsurge/tt_package/install/yolo_msgs/include/yolo_msgs/yolo_msgs/msg/detail/vector2__struct.hpp
[3.547s] -- Installing: /home/upsurge/tt_package/install/yolo_msgs/include/yolo_msgs/yolo_msgs/msg/detail/bounding_box2_d__struct.hpp
[3.547s] -- Installing: /home/upsurge/tt_package/install/yolo_msgs/include/yolo_msgs/yolo_msgs/msg/detail/vector2__type_support.hpp
[3.547s] -- Installing: /home/upsurge/tt_package/install/yolo_msgs/include/yolo_msgs/yolo_msgs/msg/detail/bounding_box3_d__builder.hpp
[3.547s] -- Installing: /home/upsurge/tt_package/install/yolo_msgs/include/yolo_msgs/yolo_msgs/msg/detail/pose2_d__builder.hpp
[3.547s] -- Installing: /home/upsurge/tt_package/install/yolo_msgs/include/yolo_msgs/yolo_msgs/msg/detail/point2_d__struct.hpp
[3.547s] -- Installing: /home/upsurge/tt_package/install/yolo_msgs/include/yolo_msgs/yolo_msgs/msg/detail/detection_array__traits.hpp
[3.547s] -- Installing: /home/upsurge/tt_package/install/yolo_msgs/include/yolo_msgs/yolo_msgs/msg/detail/vector2__traits.hpp
[3.547s] -- Installing: /home/upsurge/tt_package/install/yolo_msgs/include/yolo_msgs/yolo_msgs/msg/detail/bounding_box3_d__type_support.hpp
[3.547s] -- Installing: /home/upsurge/tt_package/install/yolo_msgs/include/yolo_msgs/yolo_msgs/msg/detail/pose2_d__type_support.hpp
[3.547s] -- Installing: /home/upsurge/tt_package/install/yolo_msgs/include/yolo_msgs/yolo_msgs/msg/detail/pose2_d__traits.hpp
[3.547s] -- Installing: /home/upsurge/tt_package/install/yolo_msgs/include/yolo_msgs/yolo_msgs/msg/detail/detection_array__type_support.hpp
[3.547s] -- Installing: /home/upsurge/tt_package/install/yolo_msgs/include/yolo_msgs/yolo_msgs/msg/detail/point2_d__type_support.hpp
[3.547s] -- Installing: /home/upsurge/tt_package/install/yolo_msgs/include/yolo_msgs/yolo_msgs/msg/detail/vector2__builder.hpp
[3.547s] -- Installing: /home/upsurge/tt_package/install/yolo_msgs/include/yolo_msgs/yolo_msgs/msg/detail/point2_d__traits.hpp
[3.547s] -- Installing: /home/upsurge/tt_package/install/yolo_msgs/include/yolo_msgs/yolo_msgs/msg/detail/key_point2_d_array__struct.hpp
[3.547s] -- Installing: /home/upsurge/tt_package/install/yolo_msgs/include/yolo_msgs/yolo_msgs/msg/detail/mask__builder.hpp
[3.547s] -- Installing: /home/upsurge/tt_package/install/yolo_msgs/include/yolo_msgs/yolo_msgs/msg/detail/detection__type_support.hpp
[3.547s] -- Installing: /home/upsurge/tt_package/install/yolo_msgs/include/yolo_msgs/yolo_msgs/msg/detail/key_point2_d__traits.hpp
[3.547s] -- Installing: /home/upsurge/tt_package/install/yolo_msgs/include/yolo_msgs/yolo_msgs/msg/detail/detection__struct.hpp
[3.547s] -- Installing: /home/upsurge/tt_package/install/yolo_msgs/include/yolo_msgs/yolo_msgs/msg/detection_array.hpp
[3.547s] -- Installing: /home/upsurge/tt_package/install/yolo_msgs/include/yolo_msgs/yolo_msgs/msg/bounding_box2_d.hpp
[3.547s] -- Installing: /home/upsurge/tt_package/install/yolo_msgs/include/yolo_msgs/yolo_msgs/msg/point2_d.hpp
[3.547s] -- Installing: /home/upsurge/tt_package/install/yolo_msgs/include/yolo_msgs/yolo_msgs/msg/detection.hpp
[3.547s] -- Installing: /home/upsurge/tt_package/install/yolo_msgs/include/yolo_msgs/yolo_msgs/msg/mask.hpp
[3.547s] -- Installing: /home/upsurge/tt_package/install/yolo_msgs/include/yolo_msgs/yolo_msgs/msg/rosidl_generator_cpp__visibility_control.hpp
[3.547s] -- Installing: /home/upsurge/tt_package/install/yolo_msgs/include/yolo_msgs/yolo_msgs/msg/pose2_d.hpp
[3.547s] -- Installing: /home/upsurge/tt_package/install/yolo_msgs/include/yolo_msgs/yolo_msgs/msg/vector2.hpp
[3.547s] -- Installing: /home/upsurge/tt_package/install/yolo_msgs/include/yolo_msgs/yolo_msgs/msg/key_point3_d_array.hpp
[3.547s] -- Installing: /home/upsurge/tt_package/install/yolo_msgs/include/yolo_msgs/yolo_msgs/msg/bounding_box3_d.hpp
[3.547s] -- Installing: /home/upsurge/tt_package/install/yolo_msgs/include/yolo_msgs/yolo_msgs/msg/key_point2_d.hpp
[3.547s] -- Installing: /home/upsurge/tt_package/install/yolo_msgs/include/yolo_msgs/yolo_msgs/msg/key_point2_d_array.hpp
[3.547s] -- Installing: /home/upsurge/tt_package/install/yolo_msgs/include/yolo_msgs/yolo_msgs/msg/key_point3_d.hpp
[3.547s] -- Up-to-date: /home/upsurge/tt_package/install/yolo_msgs/include/yolo_msgs/yolo_msgs/srv
[3.547s] -- Up-to-date: /home/upsurge/tt_package/install/yolo_msgs/include/yolo_msgs/yolo_msgs/srv/detail
[3.547s] -- Installing: /home/upsurge/tt_package/install/yolo_msgs/include/yolo_msgs/yolo_msgs/srv/detail/set_classes__struct.hpp
[3.547s] -- Installing: /home/upsurge/tt_package/install/yolo_msgs/include/yolo_msgs/yolo_msgs/srv/detail/set_classes__builder.hpp
[3.547s] -- Installing: /home/upsurge/tt_package/install/yolo_msgs/include/yolo_msgs/yolo_msgs/srv/detail/set_classes__type_support.hpp
[3.547s] -- Installing: /home/upsurge/tt_package/install/yolo_msgs/include/yolo_msgs/yolo_msgs/srv/detail/set_classes__traits.hpp
[3.547s] -- Installing: /home/upsurge/tt_package/install/yolo_msgs/include/yolo_msgs/yolo_msgs/srv/set_classes.hpp
[3.547s] -- Up-to-date: /home/upsurge/tt_package/install/yolo_msgs/include/yolo_msgs/yolo_msgs
[3.547s] -- Up-to-date: /home/upsurge/tt_package/install/yolo_msgs/include/yolo_msgs/yolo_msgs/msg
[3.547s] -- Up-to-date: /home/upsurge/tt_package/install/yolo_msgs/include/yolo_msgs/yolo_msgs/msg/detail
[3.548s] -- Installing: /home/upsurge/tt_package/install/yolo_msgs/include/yolo_msgs/yolo_msgs/msg/detail/key_point3_d_array__rosidl_typesupport_fastrtps_cpp.hpp
[3.548s] -- Installing: /home/upsurge/tt_package/install/yolo_msgs/include/yolo_msgs/yolo_msgs/msg/detail/bounding_box2_d__rosidl_typesupport_fastrtps_cpp.hpp
[3.548s] -- Installing: /home/upsurge/tt_package/install/yolo_msgs/include/yolo_msgs/yolo_msgs/msg/detail/key_point3_d__rosidl_typesupport_fastrtps_cpp.hpp
[3.548s] -- Installing: /home/upsurge/tt_package/install/yolo_msgs/include/yolo_msgs/yolo_msgs/msg/detail/bounding_box3_d__rosidl_typesupport_fastrtps_cpp.hpp
[3.548s] -- Installing: /home/upsurge/tt_package/install/yolo_msgs/include/yolo_msgs/yolo_msgs/msg/detail/mask__rosidl_typesupport_fastrtps_cpp.hpp
[3.548s] -- Installing: /home/upsurge/tt_package/install/yolo_msgs/include/yolo_msgs/yolo_msgs/msg/detail/pose2_d__rosidl_typesupport_fastrtps_cpp.hpp
[3.548s] -- Installing: /home/upsurge/tt_package/install/yolo_msgs/include/yolo_msgs/yolo_msgs/msg/detail/detection_array__rosidl_typesupport_fastrtps_cpp.hpp
[3.548s] -- Installing: /home/upsurge/tt_package/install/yolo_msgs/include/yolo_msgs/yolo_msgs/msg/detail/point2_d__rosidl_typesupport_fastrtps_cpp.hpp
[3.548s] -- Installing: /home/upsurge/tt_package/install/yolo_msgs/include/yolo_msgs/yolo_msgs/msg/detail/key_point2_d__rosidl_typesupport_fastrtps_cpp.hpp
[3.548s] -- Installing: /home/upsurge/tt_package/install/yolo_msgs/include/yolo_msgs/yolo_msgs/msg/detail/key_point2_d_array__rosidl_typesupport_fastrtps_cpp.hpp
[3.548s] -- Installing: /home/upsurge/tt_package/install/yolo_msgs/include/yolo_msgs/yolo_msgs/msg/detail/vector2__rosidl_typesupport_fastrtps_cpp.hpp
[3.548s] -- Installing: /home/upsurge/tt_package/install/yolo_msgs/include/yolo_msgs/yolo_msgs/msg/detail/dds_fastrtps
[3.548s] -- Installing: /home/upsurge/tt_package/install/yolo_msgs/include/yolo_msgs/yolo_msgs/msg/detail/detection__rosidl_typesupport_fastrtps_cpp.hpp
[3.548s] -- Installing: /home/upsurge/tt_package/install/yolo_msgs/include/yolo_msgs/yolo_msgs/msg/rosidl_typesupport_fastrtps_cpp__visibility_control.h
[3.548s] -- Up-to-date: /home/upsurge/tt_package/install/yolo_msgs/include/yolo_msgs/yolo_msgs/srv
[3.548s] -- Up-to-date: /home/upsurge/tt_package/install/yolo_msgs/include/yolo_msgs/yolo_msgs/srv/detail
[3.548s] -- Installing: /home/upsurge/tt_package/install/yolo_msgs/include/yolo_msgs/yolo_msgs/srv/detail/set_classes__rosidl_typesupport_fastrtps_cpp.hpp
[3.548s] -- Installing: /home/upsurge/tt_package/install/yolo_msgs/include/yolo_msgs/yolo_msgs/srv/detail/dds_fastrtps
[3.548s] -- Installing: /home/upsurge/tt_package/install/yolo_msgs/lib/libyolo_msgs__rosidl_typesupport_fastrtps_cpp.so
[3.548s] -- Set runtime path of "/home/upsurge/tt_package/install/yolo_msgs/lib/libyolo_msgs__rosidl_typesupport_fastrtps_cpp.so" to ""
[3.548s] -- Up-to-date: /home/upsurge/tt_package/install/yolo_msgs/include/yolo_msgs/yolo_msgs
[3.548s] -- Up-to-date: /home/upsurge/tt_package/install/yolo_msgs/include/yolo_msgs/yolo_msgs/msg
[3.548s] -- Up-to-date: /home/upsurge/tt_package/install/yolo_msgs/include/yolo_msgs/yolo_msgs/msg/detail
[3.548s] -- Installing: /home/upsurge/tt_package/install/yolo_msgs/include/yolo_msgs/yolo_msgs/msg/detail/key_point2_d__rosidl_typesupport_introspection_cpp.hpp
[3.548s] -- Installing: /home/upsurge/tt_package/install/yolo_msgs/include/yolo_msgs/yolo_msgs/msg/detail/key_point3_d_array__type_support.cpp
[3.548s] -- Installing: /home/upsurge/tt_package/install/yolo_msgs/include/yolo_msgs/yolo_msgs/msg/detail/key_point2_d__type_support.cpp
[3.548s] -- Installing: /home/upsurge/tt_package/install/yolo_msgs/include/yolo_msgs/yolo_msgs/msg/detail/bounding_box2_d__rosidl_typesupport_introspection_cpp.hpp
[3.548s] -- Installing: /home/upsurge/tt_package/install/yolo_msgs/include/yolo_msgs/yolo_msgs/msg/detail/key_point2_d_array__rosidl_typesupport_introspection_cpp.hpp
[3.548s] -- Installing: /home/upsurge/tt_package/install/yolo_msgs/include/yolo_msgs/yolo_msgs/msg/detail/detection__type_support.cpp
[3.548s] -- Installing: /home/upsurge/tt_package/install/yolo_msgs/include/yolo_msgs/yolo_msgs/msg/detail/point2_d__type_support.cpp
[3.548s] -- Installing: /home/upsurge/tt_package/install/yolo_msgs/include/yolo_msgs/yolo_msgs/msg/detail/vector2__rosidl_typesupport_introspection_cpp.hpp
[3.548s] -- Installing: /home/upsurge/tt_package/install/yolo_msgs/include/yolo_msgs/yolo_msgs/msg/detail/vector2__type_support.cpp
[3.548s] -- Installing: /home/upsurge/tt_package/install/yolo_msgs/include/yolo_msgs/yolo_msgs/msg/detail/detection_array__type_support.cpp
[3.548s] -- Installing: /home/upsurge/tt_package/install/yolo_msgs/include/yolo_msgs/yolo_msgs/msg/detail/pose2_d__type_support.cpp
[3.548s] -- Installing: /home/upsurge/tt_package/install/yolo_msgs/include/yolo_msgs/yolo_msgs/msg/detail/mask__rosidl_typesupport_introspection_cpp.hpp
[3.548s] -- Installing: /home/upsurge/tt_package/install/yolo_msgs/include/yolo_msgs/yolo_msgs/msg/detail/pose2_d__rosidl_typesupport_introspection_cpp.hpp
[3.548s] -- Installing: /home/upsurge/tt_package/install/yolo_msgs/include/yolo_msgs/yolo_msgs/msg/detail/key_point2_d_array__type_support.cpp
[3.548s] -- Installing: /home/upsurge/tt_package/install/yolo_msgs/include/yolo_msgs/yolo_msgs/msg/detail/key_point3_d__rosidl_typesupport_introspection_cpp.hpp
[3.548s] -- Installing: /home/upsurge/tt_package/install/yolo_msgs/include/yolo_msgs/yolo_msgs/msg/detail/detection_array__rosidl_typesupport_introspection_cpp.hpp
[3.548s] -- Installing: /home/upsurge/tt_package/install/yolo_msgs/include/yolo_msgs/yolo_msgs/msg/detail/detection__rosidl_typesupport_introspection_cpp.hpp
[3.548s] -- Installing: /home/upsurge/tt_package/install/yolo_msgs/include/yolo_msgs/yolo_msgs/msg/detail/bounding_box3_d__type_support.cpp
[3.548s] -- Installing: /home/upsurge/tt_package/install/yolo_msgs/include/yolo_msgs/yolo_msgs/msg/detail/bounding_box2_d__type_support.cpp
[3.548s] -- Installing: /home/upsurge/tt_package/install/yolo_msgs/include/yolo_msgs/yolo_msgs/msg/detail/key_point3_d_array__rosidl_typesupport_introspection_cpp.hpp
[3.548s] -- Installing: /home/upsurge/tt_package/install/yolo_msgs/include/yolo_msgs/yolo_msgs/msg/detail/bounding_box3_d__rosidl_typesupport_introspection_cpp.hpp
[3.549s] -- Installing: /home/upsurge/tt_package/install/yolo_msgs/include/yolo_msgs/yolo_msgs/msg/detail/key_point3_d__type_support.cpp
[3.549s] -- Installing: /home/upsurge/tt_package/install/yolo_msgs/include/yolo_msgs/yolo_msgs/msg/detail/mask__type_support.cpp
[3.549s] -- Installing: /home/upsurge/tt_package/install/yolo_msgs/include/yolo_msgs/yolo_msgs/msg/detail/point2_d__rosidl_typesupport_introspection_cpp.hpp
[3.549s] -- Up-to-date: /home/upsurge/tt_package/install/yolo_msgs/include/yolo_msgs/yolo_msgs/srv
[3.549s] -- Up-to-date: /home/upsurge/tt_package/install/yolo_msgs/include/yolo_msgs/yolo_msgs/srv/detail
[3.549s] -- Installing: /home/upsurge/tt_package/install/yolo_msgs/include/yolo_msgs/yolo_msgs/srv/detail/set_classes__rosidl_typesupport_introspection_cpp.hpp
[3.549s] -- Installing: /home/upsurge/tt_package/install/yolo_msgs/include/yolo_msgs/yolo_msgs/srv/detail/set_classes__type_support.cpp
[3.549s] -- Installing: /home/upsurge/tt_package/install/yolo_msgs/lib/libyolo_msgs__rosidl_typesupport_introspection_cpp.so
[3.549s] -- Set runtime path of "/home/upsurge/tt_package/install/yolo_msgs/lib/libyolo_msgs__rosidl_typesupport_introspection_cpp.so" to ""
[3.549s] -- Installing: /home/upsurge/tt_package/install/yolo_msgs/lib/libyolo_msgs__rosidl_typesupport_cpp.so
[3.549s] -- Set runtime path of "/home/upsurge/tt_package/install/yolo_msgs/lib/libyolo_msgs__rosidl_typesupport_cpp.so" to ""
[3.549s] -- Installing: /home/upsurge/tt_package/install/yolo_msgs/share/yolo_msgs/environment/pythonpath.sh
[3.549s] -- Installing: /home/upsurge/tt_package/install/yolo_msgs/share/yolo_msgs/environment/pythonpath.dsv
[3.549s] -- Installing: /home/upsurge/tt_package/install/yolo_msgs/local/lib/python3.10/dist-packages/yolo_msgs-4.1.0-py3.10.egg-info
[3.549s] -- Installing: /home/upsurge/tt_package/install/yolo_msgs/local/lib/python3.10/dist-packages/yolo_msgs-4.1.0-py3.10.egg-info/dependency_links.txt
[3.549s] -- Installing: /home/upsurge/tt_package/install/yolo_msgs/local/lib/python3.10/dist-packages/yolo_msgs-4.1.0-py3.10.egg-info/top_level.txt
[3.549s] -- Installing: /home/upsurge/tt_package/install/yolo_msgs/local/lib/python3.10/dist-packages/yolo_msgs-4.1.0-py3.10.egg-info/PKG-INFO
[3.549s] -- Installing: /home/upsurge/tt_package/install/yolo_msgs/local/lib/python3.10/dist-packages/yolo_msgs-4.1.0-py3.10.egg-info/SOURCES.txt
[3.549s] -- Installing: /home/upsurge/tt_package/install/yolo_msgs/local/lib/python3.10/dist-packages/yolo_msgs
[3.549s] -- Installing: /home/upsurge/tt_package/install/yolo_msgs/local/lib/python3.10/dist-packages/yolo_msgs/yolo_msgs_s__rosidl_typesupport_introspection_c.cpython-310-x86_64-linux-gnu.so
[3.549s] -- Installing: /home/upsurge/tt_package/install/yolo_msgs/local/lib/python3.10/dist-packages/yolo_msgs/yolo_msgs_s__rosidl_typesupport_fastrtps_c.cpython-310-x86_64-linux-gnu.so
[3.549s] -- Installing: /home/upsurge/tt_package/install/yolo_msgs/local/lib/python3.10/dist-packages/yolo_msgs/yolo_msgs_s__rosidl_typesupport_c.cpython-310-x86_64-linux-gnu.so
[3.549s] -- Installing: /home/upsurge/tt_package/install/yolo_msgs/local/lib/python3.10/dist-packages/yolo_msgs/_yolo_msgs_s.ep.rosidl_typesupport_introspection_c.c
[3.549s] -- Installing: /home/upsurge/tt_package/install/yolo_msgs/local/lib/python3.10/dist-packages/yolo_msgs/msg
[3.549s] -- Installing: /home/upsurge/tt_package/install/yolo_msgs/local/lib/python3.10/dist-packages/yolo_msgs/msg/_key_point3_d.py
[3.549s] -- Installing: /home/upsurge/tt_package/install/yolo_msgs/local/lib/python3.10/dist-packages/yolo_msgs/msg/_key_point2_d_s.c
[3.549s] -- Installing: /home/upsurge/tt_package/install/yolo_msgs/local/lib/python3.10/dist-packages/yolo_msgs/msg/_vector2_s.c
[3.549s] -- Installing: /home/upsurge/tt_package/install/yolo_msgs/local/lib/python3.10/dist-packages/yolo_msgs/msg/_point2_d_s.c
[3.549s] -- Installing: /home/upsurge/tt_package/install/yolo_msgs/local/lib/python3.10/dist-packages/yolo_msgs/msg/_key_point3_d_s.c
[3.549s] -- Installing: /home/upsurge/tt_package/install/yolo_msgs/local/lib/python3.10/dist-packages/yolo_msgs/msg/_key_point2_d.py
[3.549s] -- Installing: /home/upsurge/tt_package/install/yolo_msgs/local/lib/python3.10/dist-packages/yolo_msgs/msg/_pose2_d.py
[3.549s] -- Installing: /home/upsurge/tt_package/install/yolo_msgs/local/lib/python3.10/dist-packages/yolo_msgs/msg/_bounding_box3_d_s.c
[3.549s] -- Installing: /home/upsurge/tt_package/install/yolo_msgs/local/lib/python3.10/dist-packages/yolo_msgs/msg/_key_point3_d_array_s.c
[3.550s] -- Installing: /home/upsurge/tt_package/install/yolo_msgs/local/lib/python3.10/dist-packages/yolo_msgs/msg/_bounding_box2_d.py
[3.550s] -- Installing: /home/upsurge/tt_package/install/yolo_msgs/local/lib/python3.10/dist-packages/yolo_msgs/msg/_pose2_d_s.c
[3.550s] -- Installing: /home/upsurge/tt_package/install/yolo_msgs/local/lib/python3.10/dist-packages/yolo_msgs/msg/_bounding_box2_d_s.c
[3.550s] -- Installing: /home/upsurge/tt_package/install/yolo_msgs/local/lib/python3.10/dist-packages/yolo_msgs/msg/_detection_s.c
[3.550s] -- Installing: /home/upsurge/tt_package/install/yolo_msgs/local/lib/python3.10/dist-packages/yolo_msgs/msg/_mask_s.c
[3.550s] -- Installing: /home/upsurge/tt_package/install/yolo_msgs/local/lib/python3.10/dist-packages/yolo_msgs/msg/_detection_array.py
[3.550s] -- Installing: /home/upsurge/tt_package/install/yolo_msgs/local/lib/python3.10/dist-packages/yolo_msgs/msg/_key_point2_d_array.py
[3.550s] -- Installing: /home/upsurge/tt_package/install/yolo_msgs/local/lib/python3.10/dist-packages/yolo_msgs/msg/_point2_d.py
[3.550s] -- Installing: /home/upsurge/tt_package/install/yolo_msgs/local/lib/python3.10/dist-packages/yolo_msgs/msg/_vector2.py
[3.550s] -- Installing: /home/upsurge/tt_package/install/yolo_msgs/local/lib/python3.10/dist-packages/yolo_msgs/msg/_detection_array_s.c
[3.550s] -- Installing: /home/upsurge/tt_package/install/yolo_msgs/local/lib/python3.10/dist-packages/yolo_msgs/msg/_detection.py
[3.550s] -- Installing: /home/upsurge/tt_package/install/yolo_msgs/local/lib/python3.10/dist-packages/yolo_msgs/msg/_key_point2_d_array_s.c
[3.550s] -- Installing: /home/upsurge/tt_package/install/yolo_msgs/local/lib/python3.10/dist-packages/yolo_msgs/msg/_bounding_box3_d.py
[3.550s] -- Installing: /home/upsurge/tt_package/install/yolo_msgs/local/lib/python3.10/dist-packages/yolo_msgs/msg/_key_point3_d_array.py
[3.550s] -- Installing: /home/upsurge/tt_package/install/yolo_msgs/local/lib/python3.10/dist-packages/yolo_msgs/msg/_mask.py
[3.550s] -- Installing: /home/upsurge/tt_package/install/yolo_msgs/local/lib/python3.10/dist-packages/yolo_msgs/msg/__init__.py
[3.550s] -- Installing: /home/upsurge/tt_package/install/yolo_msgs/local/lib/python3.10/dist-packages/yolo_msgs/_yolo_msgs_s.ep.rosidl_typesupport_c.c
[3.550s] -- Installing: /home/upsurge/tt_package/install/yolo_msgs/local/lib/python3.10/dist-packages/yolo_msgs/srv
[3.550s] -- Installing: /home/upsurge/tt_package/install/yolo_msgs/local/lib/python3.10/dist-packages/yolo_msgs/srv/_set_classes.py
[3.550s] -- Installing: /home/upsurge/tt_package/install/yolo_msgs/local/lib/python3.10/dist-packages/yolo_msgs/srv/__init__.py
[3.550s] -- Installing: /home/upsurge/tt_package/install/yolo_msgs/local/lib/python3.10/dist-packages/yolo_msgs/srv/_set_classes_s.c
[3.550s] -- Installing: /home/upsurge/tt_package/install/yolo_msgs/local/lib/python3.10/dist-packages/yolo_msgs/libyolo_msgs__rosidl_generator_py.so
[3.550s] -- Installing: /home/upsurge/tt_package/install/yolo_msgs/local/lib/python3.10/dist-packages/yolo_msgs/_yolo_msgs_s.ep.rosidl_typesupport_fastrtps_c.c
[3.550s] -- Installing: /home/upsurge/tt_package/install/yolo_msgs/local/lib/python3.10/dist-packages/yolo_msgs/__init__.py
[3.578s] Listing '/home/upsurge/tt_package/install/yolo_msgs/local/lib/python3.10/dist-packages/yolo_msgs'...
[3.578s] Compiling '/home/upsurge/tt_package/install/yolo_msgs/local/lib/python3.10/dist-packages/yolo_msgs/__init__.py'...
[3.578s] Listing '/home/upsurge/tt_package/install/yolo_msgs/local/lib/python3.10/dist-packages/yolo_msgs/msg'...
[3.578s] Compiling '/home/upsurge/tt_package/install/yolo_msgs/local/lib/python3.10/dist-packages/yolo_msgs/msg/__init__.py'...
[3.578s] Compiling '/home/upsurge/tt_package/install/yolo_msgs/local/lib/python3.10/dist-packages/yolo_msgs/msg/_bounding_box2_d.py'...
[3.578s] Compiling '/home/upsurge/tt_package/install/yolo_msgs/local/lib/python3.10/dist-packages/yolo_msgs/msg/_bounding_box3_d.py'...
[3.578s] Compiling '/home/upsurge/tt_package/install/yolo_msgs/local/lib/python3.10/dist-packages/yolo_msgs/msg/_detection.py'...
[3.578s] Compiling '/home/upsurge/tt_package/install/yolo_msgs/local/lib/python3.10/dist-packages/yolo_msgs/msg/_detection_array.py'...
[3.578s] Compiling '/home/upsurge/tt_package/install/yolo_msgs/local/lib/python3.10/dist-packages/yolo_msgs/msg/_key_point2_d.py'...
[3.578s] Compiling '/home/upsurge/tt_package/install/yolo_msgs/local/lib/python3.10/dist-packages/yolo_msgs/msg/_key_point2_d_array.py'...
[3.578s] Compiling '/home/upsurge/tt_package/install/yolo_msgs/local/lib/python3.10/dist-packages/yolo_msgs/msg/_key_point3_d.py'...
[3.578s] Compiling '/home/upsurge/tt_package/install/yolo_msgs/local/lib/python3.10/dist-packages/yolo_msgs/msg/_key_point3_d_array.py'...
[3.578s] Compiling '/home/upsurge/tt_package/install/yolo_msgs/local/lib/python3.10/dist-packages/yolo_msgs/msg/_mask.py'...
[3.578s] Compiling '/home/upsurge/tt_package/install/yolo_msgs/local/lib/python3.10/dist-packages/yolo_msgs/msg/_point2_d.py'...
[3.578s] Compiling '/home/upsurge/tt_package/install/yolo_msgs/local/lib/python3.10/dist-packages/yolo_msgs/msg/_pose2_d.py'...
[3.578s] Compiling '/home/upsurge/tt_package/install/yolo_msgs/local/lib/python3.10/dist-packages/yolo_msgs/msg/_vector2.py'...
[3.578s] Listing '/home/upsurge/tt_package/install/yolo_msgs/local/lib/python3.10/dist-packages/yolo_msgs/srv'...
[3.578s] Compiling '/home/upsurge/tt_package/install/yolo_msgs/local/lib/python3.10/dist-packages/yolo_msgs/srv/__init__.py'...
[3.578s] Compiling '/home/upsurge/tt_package/install/yolo_msgs/local/lib/python3.10/dist-packages/yolo_msgs/srv/_set_classes.py'...
[3.580s] -- Installing: /home/upsurge/tt_package/install/yolo_msgs/local/lib/python3.10/dist-packages/yolo_msgs/yolo_msgs_s__rosidl_typesupport_fastrtps_c.cpython-310-x86_64-linux-gnu.so
[3.580s] -- Set runtime path of "/home/upsurge/tt_package/install/yolo_msgs/local/lib/python3.10/dist-packages/yolo_msgs/yolo_msgs_s__rosidl_typesupport_fastrtps_c.cpython-310-x86_64-linux-gnu.so" to ""
[3.580s] -- Installing: /home/upsurge/tt_package/install/yolo_msgs/local/lib/python3.10/dist-packages/yolo_msgs/yolo_msgs_s__rosidl_typesupport_introspection_c.cpython-310-x86_64-linux-gnu.so
[3.580s] -- Set runtime path of "/home/upsurge/tt_package/install/yolo_msgs/local/lib/python3.10/dist-packages/yolo_msgs/yolo_msgs_s__rosidl_typesupport_introspection_c.cpython-310-x86_64-linux-gnu.so" to ""
[3.580s] -- Installing: /home/upsurge/tt_package/install/yolo_msgs/local/lib/python3.10/dist-packages/yolo_msgs/yolo_msgs_s__rosidl_typesupport_c.cpython-310-x86_64-linux-gnu.so
[3.581s] -- Set runtime path of "/home/upsurge/tt_package/install/yolo_msgs/local/lib/python3.10/dist-packages/yolo_msgs/yolo_msgs_s__rosidl_typesupport_c.cpython-310-x86_64-linux-gnu.so" to ""
[3.581s] -- Installing: /home/upsurge/tt_package/install/yolo_msgs/lib/libyolo_msgs__rosidl_generator_py.so
[3.581s] -- Set runtime path of "/home/upsurge/tt_package/install/yolo_msgs/lib/libyolo_msgs__rosidl_generator_py.so" to ""
[3.581s] -- Installing: /home/upsurge/tt_package/install/yolo_msgs/share/yolo_msgs/msg/Point2D.idl
[3.581s] -- Installing: /home/upsurge/tt_package/install/yolo_msgs/share/yolo_msgs/msg/Vector2.idl
[3.581s] -- Installing: /home/upsurge/tt_package/install/yolo_msgs/share/yolo_msgs/msg/Pose2D.idl
[3.581s] -- Installing: /home/upsurge/tt_package/install/yolo_msgs/share/yolo_msgs/msg/BoundingBox2D.idl
[3.581s] -- Installing: /home/upsurge/tt_package/install/yolo_msgs/share/yolo_msgs/msg/BoundingBox3D.idl
[3.581s] -- Installing: /home/upsurge/tt_package/install/yolo_msgs/share/yolo_msgs/msg/Mask.idl
[3.581s] -- Installing: /home/upsurge/tt_package/install/yolo_msgs/share/yolo_msgs/msg/KeyPoint2D.idl
[3.581s] -- Installing: /home/upsurge/tt_package/install/yolo_msgs/share/yolo_msgs/msg/KeyPoint2DArray.idl
[3.581s] -- Installing: /home/upsurge/tt_package/install/yolo_msgs/share/yolo_msgs/msg/KeyPoint3D.idl
[3.581s] -- Installing: /home/upsurge/tt_package/install/yolo_msgs/share/yolo_msgs/msg/KeyPoint3DArray.idl
[3.581s] -- Installing: /home/upsurge/tt_package/install/yolo_msgs/share/yolo_msgs/msg/Detection.idl
[3.581s] -- Installing: /home/upsurge/tt_package/install/yolo_msgs/share/yolo_msgs/msg/DetectionArray.idl
[3.581s] -- Installing: /home/upsurge/tt_package/install/yolo_msgs/share/yolo_msgs/srv/SetClasses.idl
[3.581s] -- Installing: /home/upsurge/tt_package/install/yolo_msgs/share/yolo_msgs/msg/Point2D.msg
[3.581s] -- Installing: /home/upsurge/tt_package/install/yolo_msgs/share/yolo_msgs/msg/Vector2.msg
[3.581s] -- Installing: /home/upsurge/tt_package/install/yolo_msgs/share/yolo_msgs/msg/Pose2D.msg
[3.581s] -- Installing: /home/upsurge/tt_package/install/yolo_msgs/share/yolo_msgs/msg/BoundingBox2D.msg
[3.582s] -- Installing: /home/upsurge/tt_package/install/yolo_msgs/share/yolo_msgs/msg/BoundingBox3D.msg
[3.582s] -- Installing: /home/upsurge/tt_package/install/yolo_msgs/share/yolo_msgs/msg/Mask.msg
[3.582s] -- Installing: /home/upsurge/tt_package/install/yolo_msgs/share/yolo_msgs/msg/KeyPoint2D.msg
[3.582s] -- Installing: /home/upsurge/tt_package/install/yolo_msgs/share/yolo_msgs/msg/KeyPoint2DArray.msg
[3.582s] -- Installing: /home/upsurge/tt_package/install/yolo_msgs/share/yolo_msgs/msg/KeyPoint3D.msg
[3.582s] -- Installing: /home/upsurge/tt_package/install/yolo_msgs/share/yolo_msgs/msg/KeyPoint3DArray.msg
[3.582s] -- Installing: /home/upsurge/tt_package/install/yolo_msgs/share/yolo_msgs/msg/Detection.msg
[3.582s] -- Installing: /home/upsurge/tt_package/install/yolo_msgs/share/yolo_msgs/msg/DetectionArray.msg
[3.582s] -- Installing: /home/upsurge/tt_package/install/yolo_msgs/share/yolo_msgs/srv/SetClasses.srv
[3.582s] -- Installing: /home/upsurge/tt_package/install/yolo_msgs/share/yolo_msgs/srv/SetClasses_Request.msg
[3.582s] -- Installing: /home/upsurge/tt_package/install/yolo_msgs/share/yolo_msgs/srv/SetClasses_Response.msg
[3.582s] -- Installing: /home/upsurge/tt_package/install/yolo_msgs/share/ament_index/resource_index/package_run_dependencies/yolo_msgs
[3.582s] -- Installing: /home/upsurge/tt_package/install/yolo_msgs/share/ament_index/resource_index/parent_prefix_path/yolo_msgs
[3.582s] -- Installing: /home/upsurge/tt_package/install/yolo_msgs/share/yolo_msgs/environment/ament_prefix_path.sh
[3.582s] -- Installing: /home/upsurge/tt_package/install/yolo_msgs/share/yolo_msgs/environment/ament_prefix_path.dsv
[3.582s] -- Installing: /home/upsurge/tt_package/install/yolo_msgs/share/yolo_msgs/environment/path.sh
[3.582s] -- Installing: /home/upsurge/tt_package/install/yolo_msgs/share/yolo_msgs/environment/path.dsv
[3.582s] -- Installing: /home/upsurge/tt_package/install/yolo_msgs/share/yolo_msgs/local_setup.bash
[3.582s] -- Installing: /home/upsurge/tt_package/install/yolo_msgs/share/yolo_msgs/local_setup.sh
[3.582s] -- Installing: /home/upsurge/tt_package/install/yolo_msgs/share/yolo_msgs/local_setup.zsh
[3.582s] -- Installing: /home/upsurge/tt_package/install/yolo_msgs/share/yolo_msgs/local_setup.dsv
[3.583s] -- Installing: /home/upsurge/tt_package/install/yolo_msgs/share/yolo_msgs/package.dsv
[3.583s] -- Installing: /home/upsurge/tt_package/install/yolo_msgs/share/ament_index/resource_index/packages/yolo_msgs
[3.583s] -- Installing: /home/upsurge/tt_package/install/yolo_msgs/share/yolo_msgs/cmake/export_yolo_msgs__rosidl_generator_cExport.cmake
[3.583s] -- Installing: /home/upsurge/tt_package/install/yolo_msgs/share/yolo_msgs/cmake/export_yolo_msgs__rosidl_generator_cExport-noconfig.cmake
[3.583s] -- Installing: /home/upsurge/tt_package/install/yolo_msgs/share/yolo_msgs/cmake/export_yolo_msgs__rosidl_typesupport_fastrtps_cExport.cmake
[3.583s] -- Installing: /home/upsurge/tt_package/install/yolo_msgs/share/yolo_msgs/cmake/export_yolo_msgs__rosidl_typesupport_fastrtps_cExport-noconfig.cmake
[3.583s] -- Installing: /home/upsurge/tt_package/install/yolo_msgs/share/yolo_msgs/cmake/yolo_msgs__rosidl_typesupport_introspection_cExport.cmake
[3.583s] -- Installing: /home/upsurge/tt_package/install/yolo_msgs/share/yolo_msgs/cmake/yolo_msgs__rosidl_typesupport_introspection_cExport-noconfig.cmake
[3.583s] -- Installing: /home/upsurge/tt_package/install/yolo_msgs/share/yolo_msgs/cmake/yolo_msgs__rosidl_typesupport_cExport.cmake
[3.583s] -- Installing: /home/upsurge/tt_package/install/yolo_msgs/share/yolo_msgs/cmake/yolo_msgs__rosidl_typesupport_cExport-noconfig.cmake
[3.583s] -- Installing: /home/upsurge/tt_package/install/yolo_msgs/share/yolo_msgs/cmake/export_yolo_msgs__rosidl_generator_cppExport.cmake
[3.583s] -- Installing: /home/upsurge/tt_package/install/yolo_msgs/share/yolo_msgs/cmake/export_yolo_msgs__rosidl_typesupport_fastrtps_cppExport.cmake
[3.583s] -- Installing: /home/upsurge/tt_package/install/yolo_msgs/share/yolo_msgs/cmake/export_yolo_msgs__rosidl_typesupport_fastrtps_cppExport-noconfig.cmake
[3.583s] -- Installing: /home/upsurge/tt_package/install/yolo_msgs/share/yolo_msgs/cmake/yolo_msgs__rosidl_typesupport_introspection_cppExport.cmake
[3.583s] -- Installing: /home/upsurge/tt_package/install/yolo_msgs/share/yolo_msgs/cmake/yolo_msgs__rosidl_typesupport_introspection_cppExport-noconfig.cmake
[3.583s] -- Installing: /home/upsurge/tt_package/install/yolo_msgs/share/yolo_msgs/cmake/yolo_msgs__rosidl_typesupport_cppExport.cmake
[3.583s] -- Installing: /home/upsurge/tt_package/install/yolo_msgs/share/yolo_msgs/cmake/yolo_msgs__rosidl_typesupport_cppExport-noconfig.cmake
[3.583s] -- Installing: /home/upsurge/tt_package/install/yolo_msgs/share/yolo_msgs/cmake/export_yolo_msgs__rosidl_generator_pyExport.cmake
[3.583s] -- Installing: /home/upsurge/tt_package/install/yolo_msgs/share/yolo_msgs/cmake/export_yolo_msgs__rosidl_generator_pyExport-noconfig.cmake
[3.583s] -- Installing: /home/upsurge/tt_package/install/yolo_msgs/share/yolo_msgs/cmake/rosidl_cmake-extras.cmake
[3.583s] -- Installing: /home/upsurge/tt_package/install/yolo_msgs/share/yolo_msgs/cmake/ament_cmake_export_dependencies-extras.cmake
[3.583s] -- Installing: /home/upsurge/tt_package/install/yolo_msgs/share/yolo_msgs/cmake/ament_cmake_export_include_directories-extras.cmake
[3.584s] -- Installing: /home/upsurge/tt_package/install/yolo_msgs/share/yolo_msgs/cmake/ament_cmake_export_libraries-extras.cmake
[3.584s] -- Installing: /home/upsurge/tt_package/install/yolo_msgs/share/yolo_msgs/cmake/ament_cmake_export_targets-extras.cmake
[3.584s] -- Installing: /home/upsurge/tt_package/install/yolo_msgs/share/yolo_msgs/cmake/rosidl_cmake_export_typesupport_targets-extras.cmake
[3.584s] -- Installing: /home/upsurge/tt_package/install/yolo_msgs/share/yolo_msgs/cmake/rosidl_cmake_export_typesupport_libraries-extras.cmake
[3.584s] -- Installing: /home/upsurge/tt_package/install/yolo_msgs/share/yolo_msgs/cmake/yolo_msgsConfig.cmake
[3.584s] -- Installing: /home/upsurge/tt_package/install/yolo_msgs/share/yolo_msgs/cmake/yolo_msgsConfig-version.cmake
[3.584s] -- Installing: /home/upsurge/tt_package/install/yolo_msgs/share/yolo_msgs/package.xml
[3.584s] Invoked command in '/home/upsurge/tt_package/build/yolo_msgs' returned '0': CMAKE_PREFIX_PATH=/opt/ros/humble /usr/bin/cmake --install /home/upsurge/tt_package/build/yolo_msgs
