-- The C compiler identification is GNU 11.4.0
-- The CXX compiler identification is GNU 11.4.0
-- Detecting C compiler ABI info
-- Detecting C compiler ABI info - done
-- Check for working C compiler: /usr/bin/cc - skipped
-- Detecting C compile features
-- Detecting C compile features - done
-- Detecting CXX compiler ABI info
-- Detecting CXX compiler ABI info - done
-- Check for working CXX compiler: /usr/bin/c++ - skipped
-- Detecting CXX compile features
-- Detecting CXX compile features - done
-- Found ament_cmake: 1.3.11 (/opt/ros/humble/share/ament_cmake/cmake)
-- Found Python3: /usr/bin/python3 (found version "3.10.12") found components: Interpreter 
-- Found rclcpp: 16.0.11 (/opt/ros/humble/share/rclcpp/cmake)
-- Found rosidl_generator_c: 3.1.6 (/opt/ros/humble/share/rosidl_generator_c/cmake)
-- Found rosidl_adapter: 3.1.6 (/opt/ros/humble/share/rosidl_adapter/cmake)
-- Found rosidl_generator_cpp: 3.1.6 (/opt/ros/humble/share/rosidl_generator_cpp/cmake)
-- Using all available rosidl_typesupport_c: rosidl_typesupport_fastrtps_c;rosidl_typesupport_introspection_c
-- Using all available rosidl_typesupport_cpp: rosidl_typesupport_fastrtps_cpp;rosidl_typesupport_introspection_cpp
-- Found rmw_implementation_cmake: 6.1.2 (/opt/ros/humble/share/rmw_implementation_cmake/cmake)
-- Found rmw_fastrtps_cpp: 6.2.7 (/opt/ros/humble/share/rmw_fastrtps_cpp/cmake)
-- Found OpenSSL: /usr/lib/x86_64-linux-gnu/libcrypto.so (found version "3.0.2")  
-- Found FastRTPS: /opt/ros/humble/include  
-- Using RMW implementation 'rmw_fastrtps_cpp' as default
-- Looking for pthread.h
-- Looking for pthread.h - found
-- Performing Test CMAKE_HAVE_LIBC_PTHREAD
-- Performing Test CMAKE_HAVE_LIBC_PTHREAD - Success
-- Found Threads: TRUE  
-- Found sensor_msgs: 4.2.4 (/opt/ros/humble/share/sensor_msgs/cmake)
-- Configuring done
-- Generating done
-- Build files have been written to: /home/upsurge/tt_package/build/tt_robot_new_moveit_config
[ 50%] [32mBuilding CXX object CMakeFiles/joint_state_converter_node.dir/scripts/joint_state_converter.cpp.o[0m
[100%] [32m[1mLinking CXX executable joint_state_converter_node[0m
[100%] Built target joint_state_converter_node
-- Install configuration: ""
-- Installing: /home/upsurge/tt_package/install/tt_robot_new_moveit_config/share/tt_robot_new_moveit_config/launch
-- Installing: /home/upsurge/tt_package/install/tt_robot_new_moveit_config/share/tt_robot_new_moveit_config/launch/setup_assistant.launch.py
-- Installing: /home/upsurge/tt_package/install/tt_robot_new_moveit_config/share/tt_robot_new_moveit_config/launch/move_group.launch.py
-- Installing: /home/upsurge/tt_package/install/tt_robot_new_moveit_config/share/tt_robot_new_moveit_config/launch/spawn_controllers.launch.py
-- Installing: /home/upsurge/tt_package/install/tt_robot_new_moveit_config/share/tt_robot_new_moveit_config/launch/warehouse_db.launch.py
-- Installing: /home/upsurge/tt_package/install/tt_robot_new_moveit_config/share/tt_robot_new_moveit_config/launch/demo.launch.py
-- Installing: /home/upsurge/tt_package/install/tt_robot_new_moveit_config/share/tt_robot_new_moveit_config/launch/rsp.launch.py
-- Installing: /home/upsurge/tt_package/install/tt_robot_new_moveit_config/share/tt_robot_new_moveit_config/launch/moveit_rviz.launch.py
-- Installing: /home/upsurge/tt_package/install/tt_robot_new_moveit_config/share/tt_robot_new_moveit_config/launch/static_virtual_joint_tfs.launch.py
-- Installing: /home/upsurge/tt_package/install/tt_robot_new_moveit_config/share/tt_robot_new_moveit_config/config
-- Installing: /home/upsurge/tt_package/install/tt_robot_new_moveit_config/share/tt_robot_new_moveit_config/config/joint_limits.yaml
-- Installing: /home/upsurge/tt_package/install/tt_robot_new_moveit_config/share/tt_robot_new_moveit_config/config/moveit.rviz
-- Installing: /home/upsurge/tt_package/install/tt_robot_new_moveit_config/share/tt_robot_new_moveit_config/config/moveit_controllers.yaml
-- Installing: /home/upsurge/tt_package/install/tt_robot_new_moveit_config/share/tt_robot_new_moveit_config/config/tt_robot_new.urdf.xacro
-- Installing: /home/upsurge/tt_package/install/tt_robot_new_moveit_config/share/tt_robot_new_moveit_config/config/tt_robot_new.ros2_control.xacro
-- Installing: /home/upsurge/tt_package/install/tt_robot_new_moveit_config/share/tt_robot_new_moveit_config/config/kinematics.yaml
-- Installing: /home/upsurge/tt_package/install/tt_robot_new_moveit_config/share/tt_robot_new_moveit_config/config/sensors_3d.yaml
-- Installing: /home/upsurge/tt_package/install/tt_robot_new_moveit_config/share/tt_robot_new_moveit_config/config/tt_robot_new.srdf
-- Installing: /home/upsurge/tt_package/install/tt_robot_new_moveit_config/share/tt_robot_new_moveit_config/config/pilz_cartesian_limits.yaml
-- Installing: /home/upsurge/tt_package/install/tt_robot_new_moveit_config/share/tt_robot_new_moveit_config/config/ros2_controllers.yaml
-- Installing: /home/upsurge/tt_package/install/tt_robot_new_moveit_config/share/tt_robot_new_moveit_config/config/initial_positions.yaml
-- Installing: /home/upsurge/tt_package/install/tt_robot_new_moveit_config/share/tt_robot_new_moveit_config/.setup_assistant
-- Installing: /home/upsurge/tt_package/install/tt_robot_new_moveit_config/lib/tt_robot_new_moveit_config/joint_state_converter_node
-- Set runtime path of "/home/upsurge/tt_package/install/tt_robot_new_moveit_config/lib/tt_robot_new_moveit_config/joint_state_converter_node" to ""
-- Installing: /home/upsurge/tt_package/install/tt_robot_new_moveit_config/share/ament_index/resource_index/package_run_dependencies/tt_robot_new_moveit_config
-- Installing: /home/upsurge/tt_package/install/tt_robot_new_moveit_config/share/ament_index/resource_index/parent_prefix_path/tt_robot_new_moveit_config
-- Installing: /home/upsurge/tt_package/install/tt_robot_new_moveit_config/share/tt_robot_new_moveit_config/environment/ament_prefix_path.sh
-- Installing: /home/upsurge/tt_package/install/tt_robot_new_moveit_config/share/tt_robot_new_moveit_config/environment/ament_prefix_path.dsv
-- Installing: /home/upsurge/tt_package/install/tt_robot_new_moveit_config/share/tt_robot_new_moveit_config/environment/path.sh
-- Installing: /home/upsurge/tt_package/install/tt_robot_new_moveit_config/share/tt_robot_new_moveit_config/environment/path.dsv
-- Installing: /home/upsurge/tt_package/install/tt_robot_new_moveit_config/share/tt_robot_new_moveit_config/local_setup.bash
-- Installing: /home/upsurge/tt_package/install/tt_robot_new_moveit_config/share/tt_robot_new_moveit_config/local_setup.sh
-- Installing: /home/upsurge/tt_package/install/tt_robot_new_moveit_config/share/tt_robot_new_moveit_config/local_setup.zsh
-- Installing: /home/upsurge/tt_package/install/tt_robot_new_moveit_config/share/tt_robot_new_moveit_config/local_setup.dsv
-- Installing: /home/upsurge/tt_package/install/tt_robot_new_moveit_config/share/tt_robot_new_moveit_config/package.dsv
-- Installing: /home/upsurge/tt_package/install/tt_robot_new_moveit_config/share/ament_index/resource_index/packages/tt_robot_new_moveit_config
-- Installing: /home/upsurge/tt_package/install/tt_robot_new_moveit_config/share/tt_robot_new_moveit_config/cmake/tt_robot_new_moveit_configConfig.cmake
-- Installing: /home/upsurge/tt_package/install/tt_robot_new_moveit_config/share/tt_robot_new_moveit_config/cmake/tt_robot_new_moveit_configConfig-version.cmake
-- Installing: /home/upsurge/tt_package/install/tt_robot_new_moveit_config/share/tt_robot_new_moveit_config/package.xml
