[0.003s] Invoking command in '/home/upsurge/tt_package/build/tt_robot_new_moveit_config': AMENT_PREFIX_PATH=/home/upsurge/tt_package/install/tt_robot_new:${AMENT_PREFIX_PATH} CMAKE_PREFIX_PATH=/home/upsurge/tt_package/install/tt_robot_new:/opt/ros/humble /usr/bin/cmake /home/upsurge/tt_package/src/tt_robot_new_moveit_config -DCMAKE_INSTALL_PREFIX=/home/upsurge/tt_package/install/tt_robot_new_moveit_config
[0.031s] -- The C compiler identification is GNU 11.4.0
[0.058s] -- The CXX compiler identification is GNU 11.4.0
[0.061s] -- Detecting C compiler ABI info
[0.096s] -- Detecting C compiler ABI info - done
[0.099s] -- Check for working C compiler: /usr/bin/cc - skipped
[0.099s] -- Detecting C compile features
[0.099s] -- Detecting C compile features - done
[0.101s] -- Detecting CXX compiler ABI info
[0.140s] -- Detecting CXX compiler ABI info - done
[0.146s] -- Check for working CXX compiler: /usr/bin/c++ - skipped
[0.146s] -- Detecting CXX compile features
[0.146s] -- Detecting CXX compile features - done
[0.147s] -- Found ament_cmake: 1.3.11 (/opt/ros/humble/share/ament_cmake/cmake)
[0.322s] -- Found Python3: /usr/bin/python3 (found version "3.10.12") found components: Interpreter 
[0.365s] -- Found rclcpp: 16.0.11 (/opt/ros/humble/share/rclcpp/cmake)
[0.389s] -- Found rosidl_generator_c: 3.1.6 (/opt/ros/humble/share/rosidl_generator_c/cmake)
[0.391s] -- Found rosidl_adapter: 3.1.6 (/opt/ros/humble/share/rosidl_adapter/cmake)
[0.394s] -- Found rosidl_generator_cpp: 3.1.6 (/opt/ros/humble/share/rosidl_generator_cpp/cmake)
[0.399s] -- Using all available rosidl_typesupport_c: rosidl_typesupport_fastrtps_c;rosidl_typesupport_introspection_c
[0.406s] -- Using all available rosidl_typesupport_cpp: rosidl_typesupport_fastrtps_cpp;rosidl_typesupport_introspection_cpp
[0.429s] -- Found rmw_implementation_cmake: 6.1.2 (/opt/ros/humble/share/rmw_implementation_cmake/cmake)
[0.430s] -- Found rmw_fastrtps_cpp: 6.2.7 (/opt/ros/humble/share/rmw_fastrtps_cpp/cmake)
[0.480s] -- Found OpenSSL: /usr/lib/x86_64-linux-gnu/libcrypto.so (found version "3.0.2")  
[0.498s] -- Found FastRTPS: /opt/ros/humble/include  
[0.523s] -- Using RMW implementation 'rmw_fastrtps_cpp' as default
[0.530s] -- Looking for pthread.h
[0.573s] -- Looking for pthread.h - found
[0.573s] -- Performing Test CMAKE_HAVE_LIBC_PTHREAD
[0.616s] -- Performing Test CMAKE_HAVE_LIBC_PTHREAD - Success
[0.617s] -- Found Threads: TRUE  
[0.651s] -- Found sensor_msgs: 4.2.4 (/opt/ros/humble/share/sensor_msgs/cmake)
[0.700s] -- Configuring done
[0.703s] -- Generating done
[0.705s] -- Build files have been written to: /home/upsurge/tt_package/build/tt_robot_new_moveit_config
[0.709s] Invoked command in '/home/upsurge/tt_package/build/tt_robot_new_moveit_config' returned '0': AMENT_PREFIX_PATH=/home/upsurge/tt_package/install/tt_robot_new:${AMENT_PREFIX_PATH} CMAKE_PREFIX_PATH=/home/upsurge/tt_package/install/tt_robot_new:/opt/ros/humble /usr/bin/cmake /home/upsurge/tt_package/src/tt_robot_new_moveit_config -DCMAKE_INSTALL_PREFIX=/home/upsurge/tt_package/install/tt_robot_new_moveit_config
[0.710s] Invoking command in '/home/upsurge/tt_package/build/tt_robot_new_moveit_config': AMENT_PREFIX_PATH=/home/upsurge/tt_package/install/tt_robot_new:${AMENT_PREFIX_PATH} CMAKE_PREFIX_PATH=/home/upsurge/tt_package/install/tt_robot_new:/opt/ros/humble /usr/bin/cmake --build /home/upsurge/tt_package/build/tt_robot_new_moveit_config -- -j32 -l32
[0.739s] [ 50%] [32mBuilding CXX object CMakeFiles/joint_state_converter_node.dir/scripts/joint_state_converter.cpp.o[0m
[4.590s] [100%] [32m[1mLinking CXX executable joint_state_converter_node[0m
[4.778s] [100%] Built target joint_state_converter_node
[4.784s] Invoked command in '/home/upsurge/tt_package/build/tt_robot_new_moveit_config' returned '0': AMENT_PREFIX_PATH=/home/upsurge/tt_package/install/tt_robot_new:${AMENT_PREFIX_PATH} CMAKE_PREFIX_PATH=/home/upsurge/tt_package/install/tt_robot_new:/opt/ros/humble /usr/bin/cmake --build /home/upsurge/tt_package/build/tt_robot_new_moveit_config -- -j32 -l32
[4.785s] Invoking command in '/home/upsurge/tt_package/build/tt_robot_new_moveit_config': AMENT_PREFIX_PATH=/home/upsurge/tt_package/install/tt_robot_new:${AMENT_PREFIX_PATH} CMAKE_PREFIX_PATH=/home/upsurge/tt_package/install/tt_robot_new:/opt/ros/humble /usr/bin/cmake --install /home/upsurge/tt_package/build/tt_robot_new_moveit_config
[4.789s] -- Install configuration: ""
[4.789s] -- Installing: /home/upsurge/tt_package/install/tt_robot_new_moveit_config/share/tt_robot_new_moveit_config/launch
[4.789s] -- Installing: /home/upsurge/tt_package/install/tt_robot_new_moveit_config/share/tt_robot_new_moveit_config/launch/setup_assistant.launch.py
[4.789s] -- Installing: /home/upsurge/tt_package/install/tt_robot_new_moveit_config/share/tt_robot_new_moveit_config/launch/move_group.launch.py
[4.789s] -- Installing: /home/upsurge/tt_package/install/tt_robot_new_moveit_config/share/tt_robot_new_moveit_config/launch/spawn_controllers.launch.py
[4.790s] -- Installing: /home/upsurge/tt_package/install/tt_robot_new_moveit_config/share/tt_robot_new_moveit_config/launch/warehouse_db.launch.py
[4.790s] -- Installing: /home/upsurge/tt_package/install/tt_robot_new_moveit_config/share/tt_robot_new_moveit_config/launch/demo.launch.py
[4.790s] -- Installing: /home/upsurge/tt_package/install/tt_robot_new_moveit_config/share/tt_robot_new_moveit_config/launch/rsp.launch.py
[4.790s] -- Installing: /home/upsurge/tt_package/install/tt_robot_new_moveit_config/share/tt_robot_new_moveit_config/launch/moveit_rviz.launch.py
[4.790s] -- Installing: /home/upsurge/tt_package/install/tt_robot_new_moveit_config/share/tt_robot_new_moveit_config/launch/static_virtual_joint_tfs.launch.py
[4.790s] -- Installing: /home/upsurge/tt_package/install/tt_robot_new_moveit_config/share/tt_robot_new_moveit_config/config
[4.790s] -- Installing: /home/upsurge/tt_package/install/tt_robot_new_moveit_config/share/tt_robot_new_moveit_config/config/joint_limits.yaml
[4.790s] -- Installing: /home/upsurge/tt_package/install/tt_robot_new_moveit_config/share/tt_robot_new_moveit_config/config/moveit.rviz
[4.790s] -- Installing: /home/upsurge/tt_package/install/tt_robot_new_moveit_config/share/tt_robot_new_moveit_config/config/moveit_controllers.yaml
[4.790s] -- Installing: /home/upsurge/tt_package/install/tt_robot_new_moveit_config/share/tt_robot_new_moveit_config/config/tt_robot_new.urdf.xacro
[4.790s] -- Installing: /home/upsurge/tt_package/install/tt_robot_new_moveit_config/share/tt_robot_new_moveit_config/config/tt_robot_new.ros2_control.xacro
[4.790s] -- Installing: /home/upsurge/tt_package/install/tt_robot_new_moveit_config/share/tt_robot_new_moveit_config/config/kinematics.yaml
[4.790s] -- Installing: /home/upsurge/tt_package/install/tt_robot_new_moveit_config/share/tt_robot_new_moveit_config/config/sensors_3d.yaml
[4.790s] -- Installing: /home/upsurge/tt_package/install/tt_robot_new_moveit_config/share/tt_robot_new_moveit_config/config/tt_robot_new.srdf
[4.790s] -- Installing: /home/upsurge/tt_package/install/tt_robot_new_moveit_config/share/tt_robot_new_moveit_config/config/pilz_cartesian_limits.yaml
[4.790s] -- Installing: /home/upsurge/tt_package/install/tt_robot_new_moveit_config/share/tt_robot_new_moveit_config/config/ros2_controllers.yaml
[4.790s] -- Installing: /home/upsurge/tt_package/install/tt_robot_new_moveit_config/share/tt_robot_new_moveit_config/config/initial_positions.yaml
[4.790s] -- Installing: /home/upsurge/tt_package/install/tt_robot_new_moveit_config/share/tt_robot_new_moveit_config/.setup_assistant
[4.791s] -- Installing: /home/upsurge/tt_package/install/tt_robot_new_moveit_config/lib/tt_robot_new_moveit_config/joint_state_converter_node
[4.793s] -- Set runtime path of "/home/upsurge/tt_package/install/tt_robot_new_moveit_config/lib/tt_robot_new_moveit_config/joint_state_converter_node" to ""
[4.793s] -- Installing: /home/upsurge/tt_package/install/tt_robot_new_moveit_config/share/ament_index/resource_index/package_run_dependencies/tt_robot_new_moveit_config
[4.793s] -- Installing: /home/upsurge/tt_package/install/tt_robot_new_moveit_config/share/ament_index/resource_index/parent_prefix_path/tt_robot_new_moveit_config
[4.793s] -- Installing: /home/upsurge/tt_package/install/tt_robot_new_moveit_config/share/tt_robot_new_moveit_config/environment/ament_prefix_path.sh
[4.793s] -- Installing: /home/upsurge/tt_package/install/tt_robot_new_moveit_config/share/tt_robot_new_moveit_config/environment/ament_prefix_path.dsv
[4.793s] -- Installing: /home/upsurge/tt_package/install/tt_robot_new_moveit_config/share/tt_robot_new_moveit_config/environment/path.sh
[4.793s] -- Installing: /home/upsurge/tt_package/install/tt_robot_new_moveit_config/share/tt_robot_new_moveit_config/environment/path.dsv
[4.793s] -- Installing: /home/upsurge/tt_package/install/tt_robot_new_moveit_config/share/tt_robot_new_moveit_config/local_setup.bash
[4.793s] -- Installing: /home/upsurge/tt_package/install/tt_robot_new_moveit_config/share/tt_robot_new_moveit_config/local_setup.sh
[4.793s] -- Installing: /home/upsurge/tt_package/install/tt_robot_new_moveit_config/share/tt_robot_new_moveit_config/local_setup.zsh
[4.794s] -- Installing: /home/upsurge/tt_package/install/tt_robot_new_moveit_config/share/tt_robot_new_moveit_config/local_setup.dsv
[4.794s] -- Installing: /home/upsurge/tt_package/install/tt_robot_new_moveit_config/share/tt_robot_new_moveit_config/package.dsv
[4.794s] -- Installing: /home/upsurge/tt_package/install/tt_robot_new_moveit_config/share/ament_index/resource_index/packages/tt_robot_new_moveit_config
[4.794s] -- Installing: /home/upsurge/tt_package/install/tt_robot_new_moveit_config/share/tt_robot_new_moveit_config/cmake/tt_robot_new_moveit_configConfig.cmake
[4.794s] -- Installing: /home/upsurge/tt_package/install/tt_robot_new_moveit_config/share/tt_robot_new_moveit_config/cmake/tt_robot_new_moveit_configConfig-version.cmake
[4.794s] -- Installing: /home/upsurge/tt_package/install/tt_robot_new_moveit_config/share/tt_robot_new_moveit_config/package.xml
[4.795s] Invoked command in '/home/upsurge/tt_package/build/tt_robot_new_moveit_config' returned '0': AMENT_PREFIX_PATH=/home/upsurge/tt_package/install/tt_robot_new:${AMENT_PREFIX_PATH} CMAKE_PREFIX_PATH=/home/upsurge/tt_package/install/tt_robot_new:/opt/ros/humble /usr/bin/cmake --install /home/upsurge/tt_package/build/tt_robot_new_moveit_config
