/home/upsurge/.local/lib/python3.10/site-packages/setuptools/_distutils/dist.py:270: UserWarning: Unknown distribution option: 'tests_require'
  warnings.warn(msg)
running egg_info
creating ../../build/ball_tracker/ball_tracker.egg-info
writing ../../build/ball_tracker/ball_tracker.egg-info/PKG-INFO
writing dependency_links to ../../build/ball_tracker/ball_tracker.egg-info/dependency_links.txt
writing entry points to ../../build/ball_tracker/ball_tracker.egg-info/entry_points.txt
writing requirements to ../../build/ball_tracker/ball_tracker.egg-info/requires.txt
writing top-level names to ../../build/ball_tracker/ball_tracker.egg-info/top_level.txt
writing manifest file '../../build/ball_tracker/ball_tracker.egg-info/SOURCES.txt'
reading manifest file '../../build/ball_tracker/ball_tracker.egg-info/SOURCES.txt'
writing manifest file '../../build/ball_tracker/ball_tracker.egg-info/SOURCES.txt'
running build
running build_py
creating /home/upsurge/tt_package/build/ball_tracker/build/lib/ball_tracker
copying ball_tracker/ros_inference_tracker_node.py -> /home/upsurge/tt_package/build/ball_tracker/build/lib/ball_tracker
copying ball_tracker/ball_tracker.py -> /home/upsurge/tt_package/build/ball_tracker/build/lib/ball_tracker
copying ball_tracker/ping_pong_detector.py -> /home/upsurge/tt_package/build/ball_tracker/build/lib/ball_tracker
copying ball_tracker/__init__.py -> /home/upsurge/tt_package/build/ball_tracker/build/lib/ball_tracker
running install
running install_lib
creating /home/upsurge/tt_package/install/ball_tracker/lib/python3.10/site-packages/ball_tracker
copying /home/upsurge/tt_package/build/ball_tracker/build/lib/ball_tracker/ros_inference_tracker_node.py -> /home/upsurge/tt_package/install/ball_tracker/lib/python3.10/site-packages/ball_tracker
copying /home/upsurge/tt_package/build/ball_tracker/build/lib/ball_tracker/ball_tracker.py -> /home/upsurge/tt_package/install/ball_tracker/lib/python3.10/site-packages/ball_tracker
copying /home/upsurge/tt_package/build/ball_tracker/build/lib/ball_tracker/ping_pong_detector.py -> /home/upsurge/tt_package/install/ball_tracker/lib/python3.10/site-packages/ball_tracker
copying /home/upsurge/tt_package/build/ball_tracker/build/lib/ball_tracker/__init__.py -> /home/upsurge/tt_package/install/ball_tracker/lib/python3.10/site-packages/ball_tracker
byte-compiling /home/upsurge/tt_package/install/ball_tracker/lib/python3.10/site-packages/ball_tracker/ros_inference_tracker_node.py to ros_inference_tracker_node.cpython-310.pyc
byte-compiling /home/upsurge/tt_package/install/ball_tracker/lib/python3.10/site-packages/ball_tracker/ball_tracker.py to ball_tracker.cpython-310.pyc
byte-compiling /home/upsurge/tt_package/install/ball_tracker/lib/python3.10/site-packages/ball_tracker/ping_pong_detector.py to ping_pong_detector.cpython-310.pyc
byte-compiling /home/upsurge/tt_package/install/ball_tracker/lib/python3.10/site-packages/ball_tracker/__init__.py to __init__.cpython-310.pyc
running install_data
creating /home/upsurge/tt_package/install/ball_tracker/share/ament_index/resource_index/packages
copying resource/ball_tracker -> /home/upsurge/tt_package/install/ball_tracker/share/ament_index/resource_index/packages
copying package.xml -> /home/upsurge/tt_package/install/ball_tracker/share/ball_tracker
running install_egg_info
Copying ../../build/ball_tracker/ball_tracker.egg-info to /home/upsurge/tt_package/install/ball_tracker/lib/python3.10/site-packages/ball_tracker-0.0.0-py3.10.egg-info
running install_scripts
Installing ball_tracker script to /home/upsurge/tt_package/install/ball_tracker/lib/ball_tracker
Installing ping_pong_detector script to /home/upsurge/tt_package/install/ball_tracker/lib/ball_tracker
Installing ros_inference_tracker_node script to /home/upsurge/tt_package/install/ball_tracker/lib/ball_tracker
writing list of installed files to '/home/upsurge/tt_package/build/ball_tracker/install.log'
