[0.005s] Invoking command in '/home/upsurge/tt_package/build/yolo_bringup': AMENT_PREFIX_PATH=/home/upsurge/tt_package/install/yolo_ros:/home/upsurge/tt_package/install/yolo_msgs:${AMENT_PREFIX_PATH} CMAKE_PREFIX_PATH=/home/upsurge/tt_package/install/yolo_msgs:/opt/ros/humble LD_LIBRARY_PATH=/home/upsurge/tt_package/install/yolo_msgs/lib:${LD_LIBRARY_PATH} PYTHONPATH=/home/upsurge/tt_package/install/yolo_ros/lib/python3.10/site-packages:/home/upsurge/tt_package/install/yolo_msgs/local/lib/python3.10/dist-packages:${PYTHONPATH} /usr/bin/cmake /home/upsurge/tt_package/src/yolo_ros/yolo_bringup -DCMAKE_INSTALL_PREFIX=/home/upsurge/tt_package/install/yolo_bringup
[0.039s] -- The C compiler identification is GNU 11.4.0
[0.074s] -- The CXX compiler identification is GNU 11.4.0
[0.078s] -- Detecting C compiler ABI info
[0.115s] -- Detecting C compiler ABI info - done
[0.120s] -- Check for working C compiler: /usr/bin/cc - skipped
[0.121s] -- Detecting C compile features
[0.121s] -- Detecting C compile features - done
[0.123s] -- Detecting CXX compiler ABI info
[0.170s] -- Detecting CXX compiler ABI info - done
[0.176s] -- Check for working CXX compiler: /usr/bin/c++ - skipped
[0.176s] -- Detecting CXX compile features
[0.176s] -- Detecting CXX compile features - done
[0.178s] -- Found ament_cmake: 1.3.11 (/opt/ros/humble/share/ament_cmake/cmake)
[0.359s] -- Found Python3: /usr/bin/python3 (found version "3.10.12") found components: Interpreter 
[0.454s] -- Configuring done
[0.455s] -- Generating done
[0.456s] -- Build files have been written to: /home/upsurge/tt_package/build/yolo_bringup
[0.458s] Invoked command in '/home/upsurge/tt_package/build/yolo_bringup' returned '0': AMENT_PREFIX_PATH=/home/upsurge/tt_package/install/yolo_ros:/home/upsurge/tt_package/install/yolo_msgs:${AMENT_PREFIX_PATH} CMAKE_PREFIX_PATH=/home/upsurge/tt_package/install/yolo_msgs:/opt/ros/humble LD_LIBRARY_PATH=/home/upsurge/tt_package/install/yolo_msgs/lib:${LD_LIBRARY_PATH} PYTHONPATH=/home/upsurge/tt_package/install/yolo_ros/lib/python3.10/site-packages:/home/upsurge/tt_package/install/yolo_msgs/local/lib/python3.10/dist-packages:${PYTHONPATH} /usr/bin/cmake /home/upsurge/tt_package/src/yolo_ros/yolo_bringup -DCMAKE_INSTALL_PREFIX=/home/upsurge/tt_package/install/yolo_bringup
[0.459s] Invoking command in '/home/upsurge/tt_package/build/yolo_bringup': AMENT_PREFIX_PATH=/home/upsurge/tt_package/install/yolo_ros:/home/upsurge/tt_package/install/yolo_msgs:${AMENT_PREFIX_PATH} CMAKE_PREFIX_PATH=/home/upsurge/tt_package/install/yolo_msgs:/opt/ros/humble LD_LIBRARY_PATH=/home/upsurge/tt_package/install/yolo_msgs/lib:${LD_LIBRARY_PATH} PYTHONPATH=/home/upsurge/tt_package/install/yolo_ros/lib/python3.10/site-packages:/home/upsurge/tt_package/install/yolo_msgs/local/lib/python3.10/dist-packages:${PYTHONPATH} /usr/bin/cmake --build /home/upsurge/tt_package/build/yolo_bringup -- -j32 -l32
[0.478s] Invoked command in '/home/upsurge/tt_package/build/yolo_bringup' returned '0': AMENT_PREFIX_PATH=/home/upsurge/tt_package/install/yolo_ros:/home/upsurge/tt_package/install/yolo_msgs:${AMENT_PREFIX_PATH} CMAKE_PREFIX_PATH=/home/upsurge/tt_package/install/yolo_msgs:/opt/ros/humble LD_LIBRARY_PATH=/home/upsurge/tt_package/install/yolo_msgs/lib:${LD_LIBRARY_PATH} PYTHONPATH=/home/upsurge/tt_package/install/yolo_ros/lib/python3.10/site-packages:/home/upsurge/tt_package/install/yolo_msgs/local/lib/python3.10/dist-packages:${PYTHONPATH} /usr/bin/cmake --build /home/upsurge/tt_package/build/yolo_bringup -- -j32 -l32
[0.479s] Invoking command in '/home/upsurge/tt_package/build/yolo_bringup': AMENT_PREFIX_PATH=/home/upsurge/tt_package/install/yolo_ros:/home/upsurge/tt_package/install/yolo_msgs:${AMENT_PREFIX_PATH} CMAKE_PREFIX_PATH=/home/upsurge/tt_package/install/yolo_msgs:/opt/ros/humble LD_LIBRARY_PATH=/home/upsurge/tt_package/install/yolo_msgs/lib:${LD_LIBRARY_PATH} PYTHONPATH=/home/upsurge/tt_package/install/yolo_ros/lib/python3.10/site-packages:/home/upsurge/tt_package/install/yolo_msgs/local/lib/python3.10/dist-packages:${PYTHONPATH} /usr/bin/cmake --install /home/upsurge/tt_package/build/yolo_bringup
[0.483s] -- Install configuration: ""
[0.483s] -- Installing: /home/upsurge/tt_package/install/yolo_bringup/share/yolo_bringup//launch
[0.483s] -- Installing: /home/upsurge/tt_package/install/yolo_bringup/share/yolo_bringup//launch/yolov12.launch.py
[0.483s] -- Installing: /home/upsurge/tt_package/install/yolo_bringup/share/yolo_bringup//launch/yolo-world.launch.py
[0.483s] -- Installing: /home/upsurge/tt_package/install/yolo_bringup/share/yolo_bringup//launch/yolov8.launch.py
[0.483s] -- Installing: /home/upsurge/tt_package/install/yolo_bringup/share/yolo_bringup//launch/yolov5.launch.py
[0.483s] -- Installing: /home/upsurge/tt_package/install/yolo_bringup/share/yolo_bringup//launch/yolo.launch.py
[0.483s] -- Installing: /home/upsurge/tt_package/install/yolo_bringup/share/yolo_bringup//launch/yolov9.launch.py
[0.484s] -- Installing: /home/upsurge/tt_package/install/yolo_bringup/share/yolo_bringup//launch/yolov11.launch.py
[0.484s] -- Installing: /home/upsurge/tt_package/install/yolo_bringup/share/yolo_bringup//launch/yolov10.launch.py
[0.484s] -- Installing: /home/upsurge/tt_package/install/yolo_bringup/share/ament_index/resource_index/package_run_dependencies/yolo_bringup
[0.484s] -- Installing: /home/upsurge/tt_package/install/yolo_bringup/share/ament_index/resource_index/parent_prefix_path/yolo_bringup
[0.484s] -- Installing: /home/upsurge/tt_package/install/yolo_bringup/share/yolo_bringup/environment/ament_prefix_path.sh
[0.484s] -- Installing: /home/upsurge/tt_package/install/yolo_bringup/share/yolo_bringup/environment/ament_prefix_path.dsv
[0.484s] -- Installing: /home/upsurge/tt_package/install/yolo_bringup/share/yolo_bringup/environment/path.sh
[0.484s] -- Installing: /home/upsurge/tt_package/install/yolo_bringup/share/yolo_bringup/environment/path.dsv
[0.484s] -- Installing: /home/upsurge/tt_package/install/yolo_bringup/share/yolo_bringup/local_setup.bash
[0.484s] -- Installing: /home/upsurge/tt_package/install/yolo_bringup/share/yolo_bringup/local_setup.sh
[0.484s] -- Installing: /home/upsurge/tt_package/install/yolo_bringup/share/yolo_bringup/local_setup.zsh
[0.484s] -- Installing: /home/upsurge/tt_package/install/yolo_bringup/share/yolo_bringup/local_setup.dsv
[0.484s] -- Installing: /home/upsurge/tt_package/install/yolo_bringup/share/yolo_bringup/package.dsv
[0.484s] -- Installing: /home/upsurge/tt_package/install/yolo_bringup/share/ament_index/resource_index/packages/yolo_bringup
[0.484s] -- Installing: /home/upsurge/tt_package/install/yolo_bringup/share/yolo_bringup/cmake/yolo_bringupConfig.cmake
[0.484s] -- Installing: /home/upsurge/tt_package/install/yolo_bringup/share/yolo_bringup/cmake/yolo_bringupConfig-version.cmake
[0.484s] -- Installing: /home/upsurge/tt_package/install/yolo_bringup/share/yolo_bringup/package.xml
[0.485s] Invoked command in '/home/upsurge/tt_package/build/yolo_bringup' returned '0': AMENT_PREFIX_PATH=/home/upsurge/tt_package/install/yolo_ros:/home/upsurge/tt_package/install/yolo_msgs:${AMENT_PREFIX_PATH} CMAKE_PREFIX_PATH=/home/upsurge/tt_package/install/yolo_msgs:/opt/ros/humble LD_LIBRARY_PATH=/home/upsurge/tt_package/install/yolo_msgs/lib:${LD_LIBRARY_PATH} PYTHONPATH=/home/upsurge/tt_package/install/yolo_ros/lib/python3.10/site-packages:/home/upsurge/tt_package/install/yolo_msgs/local/lib/python3.10/dist-packages:${PYTHONPATH} /usr/bin/cmake --install /home/upsurge/tt_package/build/yolo_bringup
