[0.007s] Invoking command in '/home/upsurge/tt_package/build/yolo_msgs': CMAKE_PREFIX_PATH=/opt/ros/humble /usr/bin/cmake --build /home/upsurge/tt_package/build/yolo_msgs -- -j32 -l32
[0.033s] [35m[1mConsolidate compiler generated dependencies of target yolo_msgs__rosidl_generator_c[0m
[0.038s] [  0%] Built target yolo_msgs__cpp
[0.040s] [ 12%] Built target yolo_msgs__rosidl_generator_c
[0.041s] [ 12%] Built target ament_cmake_python_copy_yolo_msgs
[0.044s] [35m[1mConsolidate compiler generated dependencies of target yolo_msgs__rosidl_typesupport_c[0m
[0.044s] [35m[1mConsolidate compiler generated dependencies of target yolo_msgs__rosidl_typesupport_introspection_c[0m
[0.046s] [35m[1mConsolidate compiler generated dependencies of target yolo_msgs__rosidl_typesupport_cpp[0m
[0.046s] [35m[1mConsolidate compiler generated dependencies of target yolo_msgs__rosidl_typesupport_fastrtps_c[0m
[0.046s] [35m[1mConsolidate compiler generated dependencies of target yolo_msgs__rosidl_typesupport_introspection_cpp[0m
[0.046s] [35m[1mConsolidate compiler generated dependencies of target yolo_msgs__rosidl_typesupport_fastrtps_cpp[0m
[0.051s] [ 24%] Built target yolo_msgs__rosidl_typesupport_introspection_c
[0.051s] [ 36%] Built target yolo_msgs__rosidl_typesupport_c
[0.052s] [ 48%] Built target yolo_msgs__rosidl_typesupport_cpp
[0.053s] [ 60%] Built target yolo_msgs__rosidl_typesupport_fastrtps_c
[0.057s] [ 72%] Built target yolo_msgs__rosidl_typesupport_introspection_cpp
[0.058s] [ 84%] Built target yolo_msgs__rosidl_typesupport_fastrtps_cpp
[0.067s] [ 84%] Built target yolo_msgs
[0.076s] [ 85%] Built target yolo_msgs__py
[0.083s] [35m[1mConsolidate compiler generated dependencies of target yolo_msgs__rosidl_generator_py[0m
[0.093s] [ 96%] Built target yolo_msgs__rosidl_generator_py
[0.099s] [35m[1mConsolidate compiler generated dependencies of target yolo_msgs__rosidl_typesupport_fastrtps_c__pyext[0m
[0.099s] [35m[1mConsolidate compiler generated dependencies of target yolo_msgs__rosidl_typesupport_introspection_c__pyext[0m
[0.099s] [35m[1mConsolidate compiler generated dependencies of target yolo_msgs__rosidl_typesupport_c__pyext[0m
[0.107s] [100%] Built target yolo_msgs__rosidl_typesupport_c__pyext
[0.107s] [100%] Built target yolo_msgs__rosidl_typesupport_fastrtps_c__pyext
[0.107s] [100%] Built target yolo_msgs__rosidl_typesupport_introspection_c__pyext
[0.145s] running egg_info
[0.152s] writing yolo_msgs.egg-info/PKG-INFO
[0.152s] writing dependency_links to yolo_msgs.egg-info/dependency_links.txt
[0.152s] writing top-level names to yolo_msgs.egg-info/top_level.txt
[0.174s] reading manifest file 'yolo_msgs.egg-info/SOURCES.txt'
[0.175s] writing manifest file 'yolo_msgs.egg-info/SOURCES.txt'
[0.189s] [100%] Built target ament_cmake_python_build_yolo_msgs_egg
[0.201s] Invoked command in '/home/upsurge/tt_package/build/yolo_msgs' returned '0': CMAKE_PREFIX_PATH=/opt/ros/humble /usr/bin/cmake --build /home/upsurge/tt_package/build/yolo_msgs -- -j32 -l32
[0.202s] Invoking command in '/home/upsurge/tt_package/build/yolo_msgs': CMAKE_PREFIX_PATH=/opt/ros/humble /usr/bin/cmake --install /home/upsurge/tt_package/build/yolo_msgs
[0.206s] -- Install configuration: ""
[0.206s] -- Up-to-date: /home/upsurge/tt_package/install/yolo_msgs/share/ament_index/resource_index/rosidl_interfaces/yolo_msgs
[0.206s] -- Up-to-date: /home/upsurge/tt_package/install/yolo_msgs/include/yolo_msgs/yolo_msgs
[0.206s] -- Up-to-date: /home/upsurge/tt_package/install/yolo_msgs/include/yolo_msgs/yolo_msgs/msg
[0.206s] -- Up-to-date: /home/upsurge/tt_package/install/yolo_msgs/include/yolo_msgs/yolo_msgs/msg/detail
[0.206s] -- Up-to-date: /home/upsurge/tt_package/install/yolo_msgs/include/yolo_msgs/yolo_msgs/msg/detail/detection__type_support.h
[0.206s] -- Up-to-date: /home/upsurge/tt_package/install/yolo_msgs/include/yolo_msgs/yolo_msgs/msg/detail/vector2__functions.c
[0.206s] -- Up-to-date: /home/upsurge/tt_package/install/yolo_msgs/include/yolo_msgs/yolo_msgs/msg/detail/vector2__struct.h
[0.206s] -- Up-to-date: /home/upsurge/tt_package/install/yolo_msgs/include/yolo_msgs/yolo_msgs/msg/detail/detection_array__functions.h
[0.206s] -- Up-to-date: /home/upsurge/tt_package/install/yolo_msgs/include/yolo_msgs/yolo_msgs/msg/detail/point2_d__functions.c
[0.206s] -- Up-to-date: /home/upsurge/tt_package/install/yolo_msgs/include/yolo_msgs/yolo_msgs/msg/detail/vector2__type_support.h
[0.206s] -- Up-to-date: /home/upsurge/tt_package/install/yolo_msgs/include/yolo_msgs/yolo_msgs/msg/detail/key_point2_d__type_support.h
[0.206s] -- Up-to-date: /home/upsurge/tt_package/install/yolo_msgs/include/yolo_msgs/yolo_msgs/msg/detail/key_point2_d__functions.h
[0.206s] -- Up-to-date: /home/upsurge/tt_package/install/yolo_msgs/include/yolo_msgs/yolo_msgs/msg/detail/pose2_d__functions.h
[0.206s] -- Up-to-date: /home/upsurge/tt_package/install/yolo_msgs/include/yolo_msgs/yolo_msgs/msg/detail/key_point3_d__struct.h
[0.207s] -- Up-to-date: /home/upsurge/tt_package/install/yolo_msgs/include/yolo_msgs/yolo_msgs/msg/detail/key_point3_d__type_support.h
[0.207s] -- Up-to-date: /home/upsurge/tt_package/install/yolo_msgs/include/yolo_msgs/yolo_msgs/msg/detail/mask__struct.h
[0.207s] -- Up-to-date: /home/upsurge/tt_package/install/yolo_msgs/include/yolo_msgs/yolo_msgs/msg/detail/detection_array__functions.c
[0.207s] -- Up-to-date: /home/upsurge/tt_package/install/yolo_msgs/include/yolo_msgs/yolo_msgs/msg/detail/detection__functions.c
[0.207s] -- Up-to-date: /home/upsurge/tt_package/install/yolo_msgs/include/yolo_msgs/yolo_msgs/msg/detail/point2_d__functions.h
[0.207s] -- Up-to-date: /home/upsurge/tt_package/install/yolo_msgs/include/yolo_msgs/yolo_msgs/msg/detail/pose2_d__functions.c
[0.207s] -- Up-to-date: /home/upsurge/tt_package/install/yolo_msgs/include/yolo_msgs/yolo_msgs/msg/detail/key_point2_d_array__functions.h
[0.207s] -- Up-to-date: /home/upsurge/tt_package/install/yolo_msgs/include/yolo_msgs/yolo_msgs/msg/detail/vector2__functions.h
[0.207s] -- Up-to-date: /home/upsurge/tt_package/install/yolo_msgs/include/yolo_msgs/yolo_msgs/msg/detail/bounding_box3_d__type_support.h
[0.207s] -- Up-to-date: /home/upsurge/tt_package/install/yolo_msgs/include/yolo_msgs/yolo_msgs/msg/detail/bounding_box3_d__functions.c
[0.207s] -- Up-to-date: /home/upsurge/tt_package/install/yolo_msgs/include/yolo_msgs/yolo_msgs/msg/detail/pose2_d__type_support.h
[0.207s] -- Up-to-date: /home/upsurge/tt_package/install/yolo_msgs/include/yolo_msgs/yolo_msgs/msg/detail/bounding_box2_d__struct.h
[0.207s] -- Up-to-date: /home/upsurge/tt_package/install/yolo_msgs/include/yolo_msgs/yolo_msgs/msg/detail/detection_array__struct.h
[0.208s] -- Up-to-date: /home/upsurge/tt_package/install/yolo_msgs/include/yolo_msgs/yolo_msgs/msg/detail/key_point2_d__struct.h
[0.208s] -- Up-to-date: /home/upsurge/tt_package/install/yolo_msgs/include/yolo_msgs/yolo_msgs/msg/detail/key_point3_d_array__struct.h
[0.208s] -- Up-to-date: /home/upsurge/tt_package/install/yolo_msgs/include/yolo_msgs/yolo_msgs/msg/detail/point2_d__struct.h
[0.208s] -- Up-to-date: /home/upsurge/tt_package/install/yolo_msgs/include/yolo_msgs/yolo_msgs/msg/detail/pose2_d__struct.h
[0.208s] -- Up-to-date: /home/upsurge/tt_package/install/yolo_msgs/include/yolo_msgs/yolo_msgs/msg/detail/key_point3_d_array__type_support.h
[0.208s] -- Up-to-date: /home/upsurge/tt_package/install/yolo_msgs/include/yolo_msgs/yolo_msgs/msg/detail/bounding_box2_d__functions.c
[0.208s] -- Up-to-date: /home/upsurge/tt_package/install/yolo_msgs/include/yolo_msgs/yolo_msgs/msg/detail/detection__functions.h
[0.208s] -- Up-to-date: /home/upsurge/tt_package/install/yolo_msgs/include/yolo_msgs/yolo_msgs/msg/detail/bounding_box3_d__struct.h
[0.208s] -- Up-to-date: /home/upsurge/tt_package/install/yolo_msgs/include/yolo_msgs/yolo_msgs/msg/detail/bounding_box2_d__functions.h
[0.208s] -- Up-to-date: /home/upsurge/tt_package/install/yolo_msgs/include/yolo_msgs/yolo_msgs/msg/detail/key_point3_d__functions.h
[0.208s] -- Up-to-date: /home/upsurge/tt_package/install/yolo_msgs/include/yolo_msgs/yolo_msgs/msg/detail/key_point2_d__functions.c
[0.208s] -- Up-to-date: /home/upsurge/tt_package/install/yolo_msgs/include/yolo_msgs/yolo_msgs/msg/detail/bounding_box3_d__functions.h
[0.208s] -- Up-to-date: /home/upsurge/tt_package/install/yolo_msgs/include/yolo_msgs/yolo_msgs/msg/detail/key_point2_d_array__type_support.h
[0.208s] -- Up-to-date: /home/upsurge/tt_package/install/yolo_msgs/include/yolo_msgs/yolo_msgs/msg/detail/bounding_box2_d__type_support.h
[0.208s] -- Up-to-date: /home/upsurge/tt_package/install/yolo_msgs/include/yolo_msgs/yolo_msgs/msg/detail/key_point3_d__functions.c
[0.208s] -- Up-to-date: /home/upsurge/tt_package/install/yolo_msgs/include/yolo_msgs/yolo_msgs/msg/detail/mask__functions.c
[0.209s] -- Up-to-date: /home/upsurge/tt_package/install/yolo_msgs/include/yolo_msgs/yolo_msgs/msg/detail/key_point3_d_array__functions.c
[0.209s] -- Up-to-date: /home/upsurge/tt_package/install/yolo_msgs/include/yolo_msgs/yolo_msgs/msg/detail/detection_array__type_support.h
[0.209s] -- Up-to-date: /home/upsurge/tt_package/install/yolo_msgs/include/yolo_msgs/yolo_msgs/msg/detail/key_point2_d_array__functions.c
[0.209s] -- Up-to-date: /home/upsurge/tt_package/install/yolo_msgs/include/yolo_msgs/yolo_msgs/msg/detail/mask__type_support.h
[0.209s] -- Up-to-date: /home/upsurge/tt_package/install/yolo_msgs/include/yolo_msgs/yolo_msgs/msg/detail/mask__functions.h
[0.209s] -- Up-to-date: /home/upsurge/tt_package/install/yolo_msgs/include/yolo_msgs/yolo_msgs/msg/detail/key_point3_d_array__functions.h
[0.209s] -- Up-to-date: /home/upsurge/tt_package/install/yolo_msgs/include/yolo_msgs/yolo_msgs/msg/detail/key_point2_d_array__struct.h
[0.209s] -- Up-to-date: /home/upsurge/tt_package/install/yolo_msgs/include/yolo_msgs/yolo_msgs/msg/detail/detection__struct.h
[0.209s] -- Up-to-date: /home/upsurge/tt_package/install/yolo_msgs/include/yolo_msgs/yolo_msgs/msg/detail/point2_d__type_support.h
[0.209s] -- Up-to-date: /home/upsurge/tt_package/install/yolo_msgs/include/yolo_msgs/yolo_msgs/msg/mask.h
[0.209s] -- Up-to-date: /home/upsurge/tt_package/install/yolo_msgs/include/yolo_msgs/yolo_msgs/msg/point2_d.h
[0.209s] -- Up-to-date: /home/upsurge/tt_package/install/yolo_msgs/include/yolo_msgs/yolo_msgs/msg/rosidl_generator_c__visibility_control.h
[0.209s] -- Up-to-date: /home/upsurge/tt_package/install/yolo_msgs/include/yolo_msgs/yolo_msgs/msg/bounding_box3_d.h
[0.209s] -- Up-to-date: /home/upsurge/tt_package/install/yolo_msgs/include/yolo_msgs/yolo_msgs/msg/key_point3_d_array.h
[0.209s] -- Up-to-date: /home/upsurge/tt_package/install/yolo_msgs/include/yolo_msgs/yolo_msgs/msg/key_point3_d.h
[0.209s] -- Up-to-date: /home/upsurge/tt_package/install/yolo_msgs/include/yolo_msgs/yolo_msgs/msg/pose2_d.h
[0.210s] -- Up-to-date: /home/upsurge/tt_package/install/yolo_msgs/include/yolo_msgs/yolo_msgs/msg/key_point2_d_array.h
[0.210s] -- Up-to-date: /home/upsurge/tt_package/install/yolo_msgs/include/yolo_msgs/yolo_msgs/msg/detection_array.h
[0.210s] -- Up-to-date: /home/upsurge/tt_package/install/yolo_msgs/include/yolo_msgs/yolo_msgs/msg/key_point2_d.h
[0.210s] -- Up-to-date: /home/upsurge/tt_package/install/yolo_msgs/include/yolo_msgs/yolo_msgs/msg/vector2.h
[0.210s] -- Up-to-date: /home/upsurge/tt_package/install/yolo_msgs/include/yolo_msgs/yolo_msgs/msg/detection.h
[0.210s] -- Up-to-date: /home/upsurge/tt_package/install/yolo_msgs/include/yolo_msgs/yolo_msgs/msg/bounding_box2_d.h
[0.210s] -- Up-to-date: /home/upsurge/tt_package/install/yolo_msgs/include/yolo_msgs/yolo_msgs/srv
[0.211s] -- Up-to-date: /home/upsurge/tt_package/install/yolo_msgs/include/yolo_msgs/yolo_msgs/srv/detail
[0.211s] -- Up-to-date: /home/upsurge/tt_package/install/yolo_msgs/include/yolo_msgs/yolo_msgs/srv/detail/set_classes__functions.h
[0.211s] -- Up-to-date: /home/upsurge/tt_package/install/yolo_msgs/include/yolo_msgs/yolo_msgs/srv/detail/set_classes__type_support.h
[0.211s] -- Up-to-date: /home/upsurge/tt_package/install/yolo_msgs/include/yolo_msgs/yolo_msgs/srv/detail/set_classes__struct.h
[0.211s] -- Up-to-date: /home/upsurge/tt_package/install/yolo_msgs/include/yolo_msgs/yolo_msgs/srv/detail/set_classes__functions.c
[0.211s] -- Up-to-date: /home/upsurge/tt_package/install/yolo_msgs/include/yolo_msgs/yolo_msgs/srv/set_classes.h
[0.211s] -- Up-to-date: /home/upsurge/tt_package/install/yolo_msgs/share/yolo_msgs/environment/library_path.sh
[0.211s] -- Up-to-date: /home/upsurge/tt_package/install/yolo_msgs/share/yolo_msgs/environment/library_path.dsv
[0.211s] -- Up-to-date: /home/upsurge/tt_package/install/yolo_msgs/lib/libyolo_msgs__rosidl_generator_c.so
[0.211s] -- Up-to-date: /home/upsurge/tt_package/install/yolo_msgs/include/yolo_msgs/yolo_msgs
[0.211s] -- Up-to-date: /home/upsurge/tt_package/install/yolo_msgs/include/yolo_msgs/yolo_msgs/msg
[0.211s] -- Up-to-date: /home/upsurge/tt_package/install/yolo_msgs/include/yolo_msgs/yolo_msgs/msg/detail
[0.211s] -- Up-to-date: /home/upsurge/tt_package/install/yolo_msgs/include/yolo_msgs/yolo_msgs/msg/detail/point2_d__rosidl_typesupport_fastrtps_c.h
[0.211s] -- Up-to-date: /home/upsurge/tt_package/install/yolo_msgs/include/yolo_msgs/yolo_msgs/msg/detail/bounding_box2_d__rosidl_typesupport_fastrtps_c.h
[0.211s] -- Up-to-date: /home/upsurge/tt_package/install/yolo_msgs/include/yolo_msgs/yolo_msgs/msg/detail/key_point2_d__rosidl_typesupport_fastrtps_c.h
[0.211s] -- Up-to-date: /home/upsurge/tt_package/install/yolo_msgs/include/yolo_msgs/yolo_msgs/msg/detail/bounding_box3_d__rosidl_typesupport_fastrtps_c.h
[0.211s] -- Up-to-date: /home/upsurge/tt_package/install/yolo_msgs/include/yolo_msgs/yolo_msgs/msg/detail/key_point3_d__rosidl_typesupport_fastrtps_c.h
[0.212s] -- Up-to-date: /home/upsurge/tt_package/install/yolo_msgs/include/yolo_msgs/yolo_msgs/msg/detail/pose2_d__rosidl_typesupport_fastrtps_c.h
[0.212s] -- Up-to-date: /home/upsurge/tt_package/install/yolo_msgs/include/yolo_msgs/yolo_msgs/msg/detail/detection_array__rosidl_typesupport_fastrtps_c.h
[0.212s] -- Up-to-date: /home/upsurge/tt_package/install/yolo_msgs/include/yolo_msgs/yolo_msgs/msg/detail/detection__rosidl_typesupport_fastrtps_c.h
[0.212s] -- Up-to-date: /home/upsurge/tt_package/install/yolo_msgs/include/yolo_msgs/yolo_msgs/msg/detail/vector2__rosidl_typesupport_fastrtps_c.h
[0.212s] -- Up-to-date: /home/upsurge/tt_package/install/yolo_msgs/include/yolo_msgs/yolo_msgs/msg/detail/key_point3_d_array__rosidl_typesupport_fastrtps_c.h
[0.212s] -- Up-to-date: /home/upsurge/tt_package/install/yolo_msgs/include/yolo_msgs/yolo_msgs/msg/detail/mask__rosidl_typesupport_fastrtps_c.h
[0.212s] -- Up-to-date: /home/upsurge/tt_package/install/yolo_msgs/include/yolo_msgs/yolo_msgs/msg/detail/key_point2_d_array__rosidl_typesupport_fastrtps_c.h
[0.212s] -- Up-to-date: /home/upsurge/tt_package/install/yolo_msgs/include/yolo_msgs/yolo_msgs/msg/rosidl_typesupport_fastrtps_c__visibility_control.h
[0.212s] -- Up-to-date: /home/upsurge/tt_package/install/yolo_msgs/include/yolo_msgs/yolo_msgs/srv
[0.212s] -- Up-to-date: /home/upsurge/tt_package/install/yolo_msgs/include/yolo_msgs/yolo_msgs/srv/detail
[0.212s] -- Up-to-date: /home/upsurge/tt_package/install/yolo_msgs/include/yolo_msgs/yolo_msgs/srv/detail/set_classes__rosidl_typesupport_fastrtps_c.h
[0.212s] -- Up-to-date: /home/upsurge/tt_package/install/yolo_msgs/lib/libyolo_msgs__rosidl_typesupport_fastrtps_c.so
[0.212s] -- Up-to-date: /home/upsurge/tt_package/install/yolo_msgs/include/yolo_msgs/yolo_msgs
[0.212s] -- Up-to-date: /home/upsurge/tt_package/install/yolo_msgs/include/yolo_msgs/yolo_msgs/msg
[0.213s] -- Up-to-date: /home/upsurge/tt_package/install/yolo_msgs/include/yolo_msgs/yolo_msgs/msg/detail
[0.213s] -- Up-to-date: /home/upsurge/tt_package/install/yolo_msgs/include/yolo_msgs/yolo_msgs/msg/detail/mask__rosidl_typesupport_introspection_c.h
[0.213s] -- Up-to-date: /home/upsurge/tt_package/install/yolo_msgs/include/yolo_msgs/yolo_msgs/msg/detail/vector2__type_support.c
[0.213s] -- Up-to-date: /home/upsurge/tt_package/install/yolo_msgs/include/yolo_msgs/yolo_msgs/msg/detail/detection__type_support.c
[0.213s] -- Up-to-date: /home/upsurge/tt_package/install/yolo_msgs/include/yolo_msgs/yolo_msgs/msg/detail/vector2__rosidl_typesupport_introspection_c.h
[0.213s] -- Up-to-date: /home/upsurge/tt_package/install/yolo_msgs/include/yolo_msgs/yolo_msgs/msg/detail/key_point2_d_array__rosidl_typesupport_introspection_c.h
[0.213s] -- Up-to-date: /home/upsurge/tt_package/install/yolo_msgs/include/yolo_msgs/yolo_msgs/msg/detail/detection_array__rosidl_typesupport_introspection_c.h
[0.213s] -- Up-to-date: /home/upsurge/tt_package/install/yolo_msgs/include/yolo_msgs/yolo_msgs/msg/detail/bounding_box3_d__rosidl_typesupport_introspection_c.h
[0.213s] -- Up-to-date: /home/upsurge/tt_package/install/yolo_msgs/include/yolo_msgs/yolo_msgs/msg/detail/point2_d__rosidl_typesupport_introspection_c.h
[0.213s] -- Up-to-date: /home/upsurge/tt_package/install/yolo_msgs/include/yolo_msgs/yolo_msgs/msg/detail/detection__rosidl_typesupport_introspection_c.h
[0.213s] -- Up-to-date: /home/upsurge/tt_package/install/yolo_msgs/include/yolo_msgs/yolo_msgs/msg/detail/bounding_box2_d__rosidl_typesupport_introspection_c.h
[0.213s] -- Up-to-date: /home/upsurge/tt_package/install/yolo_msgs/include/yolo_msgs/yolo_msgs/msg/detail/point2_d__type_support.c
[0.213s] -- Up-to-date: /home/upsurge/tt_package/install/yolo_msgs/include/yolo_msgs/yolo_msgs/msg/detail/bounding_box2_d__type_support.c
[0.213s] -- Up-to-date: /home/upsurge/tt_package/install/yolo_msgs/include/yolo_msgs/yolo_msgs/msg/detail/bounding_box3_d__type_support.c
[0.213s] -- Up-to-date: /home/upsurge/tt_package/install/yolo_msgs/include/yolo_msgs/yolo_msgs/msg/detail/detection_array__type_support.c
[0.213s] -- Up-to-date: /home/upsurge/tt_package/install/yolo_msgs/include/yolo_msgs/yolo_msgs/msg/detail/mask__type_support.c
[0.213s] -- Up-to-date: /home/upsurge/tt_package/install/yolo_msgs/include/yolo_msgs/yolo_msgs/msg/detail/key_point2_d__type_support.c
[0.213s] -- Up-to-date: /home/upsurge/tt_package/install/yolo_msgs/include/yolo_msgs/yolo_msgs/msg/detail/pose2_d__rosidl_typesupport_introspection_c.h
[0.213s] -- Up-to-date: /home/upsurge/tt_package/install/yolo_msgs/include/yolo_msgs/yolo_msgs/msg/detail/pose2_d__type_support.c
[0.213s] -- Up-to-date: /home/upsurge/tt_package/install/yolo_msgs/include/yolo_msgs/yolo_msgs/msg/detail/key_point3_d_array__type_support.c
[0.215s] -- Up-to-date: /home/upsurge/tt_package/install/yolo_msgs/include/yolo_msgs/yolo_msgs/msg/detail/key_point2_d__rosidl_typesupport_introspection_c.h
[0.215s] -- Up-to-date: /home/upsurge/tt_package/install/yolo_msgs/include/yolo_msgs/yolo_msgs/msg/detail/key_point2_d_array__type_support.c
[0.215s] -- Up-to-date: /home/upsurge/tt_package/install/yolo_msgs/include/yolo_msgs/yolo_msgs/msg/detail/key_point3_d__type_support.c
[0.215s] -- Up-to-date: /home/upsurge/tt_package/install/yolo_msgs/include/yolo_msgs/yolo_msgs/msg/detail/key_point3_d_array__rosidl_typesupport_introspection_c.h
[0.215s] -- Up-to-date: /home/upsurge/tt_package/install/yolo_msgs/include/yolo_msgs/yolo_msgs/msg/detail/key_point3_d__rosidl_typesupport_introspection_c.h
[0.215s] -- Up-to-date: /home/upsurge/tt_package/install/yolo_msgs/include/yolo_msgs/yolo_msgs/msg/rosidl_typesupport_introspection_c__visibility_control.h
[0.215s] -- Up-to-date: /home/upsurge/tt_package/install/yolo_msgs/include/yolo_msgs/yolo_msgs/srv
[0.215s] -- Up-to-date: /home/upsurge/tt_package/install/yolo_msgs/include/yolo_msgs/yolo_msgs/srv/detail
[0.215s] -- Up-to-date: /home/upsurge/tt_package/install/yolo_msgs/include/yolo_msgs/yolo_msgs/srv/detail/set_classes__rosidl_typesupport_introspection_c.h
[0.215s] -- Up-to-date: /home/upsurge/tt_package/install/yolo_msgs/include/yolo_msgs/yolo_msgs/srv/detail/set_classes__type_support.c
[0.215s] -- Up-to-date: /home/upsurge/tt_package/install/yolo_msgs/lib/libyolo_msgs__rosidl_typesupport_introspection_c.so
[0.215s] -- Up-to-date: /home/upsurge/tt_package/install/yolo_msgs/lib/libyolo_msgs__rosidl_typesupport_c.so
[0.216s] -- Up-to-date: /home/upsurge/tt_package/install/yolo_msgs/include/yolo_msgs/yolo_msgs
[0.216s] -- Up-to-date: /home/upsurge/tt_package/install/yolo_msgs/include/yolo_msgs/yolo_msgs/msg
[0.216s] -- Up-to-date: /home/upsurge/tt_package/install/yolo_msgs/include/yolo_msgs/yolo_msgs/msg/detail
[0.216s] -- Up-to-date: /home/upsurge/tt_package/install/yolo_msgs/include/yolo_msgs/yolo_msgs/msg/detail/key_point2_d_array__builder.hpp
[0.216s] -- Up-to-date: /home/upsurge/tt_package/install/yolo_msgs/include/yolo_msgs/yolo_msgs/msg/detail/key_point2_d__struct.hpp
[0.216s] -- Up-to-date: /home/upsurge/tt_package/install/yolo_msgs/include/yolo_msgs/yolo_msgs/msg/detail/point2_d__builder.hpp
[0.216s] -- Up-to-date: /home/upsurge/tt_package/install/yolo_msgs/include/yolo_msgs/yolo_msgs/msg/detail/key_point2_d__builder.hpp
[0.216s] -- Up-to-date: /home/upsurge/tt_package/install/yolo_msgs/include/yolo_msgs/yolo_msgs/msg/detail/key_point3_d__type_support.hpp
[0.217s] -- Up-to-date: /home/upsurge/tt_package/install/yolo_msgs/include/yolo_msgs/yolo_msgs/msg/detail/bounding_box2_d__type_support.hpp
[0.217s] -- Up-to-date: /home/upsurge/tt_package/install/yolo_msgs/include/yolo_msgs/yolo_msgs/msg/detail/key_point3_d__traits.hpp
[0.217s] -- Up-to-date: /home/upsurge/tt_package/install/yolo_msgs/include/yolo_msgs/yolo_msgs/msg/detail/bounding_box2_d__builder.hpp
[0.217s] -- Up-to-date: /home/upsurge/tt_package/install/yolo_msgs/include/yolo_msgs/yolo_msgs/msg/detail/key_point3_d_array__struct.hpp
[0.217s] -- Up-to-date: /home/upsurge/tt_package/install/yolo_msgs/include/yolo_msgs/yolo_msgs/msg/detail/key_point2_d_array__type_support.hpp
[0.217s] -- Up-to-date: /home/upsurge/tt_package/install/yolo_msgs/include/yolo_msgs/yolo_msgs/msg/detail/pose2_d__struct.hpp
[0.217s] -- Up-to-date: /home/upsurge/tt_package/install/yolo_msgs/include/yolo_msgs/yolo_msgs/msg/detail/bounding_box3_d__traits.hpp
[0.217s] -- Up-to-date: /home/upsurge/tt_package/install/yolo_msgs/include/yolo_msgs/yolo_msgs/msg/detail/key_point3_d__struct.hpp
[0.217s] -- Up-to-date: /home/upsurge/tt_package/install/yolo_msgs/include/yolo_msgs/yolo_msgs/msg/detail/mask__traits.hpp
[0.217s] -- Up-to-date: /home/upsurge/tt_package/install/yolo_msgs/include/yolo_msgs/yolo_msgs/msg/detail/detection__traits.hpp
[0.217s] -- Up-to-date: /home/upsurge/tt_package/install/yolo_msgs/include/yolo_msgs/yolo_msgs/msg/detail/detection__builder.hpp
[0.217s] -- Up-to-date: /home/upsurge/tt_package/install/yolo_msgs/include/yolo_msgs/yolo_msgs/msg/detail/mask__struct.hpp
[0.217s] -- Up-to-date: /home/upsurge/tt_package/install/yolo_msgs/include/yolo_msgs/yolo_msgs/msg/detail/bounding_box3_d__struct.hpp
[0.217s] -- Up-to-date: /home/upsurge/tt_package/install/yolo_msgs/include/yolo_msgs/yolo_msgs/msg/detail/bounding_box2_d__traits.hpp
[0.217s] -- Up-to-date: /home/upsurge/tt_package/install/yolo_msgs/include/yolo_msgs/yolo_msgs/msg/detail/key_point3_d_array__type_support.hpp
[0.217s] -- Up-to-date: /home/upsurge/tt_package/install/yolo_msgs/include/yolo_msgs/yolo_msgs/msg/detail/key_point2_d__type_support.hpp
[0.217s] -- Up-to-date: /home/upsurge/tt_package/install/yolo_msgs/include/yolo_msgs/yolo_msgs/msg/detail/key_point3_d__builder.hpp
[0.217s] -- Up-to-date: /home/upsurge/tt_package/install/yolo_msgs/include/yolo_msgs/yolo_msgs/msg/detail/key_point3_d_array__builder.hpp
[0.217s] -- Up-to-date: /home/upsurge/tt_package/install/yolo_msgs/include/yolo_msgs/yolo_msgs/msg/detail/key_point2_d_array__traits.hpp
[0.217s] -- Up-to-date: /home/upsurge/tt_package/install/yolo_msgs/include/yolo_msgs/yolo_msgs/msg/detail/mask__type_support.hpp
[0.217s] -- Up-to-date: /home/upsurge/tt_package/install/yolo_msgs/include/yolo_msgs/yolo_msgs/msg/detail/detection_array__struct.hpp
[0.217s] -- Up-to-date: /home/upsurge/tt_package/install/yolo_msgs/include/yolo_msgs/yolo_msgs/msg/detail/detection_array__builder.hpp
[0.217s] -- Up-to-date: /home/upsurge/tt_package/install/yolo_msgs/include/yolo_msgs/yolo_msgs/msg/detail/key_point3_d_array__traits.hpp
[0.218s] -- Up-to-date: /home/upsurge/tt_package/install/yolo_msgs/include/yolo_msgs/yolo_msgs/msg/detail/vector2__struct.hpp
[0.218s] -- Up-to-date: /home/upsurge/tt_package/install/yolo_msgs/include/yolo_msgs/yolo_msgs/msg/detail/bounding_box2_d__struct.hpp
[0.218s] -- Up-to-date: /home/upsurge/tt_package/install/yolo_msgs/include/yolo_msgs/yolo_msgs/msg/detail/vector2__type_support.hpp
[0.218s] -- Up-to-date: /home/upsurge/tt_package/install/yolo_msgs/include/yolo_msgs/yolo_msgs/msg/detail/bounding_box3_d__builder.hpp
[0.218s] -- Up-to-date: /home/upsurge/tt_package/install/yolo_msgs/include/yolo_msgs/yolo_msgs/msg/detail/pose2_d__builder.hpp
[0.218s] -- Up-to-date: /home/upsurge/tt_package/install/yolo_msgs/include/yolo_msgs/yolo_msgs/msg/detail/point2_d__struct.hpp
[0.218s] -- Up-to-date: /home/upsurge/tt_package/install/yolo_msgs/include/yolo_msgs/yolo_msgs/msg/detail/detection_array__traits.hpp
[0.218s] -- Up-to-date: /home/upsurge/tt_package/install/yolo_msgs/include/yolo_msgs/yolo_msgs/msg/detail/vector2__traits.hpp
[0.218s] -- Up-to-date: /home/upsurge/tt_package/install/yolo_msgs/include/yolo_msgs/yolo_msgs/msg/detail/bounding_box3_d__type_support.hpp
[0.218s] -- Up-to-date: /home/upsurge/tt_package/install/yolo_msgs/include/yolo_msgs/yolo_msgs/msg/detail/pose2_d__type_support.hpp
[0.218s] -- Up-to-date: /home/upsurge/tt_package/install/yolo_msgs/include/yolo_msgs/yolo_msgs/msg/detail/pose2_d__traits.hpp
[0.218s] -- Up-to-date: /home/upsurge/tt_package/install/yolo_msgs/include/yolo_msgs/yolo_msgs/msg/detail/detection_array__type_support.hpp
[0.218s] -- Up-to-date: /home/upsurge/tt_package/install/yolo_msgs/include/yolo_msgs/yolo_msgs/msg/detail/point2_d__type_support.hpp
[0.218s] -- Up-to-date: /home/upsurge/tt_package/install/yolo_msgs/include/yolo_msgs/yolo_msgs/msg/detail/vector2__builder.hpp
[0.218s] -- Up-to-date: /home/upsurge/tt_package/install/yolo_msgs/include/yolo_msgs/yolo_msgs/msg/detail/point2_d__traits.hpp
[0.218s] -- Up-to-date: /home/upsurge/tt_package/install/yolo_msgs/include/yolo_msgs/yolo_msgs/msg/detail/key_point2_d_array__struct.hpp
[0.218s] -- Up-to-date: /home/upsurge/tt_package/install/yolo_msgs/include/yolo_msgs/yolo_msgs/msg/detail/mask__builder.hpp
[0.218s] -- Up-to-date: /home/upsurge/tt_package/install/yolo_msgs/include/yolo_msgs/yolo_msgs/msg/detail/detection__type_support.hpp
[0.218s] -- Up-to-date: /home/upsurge/tt_package/install/yolo_msgs/include/yolo_msgs/yolo_msgs/msg/detail/key_point2_d__traits.hpp
[0.218s] -- Up-to-date: /home/upsurge/tt_package/install/yolo_msgs/include/yolo_msgs/yolo_msgs/msg/detail/detection__struct.hpp
[0.219s] -- Up-to-date: /home/upsurge/tt_package/install/yolo_msgs/include/yolo_msgs/yolo_msgs/msg/detection_array.hpp
[0.219s] -- Up-to-date: /home/upsurge/tt_package/install/yolo_msgs/include/yolo_msgs/yolo_msgs/msg/bounding_box2_d.hpp
[0.219s] -- Up-to-date: /home/upsurge/tt_package/install/yolo_msgs/include/yolo_msgs/yolo_msgs/msg/point2_d.hpp
[0.219s] -- Up-to-date: /home/upsurge/tt_package/install/yolo_msgs/include/yolo_msgs/yolo_msgs/msg/detection.hpp
[0.219s] -- Up-to-date: /home/upsurge/tt_package/install/yolo_msgs/include/yolo_msgs/yolo_msgs/msg/mask.hpp
[0.219s] -- Up-to-date: /home/upsurge/tt_package/install/yolo_msgs/include/yolo_msgs/yolo_msgs/msg/rosidl_generator_cpp__visibility_control.hpp
[0.219s] -- Up-to-date: /home/upsurge/tt_package/install/yolo_msgs/include/yolo_msgs/yolo_msgs/msg/pose2_d.hpp
[0.219s] -- Up-to-date: /home/upsurge/tt_package/install/yolo_msgs/include/yolo_msgs/yolo_msgs/msg/vector2.hpp
[0.219s] -- Up-to-date: /home/upsurge/tt_package/install/yolo_msgs/include/yolo_msgs/yolo_msgs/msg/key_point3_d_array.hpp
[0.219s] -- Up-to-date: /home/upsurge/tt_package/install/yolo_msgs/include/yolo_msgs/yolo_msgs/msg/bounding_box3_d.hpp
[0.219s] -- Up-to-date: /home/upsurge/tt_package/install/yolo_msgs/include/yolo_msgs/yolo_msgs/msg/key_point2_d.hpp
[0.219s] -- Up-to-date: /home/upsurge/tt_package/install/yolo_msgs/include/yolo_msgs/yolo_msgs/msg/key_point2_d_array.hpp
[0.219s] -- Up-to-date: /home/upsurge/tt_package/install/yolo_msgs/include/yolo_msgs/yolo_msgs/msg/key_point3_d.hpp
[0.219s] -- Up-to-date: /home/upsurge/tt_package/install/yolo_msgs/include/yolo_msgs/yolo_msgs/srv
[0.219s] -- Up-to-date: /home/upsurge/tt_package/install/yolo_msgs/include/yolo_msgs/yolo_msgs/srv/detail
[0.219s] -- Up-to-date: /home/upsurge/tt_package/install/yolo_msgs/include/yolo_msgs/yolo_msgs/srv/detail/set_classes__struct.hpp
[0.219s] -- Up-to-date: /home/upsurge/tt_package/install/yolo_msgs/include/yolo_msgs/yolo_msgs/srv/detail/set_classes__builder.hpp
[0.219s] -- Up-to-date: /home/upsurge/tt_package/install/yolo_msgs/include/yolo_msgs/yolo_msgs/srv/detail/set_classes__type_support.hpp
[0.219s] -- Up-to-date: /home/upsurge/tt_package/install/yolo_msgs/include/yolo_msgs/yolo_msgs/srv/detail/set_classes__traits.hpp
[0.219s] -- Up-to-date: /home/upsurge/tt_package/install/yolo_msgs/include/yolo_msgs/yolo_msgs/srv/set_classes.hpp
[0.219s] -- Up-to-date: /home/upsurge/tt_package/install/yolo_msgs/include/yolo_msgs/yolo_msgs
[0.219s] -- Up-to-date: /home/upsurge/tt_package/install/yolo_msgs/include/yolo_msgs/yolo_msgs/msg
[0.220s] -- Up-to-date: /home/upsurge/tt_package/install/yolo_msgs/include/yolo_msgs/yolo_msgs/msg/detail
[0.220s] -- Up-to-date: /home/upsurge/tt_package/install/yolo_msgs/include/yolo_msgs/yolo_msgs/msg/detail/key_point3_d_array__rosidl_typesupport_fastrtps_cpp.hpp
[0.220s] -- Up-to-date: /home/upsurge/tt_package/install/yolo_msgs/include/yolo_msgs/yolo_msgs/msg/detail/bounding_box2_d__rosidl_typesupport_fastrtps_cpp.hpp
[0.220s] -- Up-to-date: /home/upsurge/tt_package/install/yolo_msgs/include/yolo_msgs/yolo_msgs/msg/detail/key_point3_d__rosidl_typesupport_fastrtps_cpp.hpp
[0.220s] -- Up-to-date: /home/upsurge/tt_package/install/yolo_msgs/include/yolo_msgs/yolo_msgs/msg/detail/bounding_box3_d__rosidl_typesupport_fastrtps_cpp.hpp
[0.220s] -- Up-to-date: /home/upsurge/tt_package/install/yolo_msgs/include/yolo_msgs/yolo_msgs/msg/detail/mask__rosidl_typesupport_fastrtps_cpp.hpp
[0.220s] -- Up-to-date: /home/upsurge/tt_package/install/yolo_msgs/include/yolo_msgs/yolo_msgs/msg/detail/pose2_d__rosidl_typesupport_fastrtps_cpp.hpp
[0.220s] -- Up-to-date: /home/upsurge/tt_package/install/yolo_msgs/include/yolo_msgs/yolo_msgs/msg/detail/detection_array__rosidl_typesupport_fastrtps_cpp.hpp
[0.220s] -- Up-to-date: /home/upsurge/tt_package/install/yolo_msgs/include/yolo_msgs/yolo_msgs/msg/detail/point2_d__rosidl_typesupport_fastrtps_cpp.hpp
[0.220s] -- Up-to-date: /home/upsurge/tt_package/install/yolo_msgs/include/yolo_msgs/yolo_msgs/msg/detail/key_point2_d__rosidl_typesupport_fastrtps_cpp.hpp
[0.220s] -- Up-to-date: /home/upsurge/tt_package/install/yolo_msgs/include/yolo_msgs/yolo_msgs/msg/detail/key_point2_d_array__rosidl_typesupport_fastrtps_cpp.hpp
[0.220s] -- Up-to-date: /home/upsurge/tt_package/install/yolo_msgs/include/yolo_msgs/yolo_msgs/msg/detail/vector2__rosidl_typesupport_fastrtps_cpp.hpp
[0.220s] -- Up-to-date: /home/upsurge/tt_package/install/yolo_msgs/include/yolo_msgs/yolo_msgs/msg/detail/dds_fastrtps
[0.220s] -- Up-to-date: /home/upsurge/tt_package/install/yolo_msgs/include/yolo_msgs/yolo_msgs/msg/detail/detection__rosidl_typesupport_fastrtps_cpp.hpp
[0.220s] -- Up-to-date: /home/upsurge/tt_package/install/yolo_msgs/include/yolo_msgs/yolo_msgs/msg/rosidl_typesupport_fastrtps_cpp__visibility_control.h
[0.220s] -- Up-to-date: /home/upsurge/tt_package/install/yolo_msgs/include/yolo_msgs/yolo_msgs/srv
[0.220s] -- Up-to-date: /home/upsurge/tt_package/install/yolo_msgs/include/yolo_msgs/yolo_msgs/srv/detail
[0.220s] -- Up-to-date: /home/upsurge/tt_package/install/yolo_msgs/include/yolo_msgs/yolo_msgs/srv/detail/set_classes__rosidl_typesupport_fastrtps_cpp.hpp
[0.220s] -- Up-to-date: /home/upsurge/tt_package/install/yolo_msgs/include/yolo_msgs/yolo_msgs/srv/detail/dds_fastrtps
[0.220s] -- Up-to-date: /home/upsurge/tt_package/install/yolo_msgs/lib/libyolo_msgs__rosidl_typesupport_fastrtps_cpp.so
[0.220s] -- Up-to-date: /home/upsurge/tt_package/install/yolo_msgs/include/yolo_msgs/yolo_msgs
[0.220s] -- Up-to-date: /home/upsurge/tt_package/install/yolo_msgs/include/yolo_msgs/yolo_msgs/msg
[0.221s] -- Up-to-date: /home/upsurge/tt_package/install/yolo_msgs/include/yolo_msgs/yolo_msgs/msg/detail
[0.221s] -- Up-to-date: /home/upsurge/tt_package/install/yolo_msgs/include/yolo_msgs/yolo_msgs/msg/detail/key_point2_d__rosidl_typesupport_introspection_cpp.hpp
[0.221s] -- Up-to-date: /home/upsurge/tt_package/install/yolo_msgs/include/yolo_msgs/yolo_msgs/msg/detail/key_point3_d_array__type_support.cpp
[0.221s] -- Up-to-date: /home/upsurge/tt_package/install/yolo_msgs/include/yolo_msgs/yolo_msgs/msg/detail/key_point2_d__type_support.cpp
[0.221s] -- Up-to-date: /home/upsurge/tt_package/install/yolo_msgs/include/yolo_msgs/yolo_msgs/msg/detail/bounding_box2_d__rosidl_typesupport_introspection_cpp.hpp
[0.221s] -- Up-to-date: /home/upsurge/tt_package/install/yolo_msgs/include/yolo_msgs/yolo_msgs/msg/detail/key_point2_d_array__rosidl_typesupport_introspection_cpp.hpp
[0.221s] -- Up-to-date: /home/upsurge/tt_package/install/yolo_msgs/include/yolo_msgs/yolo_msgs/msg/detail/detection__type_support.cpp
[0.221s] -- Up-to-date: /home/upsurge/tt_package/install/yolo_msgs/include/yolo_msgs/yolo_msgs/msg/detail/point2_d__type_support.cpp
[0.221s] -- Up-to-date: /home/upsurge/tt_package/install/yolo_msgs/include/yolo_msgs/yolo_msgs/msg/detail/vector2__rosidl_typesupport_introspection_cpp.hpp
[0.221s] -- Up-to-date: /home/upsurge/tt_package/install/yolo_msgs/include/yolo_msgs/yolo_msgs/msg/detail/vector2__type_support.cpp
[0.221s] -- Up-to-date: /home/upsurge/tt_package/install/yolo_msgs/include/yolo_msgs/yolo_msgs/msg/detail/detection_array__type_support.cpp
[0.221s] -- Up-to-date: /home/upsurge/tt_package/install/yolo_msgs/include/yolo_msgs/yolo_msgs/msg/detail/pose2_d__type_support.cpp
[0.221s] -- Up-to-date: /home/upsurge/tt_package/install/yolo_msgs/include/yolo_msgs/yolo_msgs/msg/detail/mask__rosidl_typesupport_introspection_cpp.hpp
[0.221s] -- Up-to-date: /home/upsurge/tt_package/install/yolo_msgs/include/yolo_msgs/yolo_msgs/msg/detail/pose2_d__rosidl_typesupport_introspection_cpp.hpp
[0.221s] -- Up-to-date: /home/upsurge/tt_package/install/yolo_msgs/include/yolo_msgs/yolo_msgs/msg/detail/key_point2_d_array__type_support.cpp
[0.221s] -- Up-to-date: /home/upsurge/tt_package/install/yolo_msgs/include/yolo_msgs/yolo_msgs/msg/detail/key_point3_d__rosidl_typesupport_introspection_cpp.hpp
[0.221s] -- Up-to-date: /home/upsurge/tt_package/install/yolo_msgs/include/yolo_msgs/yolo_msgs/msg/detail/detection_array__rosidl_typesupport_introspection_cpp.hpp
[0.221s] -- Up-to-date: /home/upsurge/tt_package/install/yolo_msgs/include/yolo_msgs/yolo_msgs/msg/detail/detection__rosidl_typesupport_introspection_cpp.hpp
[0.221s] -- Up-to-date: /home/upsurge/tt_package/install/yolo_msgs/include/yolo_msgs/yolo_msgs/msg/detail/bounding_box3_d__type_support.cpp
[0.221s] -- Up-to-date: /home/upsurge/tt_package/install/yolo_msgs/include/yolo_msgs/yolo_msgs/msg/detail/bounding_box2_d__type_support.cpp
[0.221s] -- Up-to-date: /home/upsurge/tt_package/install/yolo_msgs/include/yolo_msgs/yolo_msgs/msg/detail/key_point3_d_array__rosidl_typesupport_introspection_cpp.hpp
[0.221s] -- Up-to-date: /home/upsurge/tt_package/install/yolo_msgs/include/yolo_msgs/yolo_msgs/msg/detail/bounding_box3_d__rosidl_typesupport_introspection_cpp.hpp
[0.221s] -- Up-to-date: /home/upsurge/tt_package/install/yolo_msgs/include/yolo_msgs/yolo_msgs/msg/detail/key_point3_d__type_support.cpp
[0.222s] -- Up-to-date: /home/upsurge/tt_package/install/yolo_msgs/include/yolo_msgs/yolo_msgs/msg/detail/mask__type_support.cpp
[0.222s] -- Up-to-date: /home/upsurge/tt_package/install/yolo_msgs/include/yolo_msgs/yolo_msgs/msg/detail/point2_d__rosidl_typesupport_introspection_cpp.hpp
[0.222s] -- Up-to-date: /home/upsurge/tt_package/install/yolo_msgs/include/yolo_msgs/yolo_msgs/srv
[0.222s] -- Up-to-date: /home/upsurge/tt_package/install/yolo_msgs/include/yolo_msgs/yolo_msgs/srv/detail
[0.222s] -- Up-to-date: /home/upsurge/tt_package/install/yolo_msgs/include/yolo_msgs/yolo_msgs/srv/detail/set_classes__rosidl_typesupport_introspection_cpp.hpp
[0.222s] -- Up-to-date: /home/upsurge/tt_package/install/yolo_msgs/include/yolo_msgs/yolo_msgs/srv/detail/set_classes__type_support.cpp
[0.222s] -- Up-to-date: /home/upsurge/tt_package/install/yolo_msgs/lib/libyolo_msgs__rosidl_typesupport_introspection_cpp.so
[0.222s] -- Up-to-date: /home/upsurge/tt_package/install/yolo_msgs/lib/libyolo_msgs__rosidl_typesupport_cpp.so
[0.222s] -- Up-to-date: /home/upsurge/tt_package/install/yolo_msgs/share/yolo_msgs/environment/pythonpath.sh
[0.222s] -- Up-to-date: /home/upsurge/tt_package/install/yolo_msgs/share/yolo_msgs/environment/pythonpath.dsv
[0.222s] -- Up-to-date: /home/upsurge/tt_package/install/yolo_msgs/local/lib/python3.10/dist-packages/yolo_msgs-4.1.0-py3.10.egg-info
[0.222s] -- Installing: /home/upsurge/tt_package/install/yolo_msgs/local/lib/python3.10/dist-packages/yolo_msgs-4.1.0-py3.10.egg-info/dependency_links.txt
[0.222s] -- Installing: /home/upsurge/tt_package/install/yolo_msgs/local/lib/python3.10/dist-packages/yolo_msgs-4.1.0-py3.10.egg-info/top_level.txt
[0.222s] -- Installing: /home/upsurge/tt_package/install/yolo_msgs/local/lib/python3.10/dist-packages/yolo_msgs-4.1.0-py3.10.egg-info/PKG-INFO
[0.222s] -- Installing: /home/upsurge/tt_package/install/yolo_msgs/local/lib/python3.10/dist-packages/yolo_msgs-4.1.0-py3.10.egg-info/SOURCES.txt
[0.222s] -- Up-to-date: /home/upsurge/tt_package/install/yolo_msgs/local/lib/python3.10/dist-packages/yolo_msgs
[0.222s] -- Up-to-date: /home/upsurge/tt_package/install/yolo_msgs/local/lib/python3.10/dist-packages/yolo_msgs/yolo_msgs_s__rosidl_typesupport_introspection_c.cpython-310-x86_64-linux-gnu.so
[0.222s] -- Up-to-date: /home/upsurge/tt_package/install/yolo_msgs/local/lib/python3.10/dist-packages/yolo_msgs/yolo_msgs_s__rosidl_typesupport_fastrtps_c.cpython-310-x86_64-linux-gnu.so
[0.222s] -- Up-to-date: /home/upsurge/tt_package/install/yolo_msgs/local/lib/python3.10/dist-packages/yolo_msgs/yolo_msgs_s__rosidl_typesupport_c.cpython-310-x86_64-linux-gnu.so
[0.222s] -- Up-to-date: /home/upsurge/tt_package/install/yolo_msgs/local/lib/python3.10/dist-packages/yolo_msgs/_yolo_msgs_s.ep.rosidl_typesupport_introspection_c.c
[0.222s] -- Up-to-date: /home/upsurge/tt_package/install/yolo_msgs/local/lib/python3.10/dist-packages/yolo_msgs/msg
[0.223s] -- Up-to-date: /home/upsurge/tt_package/install/yolo_msgs/local/lib/python3.10/dist-packages/yolo_msgs/msg/_key_point3_d.py
[0.223s] -- Up-to-date: /home/upsurge/tt_package/install/yolo_msgs/local/lib/python3.10/dist-packages/yolo_msgs/msg/_key_point2_d_s.c
[0.223s] -- Up-to-date: /home/upsurge/tt_package/install/yolo_msgs/local/lib/python3.10/dist-packages/yolo_msgs/msg/_vector2_s.c
[0.223s] -- Up-to-date: /home/upsurge/tt_package/install/yolo_msgs/local/lib/python3.10/dist-packages/yolo_msgs/msg/_point2_d_s.c
[0.223s] -- Up-to-date: /home/upsurge/tt_package/install/yolo_msgs/local/lib/python3.10/dist-packages/yolo_msgs/msg/_key_point3_d_s.c
[0.223s] -- Up-to-date: /home/upsurge/tt_package/install/yolo_msgs/local/lib/python3.10/dist-packages/yolo_msgs/msg/_key_point2_d.py
[0.223s] -- Up-to-date: /home/upsurge/tt_package/install/yolo_msgs/local/lib/python3.10/dist-packages/yolo_msgs/msg/_pose2_d.py
[0.223s] -- Up-to-date: /home/upsurge/tt_package/install/yolo_msgs/local/lib/python3.10/dist-packages/yolo_msgs/msg/_bounding_box3_d_s.c
[0.223s] -- Up-to-date: /home/upsurge/tt_package/install/yolo_msgs/local/lib/python3.10/dist-packages/yolo_msgs/msg/_key_point3_d_array_s.c
[0.223s] -- Up-to-date: /home/upsurge/tt_package/install/yolo_msgs/local/lib/python3.10/dist-packages/yolo_msgs/msg/_bounding_box2_d.py
[0.223s] -- Up-to-date: /home/upsurge/tt_package/install/yolo_msgs/local/lib/python3.10/dist-packages/yolo_msgs/msg/_pose2_d_s.c
[0.223s] -- Up-to-date: /home/upsurge/tt_package/install/yolo_msgs/local/lib/python3.10/dist-packages/yolo_msgs/msg/_bounding_box2_d_s.c
[0.223s] -- Up-to-date: /home/upsurge/tt_package/install/yolo_msgs/local/lib/python3.10/dist-packages/yolo_msgs/msg/_detection_s.c
[0.223s] -- Up-to-date: /home/upsurge/tt_package/install/yolo_msgs/local/lib/python3.10/dist-packages/yolo_msgs/msg/_mask_s.c
[0.223s] -- Up-to-date: /home/upsurge/tt_package/install/yolo_msgs/local/lib/python3.10/dist-packages/yolo_msgs/msg/_detection_array.py
[0.223s] -- Up-to-date: /home/upsurge/tt_package/install/yolo_msgs/local/lib/python3.10/dist-packages/yolo_msgs/msg/_key_point2_d_array.py
[0.223s] -- Up-to-date: /home/upsurge/tt_package/install/yolo_msgs/local/lib/python3.10/dist-packages/yolo_msgs/msg/_point2_d.py
[0.223s] -- Up-to-date: /home/upsurge/tt_package/install/yolo_msgs/local/lib/python3.10/dist-packages/yolo_msgs/msg/_vector2.py
[0.223s] -- Up-to-date: /home/upsurge/tt_package/install/yolo_msgs/local/lib/python3.10/dist-packages/yolo_msgs/msg/_detection_array_s.c
[0.223s] -- Up-to-date: /home/upsurge/tt_package/install/yolo_msgs/local/lib/python3.10/dist-packages/yolo_msgs/msg/_detection.py
[0.223s] -- Up-to-date: /home/upsurge/tt_package/install/yolo_msgs/local/lib/python3.10/dist-packages/yolo_msgs/msg/_key_point2_d_array_s.c
[0.224s] -- Up-to-date: /home/upsurge/tt_package/install/yolo_msgs/local/lib/python3.10/dist-packages/yolo_msgs/msg/_bounding_box3_d.py
[0.224s] -- Up-to-date: /home/upsurge/tt_package/install/yolo_msgs/local/lib/python3.10/dist-packages/yolo_msgs/msg/_key_point3_d_array.py
[0.224s] -- Up-to-date: /home/upsurge/tt_package/install/yolo_msgs/local/lib/python3.10/dist-packages/yolo_msgs/msg/_mask.py
[0.224s] -- Up-to-date: /home/upsurge/tt_package/install/yolo_msgs/local/lib/python3.10/dist-packages/yolo_msgs/msg/__init__.py
[0.224s] -- Up-to-date: /home/upsurge/tt_package/install/yolo_msgs/local/lib/python3.10/dist-packages/yolo_msgs/_yolo_msgs_s.ep.rosidl_typesupport_c.c
[0.224s] -- Up-to-date: /home/upsurge/tt_package/install/yolo_msgs/local/lib/python3.10/dist-packages/yolo_msgs/srv
[0.224s] -- Up-to-date: /home/upsurge/tt_package/install/yolo_msgs/local/lib/python3.10/dist-packages/yolo_msgs/srv/_set_classes.py
[0.224s] -- Up-to-date: /home/upsurge/tt_package/install/yolo_msgs/local/lib/python3.10/dist-packages/yolo_msgs/srv/__init__.py
[0.224s] -- Up-to-date: /home/upsurge/tt_package/install/yolo_msgs/local/lib/python3.10/dist-packages/yolo_msgs/srv/_set_classes_s.c
[0.224s] -- Up-to-date: /home/upsurge/tt_package/install/yolo_msgs/local/lib/python3.10/dist-packages/yolo_msgs/libyolo_msgs__rosidl_generator_py.so
[0.224s] -- Up-to-date: /home/upsurge/tt_package/install/yolo_msgs/local/lib/python3.10/dist-packages/yolo_msgs/_yolo_msgs_s.ep.rosidl_typesupport_fastrtps_c.c
[0.224s] -- Up-to-date: /home/upsurge/tt_package/install/yolo_msgs/local/lib/python3.10/dist-packages/yolo_msgs/__init__.py
[0.226s] Listing '/home/upsurge/tt_package/install/yolo_msgs/local/lib/python3.10/dist-packages/yolo_msgs'...
[0.226s] Listing '/home/upsurge/tt_package/install/yolo_msgs/local/lib/python3.10/dist-packages/yolo_msgs/msg'...
[0.226s] Listing '/home/upsurge/tt_package/install/yolo_msgs/local/lib/python3.10/dist-packages/yolo_msgs/srv'...
[0.228s] -- Up-to-date: /home/upsurge/tt_package/install/yolo_msgs/local/lib/python3.10/dist-packages/yolo_msgs/yolo_msgs_s__rosidl_typesupport_fastrtps_c.cpython-310-x86_64-linux-gnu.so
[0.229s] -- Up-to-date: /home/upsurge/tt_package/install/yolo_msgs/local/lib/python3.10/dist-packages/yolo_msgs/yolo_msgs_s__rosidl_typesupport_introspection_c.cpython-310-x86_64-linux-gnu.so
[0.229s] -- Up-to-date: /home/upsurge/tt_package/install/yolo_msgs/local/lib/python3.10/dist-packages/yolo_msgs/yolo_msgs_s__rosidl_typesupport_c.cpython-310-x86_64-linux-gnu.so
[0.229s] -- Up-to-date: /home/upsurge/tt_package/install/yolo_msgs/lib/libyolo_msgs__rosidl_generator_py.so
[0.229s] -- Up-to-date: /home/upsurge/tt_package/install/yolo_msgs/share/yolo_msgs/msg/Point2D.idl
[0.229s] -- Up-to-date: /home/upsurge/tt_package/install/yolo_msgs/share/yolo_msgs/msg/Vector2.idl
[0.229s] -- Up-to-date: /home/upsurge/tt_package/install/yolo_msgs/share/yolo_msgs/msg/Pose2D.idl
[0.229s] -- Up-to-date: /home/upsurge/tt_package/install/yolo_msgs/share/yolo_msgs/msg/BoundingBox2D.idl
[0.229s] -- Up-to-date: /home/upsurge/tt_package/install/yolo_msgs/share/yolo_msgs/msg/BoundingBox3D.idl
[0.229s] -- Up-to-date: /home/upsurge/tt_package/install/yolo_msgs/share/yolo_msgs/msg/Mask.idl
[0.229s] -- Up-to-date: /home/upsurge/tt_package/install/yolo_msgs/share/yolo_msgs/msg/KeyPoint2D.idl
[0.229s] -- Up-to-date: /home/upsurge/tt_package/install/yolo_msgs/share/yolo_msgs/msg/KeyPoint2DArray.idl
[0.229s] -- Up-to-date: /home/upsurge/tt_package/install/yolo_msgs/share/yolo_msgs/msg/KeyPoint3D.idl
[0.229s] -- Up-to-date: /home/upsurge/tt_package/install/yolo_msgs/share/yolo_msgs/msg/KeyPoint3DArray.idl
[0.229s] -- Up-to-date: /home/upsurge/tt_package/install/yolo_msgs/share/yolo_msgs/msg/Detection.idl
[0.229s] -- Up-to-date: /home/upsurge/tt_package/install/yolo_msgs/share/yolo_msgs/msg/DetectionArray.idl
[0.230s] -- Up-to-date: /home/upsurge/tt_package/install/yolo_msgs/share/yolo_msgs/srv/SetClasses.idl
[0.230s] -- Up-to-date: /home/upsurge/tt_package/install/yolo_msgs/share/yolo_msgs/msg/Point2D.msg
[0.230s] -- Up-to-date: /home/upsurge/tt_package/install/yolo_msgs/share/yolo_msgs/msg/Vector2.msg
[0.230s] -- Up-to-date: /home/upsurge/tt_package/install/yolo_msgs/share/yolo_msgs/msg/Pose2D.msg
[0.230s] -- Up-to-date: /home/upsurge/tt_package/install/yolo_msgs/share/yolo_msgs/msg/BoundingBox2D.msg
[0.230s] -- Up-to-date: /home/upsurge/tt_package/install/yolo_msgs/share/yolo_msgs/msg/BoundingBox3D.msg
[0.230s] -- Up-to-date: /home/upsurge/tt_package/install/yolo_msgs/share/yolo_msgs/msg/Mask.msg
[0.230s] -- Up-to-date: /home/upsurge/tt_package/install/yolo_msgs/share/yolo_msgs/msg/KeyPoint2D.msg
[0.230s] -- Up-to-date: /home/upsurge/tt_package/install/yolo_msgs/share/yolo_msgs/msg/KeyPoint2DArray.msg
[0.230s] -- Up-to-date: /home/upsurge/tt_package/install/yolo_msgs/share/yolo_msgs/msg/KeyPoint3D.msg
[0.230s] -- Up-to-date: /home/upsurge/tt_package/install/yolo_msgs/share/yolo_msgs/msg/KeyPoint3DArray.msg
[0.230s] -- Up-to-date: /home/upsurge/tt_package/install/yolo_msgs/share/yolo_msgs/msg/Detection.msg
[0.230s] -- Up-to-date: /home/upsurge/tt_package/install/yolo_msgs/share/yolo_msgs/msg/DetectionArray.msg
[0.230s] -- Up-to-date: /home/upsurge/tt_package/install/yolo_msgs/share/yolo_msgs/srv/SetClasses.srv
[0.230s] -- Up-to-date: /home/upsurge/tt_package/install/yolo_msgs/share/yolo_msgs/srv/SetClasses_Request.msg
[0.230s] -- Up-to-date: /home/upsurge/tt_package/install/yolo_msgs/share/yolo_msgs/srv/SetClasses_Response.msg
[0.230s] -- Up-to-date: /home/upsurge/tt_package/install/yolo_msgs/share/ament_index/resource_index/package_run_dependencies/yolo_msgs
[0.230s] -- Up-to-date: /home/upsurge/tt_package/install/yolo_msgs/share/ament_index/resource_index/parent_prefix_path/yolo_msgs
[0.230s] -- Up-to-date: /home/upsurge/tt_package/install/yolo_msgs/share/yolo_msgs/environment/ament_prefix_path.sh
[0.230s] -- Up-to-date: /home/upsurge/tt_package/install/yolo_msgs/share/yolo_msgs/environment/ament_prefix_path.dsv
[0.230s] -- Up-to-date: /home/upsurge/tt_package/install/yolo_msgs/share/yolo_msgs/environment/path.sh
[0.231s] -- Up-to-date: /home/upsurge/tt_package/install/yolo_msgs/share/yolo_msgs/environment/path.dsv
[0.231s] -- Up-to-date: /home/upsurge/tt_package/install/yolo_msgs/share/yolo_msgs/local_setup.bash
[0.231s] -- Up-to-date: /home/upsurge/tt_package/install/yolo_msgs/share/yolo_msgs/local_setup.sh
[0.231s] -- Up-to-date: /home/upsurge/tt_package/install/yolo_msgs/share/yolo_msgs/local_setup.zsh
[0.231s] -- Up-to-date: /home/upsurge/tt_package/install/yolo_msgs/share/yolo_msgs/local_setup.dsv
[0.231s] -- Installing: /home/upsurge/tt_package/install/yolo_msgs/share/yolo_msgs/package.dsv
[0.231s] -- Up-to-date: /home/upsurge/tt_package/install/yolo_msgs/share/ament_index/resource_index/packages/yolo_msgs
[0.231s] -- Up-to-date: /home/upsurge/tt_package/install/yolo_msgs/share/yolo_msgs/cmake/export_yolo_msgs__rosidl_generator_cExport.cmake
[0.231s] -- Up-to-date: /home/upsurge/tt_package/install/yolo_msgs/share/yolo_msgs/cmake/export_yolo_msgs__rosidl_generator_cExport-noconfig.cmake
[0.231s] -- Up-to-date: /home/upsurge/tt_package/install/yolo_msgs/share/yolo_msgs/cmake/export_yolo_msgs__rosidl_typesupport_fastrtps_cExport.cmake
[0.231s] -- Up-to-date: /home/upsurge/tt_package/install/yolo_msgs/share/yolo_msgs/cmake/export_yolo_msgs__rosidl_typesupport_fastrtps_cExport-noconfig.cmake
[0.231s] -- Up-to-date: /home/upsurge/tt_package/install/yolo_msgs/share/yolo_msgs/cmake/yolo_msgs__rosidl_typesupport_introspection_cExport.cmake
[0.231s] -- Up-to-date: /home/upsurge/tt_package/install/yolo_msgs/share/yolo_msgs/cmake/yolo_msgs__rosidl_typesupport_introspection_cExport-noconfig.cmake
[0.231s] -- Up-to-date: /home/upsurge/tt_package/install/yolo_msgs/share/yolo_msgs/cmake/yolo_msgs__rosidl_typesupport_cExport.cmake
[0.231s] -- Up-to-date: /home/upsurge/tt_package/install/yolo_msgs/share/yolo_msgs/cmake/yolo_msgs__rosidl_typesupport_cExport-noconfig.cmake
[0.231s] -- Up-to-date: /home/upsurge/tt_package/install/yolo_msgs/share/yolo_msgs/cmake/export_yolo_msgs__rosidl_generator_cppExport.cmake
[0.231s] -- Up-to-date: /home/upsurge/tt_package/install/yolo_msgs/share/yolo_msgs/cmake/export_yolo_msgs__rosidl_typesupport_fastrtps_cppExport.cmake
[0.231s] -- Up-to-date: /home/upsurge/tt_package/install/yolo_msgs/share/yolo_msgs/cmake/export_yolo_msgs__rosidl_typesupport_fastrtps_cppExport-noconfig.cmake
[0.231s] -- Up-to-date: /home/upsurge/tt_package/install/yolo_msgs/share/yolo_msgs/cmake/yolo_msgs__rosidl_typesupport_introspection_cppExport.cmake
[0.231s] -- Up-to-date: /home/upsurge/tt_package/install/yolo_msgs/share/yolo_msgs/cmake/yolo_msgs__rosidl_typesupport_introspection_cppExport-noconfig.cmake
[0.231s] -- Up-to-date: /home/upsurge/tt_package/install/yolo_msgs/share/yolo_msgs/cmake/yolo_msgs__rosidl_typesupport_cppExport.cmake
[0.232s] -- Up-to-date: /home/upsurge/tt_package/install/yolo_msgs/share/yolo_msgs/cmake/yolo_msgs__rosidl_typesupport_cppExport-noconfig.cmake
[0.232s] -- Up-to-date: /home/upsurge/tt_package/install/yolo_msgs/share/yolo_msgs/cmake/export_yolo_msgs__rosidl_generator_pyExport.cmake
[0.232s] -- Up-to-date: /home/upsurge/tt_package/install/yolo_msgs/share/yolo_msgs/cmake/export_yolo_msgs__rosidl_generator_pyExport-noconfig.cmake
[0.232s] -- Up-to-date: /home/upsurge/tt_package/install/yolo_msgs/share/yolo_msgs/cmake/rosidl_cmake-extras.cmake
[0.232s] -- Up-to-date: /home/upsurge/tt_package/install/yolo_msgs/share/yolo_msgs/cmake/ament_cmake_export_dependencies-extras.cmake
[0.232s] -- Up-to-date: /home/upsurge/tt_package/install/yolo_msgs/share/yolo_msgs/cmake/ament_cmake_export_include_directories-extras.cmake
[0.232s] -- Up-to-date: /home/upsurge/tt_package/install/yolo_msgs/share/yolo_msgs/cmake/ament_cmake_export_libraries-extras.cmake
[0.232s] -- Up-to-date: /home/upsurge/tt_package/install/yolo_msgs/share/yolo_msgs/cmake/ament_cmake_export_targets-extras.cmake
[0.232s] -- Up-to-date: /home/upsurge/tt_package/install/yolo_msgs/share/yolo_msgs/cmake/rosidl_cmake_export_typesupport_targets-extras.cmake
[0.232s] -- Up-to-date: /home/upsurge/tt_package/install/yolo_msgs/share/yolo_msgs/cmake/rosidl_cmake_export_typesupport_libraries-extras.cmake
[0.232s] -- Up-to-date: /home/upsurge/tt_package/install/yolo_msgs/share/yolo_msgs/cmake/yolo_msgsConfig.cmake
[0.232s] -- Up-to-date: /home/upsurge/tt_package/install/yolo_msgs/share/yolo_msgs/cmake/yolo_msgsConfig-version.cmake
[0.232s] -- Up-to-date: /home/upsurge/tt_package/install/yolo_msgs/share/yolo_msgs/package.xml
[0.240s] Invoked command in '/home/upsurge/tt_package/build/yolo_msgs' returned '0': CMAKE_PREFIX_PATH=/opt/ros/humble /usr/bin/cmake --install /home/upsurge/tt_package/build/yolo_msgs
