/home/upsurge/tt_package/install/ball_tracker/lib/python3.10/site-packages/ball_tracker/ros_inference_tracker_node.py
/home/upsurge/tt_package/install/ball_tracker/lib/python3.10/site-packages/ball_tracker/ball_tracker.py
/home/upsurge/tt_package/install/ball_tracker/lib/python3.10/site-packages/ball_tracker/ping_pong_detector.py
/home/upsurge/tt_package/install/ball_tracker/lib/python3.10/site-packages/ball_tracker/__init__.py
/home/upsurge/tt_package/install/ball_tracker/lib/python3.10/site-packages/ball_tracker/__pycache__/ros_inference_tracker_node.cpython-310.pyc
/home/upsurge/tt_package/install/ball_tracker/lib/python3.10/site-packages/ball_tracker/__pycache__/ball_tracker.cpython-310.pyc
/home/upsurge/tt_package/install/ball_tracker/lib/python3.10/site-packages/ball_tracker/__pycache__/ping_pong_detector.cpython-310.pyc
/home/upsurge/tt_package/install/ball_tracker/lib/python3.10/site-packages/ball_tracker/__pycache__/__init__.cpython-310.pyc
/home/upsurge/tt_package/install/ball_tracker/share/ament_index/resource_index/packages/ball_tracker
/home/upsurge/tt_package/install/ball_tracker/share/ball_tracker/package.xml
/home/upsurge/tt_package/install/ball_tracker/lib/python3.10/site-packages/ball_tracker-0.0.0-py3.10.egg-info/dependency_links.txt
/home/upsurge/tt_package/install/ball_tracker/lib/python3.10/site-packages/ball_tracker-0.0.0-py3.10.egg-info/top_level.txt
/home/upsurge/tt_package/install/ball_tracker/lib/python3.10/site-packages/ball_tracker-0.0.0-py3.10.egg-info/zip-safe
/home/upsurge/tt_package/install/ball_tracker/lib/python3.10/site-packages/ball_tracker-0.0.0-py3.10.egg-info/entry_points.txt
/home/upsurge/tt_package/install/ball_tracker/lib/python3.10/site-packages/ball_tracker-0.0.0-py3.10.egg-info/PKG-INFO
/home/upsurge/tt_package/install/ball_tracker/lib/python3.10/site-packages/ball_tracker-0.0.0-py3.10.egg-info/SOURCES.txt
/home/upsurge/tt_package/install/ball_tracker/lib/python3.10/site-packages/ball_tracker-0.0.0-py3.10.egg-info/requires.txt
/home/upsurge/tt_package/install/ball_tracker/lib/ball_tracker/ball_tracker
/home/upsurge/tt_package/install/ball_tracker/lib/ball_tracker/ping_pong_detector
/home/upsurge/tt_package/install/ball_tracker/lib/ball_tracker/ros_inference_tracker_node
