[35m[1mConsolidate compiler generated dependencies of target joint_state_converter_node[0m
[100%] Built target joint_state_converter_node
-- Install configuration: ""
-- Up-to-date: /home/upsurge/tt_package/install/tt_robot_new_moveit_config/share/tt_robot_new_moveit_config/launch
-- Up-to-date: /home/upsurge/tt_package/install/tt_robot_new_moveit_config/share/tt_robot_new_moveit_config/launch/setup_assistant.launch.py
-- Up-to-date: /home/upsurge/tt_package/install/tt_robot_new_moveit_config/share/tt_robot_new_moveit_config/launch/move_group.launch.py
-- Up-to-date: /home/upsurge/tt_package/install/tt_robot_new_moveit_config/share/tt_robot_new_moveit_config/launch/spawn_controllers.launch.py
-- Up-to-date: /home/upsurge/tt_package/install/tt_robot_new_moveit_config/share/tt_robot_new_moveit_config/launch/warehouse_db.launch.py
-- Up-to-date: /home/upsurge/tt_package/install/tt_robot_new_moveit_config/share/tt_robot_new_moveit_config/launch/demo.launch.py
-- Up-to-date: /home/upsurge/tt_package/install/tt_robot_new_moveit_config/share/tt_robot_new_moveit_config/launch/rsp.launch.py
-- Up-to-date: /home/upsurge/tt_package/install/tt_robot_new_moveit_config/share/tt_robot_new_moveit_config/launch/moveit_rviz.launch.py
-- Up-to-date: /home/upsurge/tt_package/install/tt_robot_new_moveit_config/share/tt_robot_new_moveit_config/launch/static_virtual_joint_tfs.launch.py
-- Up-to-date: /home/upsurge/tt_package/install/tt_robot_new_moveit_config/share/tt_robot_new_moveit_config/config
-- Up-to-date: /home/upsurge/tt_package/install/tt_robot_new_moveit_config/share/tt_robot_new_moveit_config/config/joint_limits.yaml
-- Up-to-date: /home/upsurge/tt_package/install/tt_robot_new_moveit_config/share/tt_robot_new_moveit_config/config/moveit.rviz
-- Up-to-date: /home/upsurge/tt_package/install/tt_robot_new_moveit_config/share/tt_robot_new_moveit_config/config/moveit_controllers.yaml
-- Up-to-date: /home/upsurge/tt_package/install/tt_robot_new_moveit_config/share/tt_robot_new_moveit_config/config/tt_robot_new.urdf.xacro
-- Up-to-date: /home/upsurge/tt_package/install/tt_robot_new_moveit_config/share/tt_robot_new_moveit_config/config/tt_robot_new.ros2_control.xacro
-- Up-to-date: /home/upsurge/tt_package/install/tt_robot_new_moveit_config/share/tt_robot_new_moveit_config/config/kinematics.yaml
-- Up-to-date: /home/upsurge/tt_package/install/tt_robot_new_moveit_config/share/tt_robot_new_moveit_config/config/sensors_3d.yaml
-- Up-to-date: /home/upsurge/tt_package/install/tt_robot_new_moveit_config/share/tt_robot_new_moveit_config/config/tt_robot_new.srdf
-- Up-to-date: /home/upsurge/tt_package/install/tt_robot_new_moveit_config/share/tt_robot_new_moveit_config/config/pilz_cartesian_limits.yaml
-- Up-to-date: /home/upsurge/tt_package/install/tt_robot_new_moveit_config/share/tt_robot_new_moveit_config/config/ros2_controllers.yaml
-- Up-to-date: /home/upsurge/tt_package/install/tt_robot_new_moveit_config/share/tt_robot_new_moveit_config/config/initial_positions.yaml
-- Up-to-date: /home/upsurge/tt_package/install/tt_robot_new_moveit_config/share/tt_robot_new_moveit_config/.setup_assistant
-- Up-to-date: /home/upsurge/tt_package/install/tt_robot_new_moveit_config/lib/tt_robot_new_moveit_config/joint_state_converter_node
-- Up-to-date: /home/upsurge/tt_package/install/tt_robot_new_moveit_config/share/ament_index/resource_index/package_run_dependencies/tt_robot_new_moveit_config
-- Up-to-date: /home/upsurge/tt_package/install/tt_robot_new_moveit_config/share/ament_index/resource_index/parent_prefix_path/tt_robot_new_moveit_config
-- Up-to-date: /home/upsurge/tt_package/install/tt_robot_new_moveit_config/share/tt_robot_new_moveit_config/environment/ament_prefix_path.sh
-- Up-to-date: /home/upsurge/tt_package/install/tt_robot_new_moveit_config/share/tt_robot_new_moveit_config/environment/ament_prefix_path.dsv
-- Up-to-date: /home/upsurge/tt_package/install/tt_robot_new_moveit_config/share/tt_robot_new_moveit_config/environment/path.sh
-- Up-to-date: /home/upsurge/tt_package/install/tt_robot_new_moveit_config/share/tt_robot_new_moveit_config/environment/path.dsv
-- Up-to-date: /home/upsurge/tt_package/install/tt_robot_new_moveit_config/share/tt_robot_new_moveit_config/local_setup.bash
-- Up-to-date: /home/upsurge/tt_package/install/tt_robot_new_moveit_config/share/tt_robot_new_moveit_config/local_setup.sh
-- Up-to-date: /home/upsurge/tt_package/install/tt_robot_new_moveit_config/share/tt_robot_new_moveit_config/local_setup.zsh
-- Up-to-date: /home/upsurge/tt_package/install/tt_robot_new_moveit_config/share/tt_robot_new_moveit_config/local_setup.dsv
-- Installing: /home/upsurge/tt_package/install/tt_robot_new_moveit_config/share/tt_robot_new_moveit_config/package.dsv
-- Up-to-date: /home/upsurge/tt_package/install/tt_robot_new_moveit_config/share/ament_index/resource_index/packages/tt_robot_new_moveit_config
-- Up-to-date: /home/upsurge/tt_package/install/tt_robot_new_moveit_config/share/tt_robot_new_moveit_config/cmake/tt_robot_new_moveit_configConfig.cmake
-- Up-to-date: /home/upsurge/tt_package/install/tt_robot_new_moveit_config/share/tt_robot_new_moveit_config/cmake/tt_robot_new_moveit_configConfig-version.cmake
-- Up-to-date: /home/upsurge/tt_package/install/tt_robot_new_moveit_config/share/tt_robot_new_moveit_config/package.xml
