[0.003s] Invoking command in '/home/upsurge/tt_package/build/tt_robot_new_moveit_config': AMENT_PREFIX_PATH=/home/upsurge/tt_package/install/tt_robot_new:${AMENT_PREFIX_PATH} CMAKE_PREFIX_PATH=/home/upsurge/tt_package/install/tt_robot_new:/opt/ros/humble /usr/bin/cmake --build /home/upsurge/tt_package/build/tt_robot_new_moveit_config -- -j32 -l32
[0.025s] [35m[1mConsolidate compiler generated dependencies of target joint_state_converter_node[0m
[0.035s] [100%] Built target joint_state_converter_node
[0.041s] Invoked command in '/home/upsurge/tt_package/build/tt_robot_new_moveit_config' returned '0': AMENT_PREFIX_PATH=/home/upsurge/tt_package/install/tt_robot_new:${AMENT_PREFIX_PATH} CMAKE_PREFIX_PATH=/home/upsurge/tt_package/install/tt_robot_new:/opt/ros/humble /usr/bin/cmake --build /home/upsurge/tt_package/build/tt_robot_new_moveit_config -- -j32 -l32
[0.042s] Invoking command in '/home/upsurge/tt_package/build/tt_robot_new_moveit_config': AMENT_PREFIX_PATH=/home/upsurge/tt_package/install/tt_robot_new:${AMENT_PREFIX_PATH} CMAKE_PREFIX_PATH=/home/upsurge/tt_package/install/tt_robot_new:/opt/ros/humble /usr/bin/cmake --install /home/upsurge/tt_package/build/tt_robot_new_moveit_config
[0.047s] -- Install configuration: ""
[0.047s] -- Up-to-date: /home/upsurge/tt_package/install/tt_robot_new_moveit_config/share/tt_robot_new_moveit_config/launch
[0.047s] -- Up-to-date: /home/upsurge/tt_package/install/tt_robot_new_moveit_config/share/tt_robot_new_moveit_config/launch/setup_assistant.launch.py
[0.047s] -- Up-to-date: /home/upsurge/tt_package/install/tt_robot_new_moveit_config/share/tt_robot_new_moveit_config/launch/move_group.launch.py
[0.047s] -- Up-to-date: /home/upsurge/tt_package/install/tt_robot_new_moveit_config/share/tt_robot_new_moveit_config/launch/spawn_controllers.launch.py
[0.047s] -- Up-to-date: /home/upsurge/tt_package/install/tt_robot_new_moveit_config/share/tt_robot_new_moveit_config/launch/warehouse_db.launch.py
[0.047s] -- Up-to-date: /home/upsurge/tt_package/install/tt_robot_new_moveit_config/share/tt_robot_new_moveit_config/launch/demo.launch.py
[0.048s] -- Up-to-date: /home/upsurge/tt_package/install/tt_robot_new_moveit_config/share/tt_robot_new_moveit_config/launch/rsp.launch.py
[0.048s] -- Up-to-date: /home/upsurge/tt_package/install/tt_robot_new_moveit_config/share/tt_robot_new_moveit_config/launch/moveit_rviz.launch.py
[0.048s] -- Up-to-date: /home/upsurge/tt_package/install/tt_robot_new_moveit_config/share/tt_robot_new_moveit_config/launch/static_virtual_joint_tfs.launch.py
[0.048s] -- Up-to-date: /home/upsurge/tt_package/install/tt_robot_new_moveit_config/share/tt_robot_new_moveit_config/config
[0.048s] -- Up-to-date: /home/upsurge/tt_package/install/tt_robot_new_moveit_config/share/tt_robot_new_moveit_config/config/joint_limits.yaml
[0.048s] -- Up-to-date: /home/upsurge/tt_package/install/tt_robot_new_moveit_config/share/tt_robot_new_moveit_config/config/moveit.rviz
[0.048s] -- Up-to-date: /home/upsurge/tt_package/install/tt_robot_new_moveit_config/share/tt_robot_new_moveit_config/config/moveit_controllers.yaml
[0.048s] -- Up-to-date: /home/upsurge/tt_package/install/tt_robot_new_moveit_config/share/tt_robot_new_moveit_config/config/tt_robot_new.urdf.xacro
[0.048s] -- Up-to-date: /home/upsurge/tt_package/install/tt_robot_new_moveit_config/share/tt_robot_new_moveit_config/config/tt_robot_new.ros2_control.xacro
[0.048s] -- Up-to-date: /home/upsurge/tt_package/install/tt_robot_new_moveit_config/share/tt_robot_new_moveit_config/config/kinematics.yaml
[0.048s] -- Up-to-date: /home/upsurge/tt_package/install/tt_robot_new_moveit_config/share/tt_robot_new_moveit_config/config/sensors_3d.yaml
[0.048s] -- Up-to-date: /home/upsurge/tt_package/install/tt_robot_new_moveit_config/share/tt_robot_new_moveit_config/config/tt_robot_new.srdf
[0.048s] -- Up-to-date: /home/upsurge/tt_package/install/tt_robot_new_moveit_config/share/tt_robot_new_moveit_config/config/pilz_cartesian_limits.yaml
[0.048s] -- Up-to-date: /home/upsurge/tt_package/install/tt_robot_new_moveit_config/share/tt_robot_new_moveit_config/config/ros2_controllers.yaml
[0.048s] -- Up-to-date: /home/upsurge/tt_package/install/tt_robot_new_moveit_config/share/tt_robot_new_moveit_config/config/initial_positions.yaml
[0.048s] -- Up-to-date: /home/upsurge/tt_package/install/tt_robot_new_moveit_config/share/tt_robot_new_moveit_config/.setup_assistant
[0.049s] -- Up-to-date: /home/upsurge/tt_package/install/tt_robot_new_moveit_config/lib/tt_robot_new_moveit_config/joint_state_converter_node
[0.049s] -- Up-to-date: /home/upsurge/tt_package/install/tt_robot_new_moveit_config/share/ament_index/resource_index/package_run_dependencies/tt_robot_new_moveit_config
[0.049s] -- Up-to-date: /home/upsurge/tt_package/install/tt_robot_new_moveit_config/share/ament_index/resource_index/parent_prefix_path/tt_robot_new_moveit_config
[0.049s] -- Up-to-date: /home/upsurge/tt_package/install/tt_robot_new_moveit_config/share/tt_robot_new_moveit_config/environment/ament_prefix_path.sh
[0.049s] -- Up-to-date: /home/upsurge/tt_package/install/tt_robot_new_moveit_config/share/tt_robot_new_moveit_config/environment/ament_prefix_path.dsv
[0.049s] -- Up-to-date: /home/upsurge/tt_package/install/tt_robot_new_moveit_config/share/tt_robot_new_moveit_config/environment/path.sh
[0.049s] -- Up-to-date: /home/upsurge/tt_package/install/tt_robot_new_moveit_config/share/tt_robot_new_moveit_config/environment/path.dsv
[0.049s] -- Up-to-date: /home/upsurge/tt_package/install/tt_robot_new_moveit_config/share/tt_robot_new_moveit_config/local_setup.bash
[0.049s] -- Up-to-date: /home/upsurge/tt_package/install/tt_robot_new_moveit_config/share/tt_robot_new_moveit_config/local_setup.sh
[0.049s] -- Up-to-date: /home/upsurge/tt_package/install/tt_robot_new_moveit_config/share/tt_robot_new_moveit_config/local_setup.zsh
[0.049s] -- Up-to-date: /home/upsurge/tt_package/install/tt_robot_new_moveit_config/share/tt_robot_new_moveit_config/local_setup.dsv
[0.049s] -- Installing: /home/upsurge/tt_package/install/tt_robot_new_moveit_config/share/tt_robot_new_moveit_config/package.dsv
[0.049s] -- Up-to-date: /home/upsurge/tt_package/install/tt_robot_new_moveit_config/share/ament_index/resource_index/packages/tt_robot_new_moveit_config
[0.049s] -- Up-to-date: /home/upsurge/tt_package/install/tt_robot_new_moveit_config/share/tt_robot_new_moveit_config/cmake/tt_robot_new_moveit_configConfig.cmake
[0.049s] -- Up-to-date: /home/upsurge/tt_package/install/tt_robot_new_moveit_config/share/tt_robot_new_moveit_config/cmake/tt_robot_new_moveit_configConfig-version.cmake
[0.049s] -- Up-to-date: /home/upsurge/tt_package/install/tt_robot_new_moveit_config/share/tt_robot_new_moveit_config/package.xml
[0.051s] Invoked command in '/home/upsurge/tt_package/build/tt_robot_new_moveit_config' returned '0': AMENT_PREFIX_PATH=/home/upsurge/tt_package/install/tt_robot_new:${AMENT_PREFIX_PATH} CMAKE_PREFIX_PATH=/home/upsurge/tt_package/install/tt_robot_new:/opt/ros/humble /usr/bin/cmake --install /home/upsurge/tt_package/build/tt_robot_new_moveit_config
